mode: set
github.com/ljluestc/orchestrator/pkg/app/aggregator.go:46.34,54.2 1 1
github.com/ljluestc/orchestrator/pkg/app/aggregator.go:57.62,78.28 7 1
github.com/ljluestc/orchestrator/pkg/app/aggregator.go:78.28,86.3 7 1
github.com/ljluestc/orchestrator/pkg/app/aggregator.go:89.2,89.69 1 1
github.com/ljluestc/orchestrator/pkg/app/aggregator.go:89.69,90.58 1 1
github.com/ljluestc/orchestrator/pkg/app/aggregator.go:90.58,106.30 3 1
github.com/ljluestc/orchestrator/pkg/app/aggregator.go:106.30,111.5 4 1
github.com/ljluestc/orchestrator/pkg/app/aggregator.go:114.4,119.5 2 1
github.com/ljluestc/orchestrator/pkg/app/aggregator.go:124.2,124.74 1 1
github.com/ljluestc/orchestrator/pkg/app/aggregator.go:124.74,125.58 1 1
github.com/ljluestc/orchestrator/pkg/app/aggregator.go:125.58,130.28 3 1
github.com/ljluestc/orchestrator/pkg/app/aggregator.go:130.28,132.87 1 1
github.com/ljluestc/orchestrator/pkg/app/aggregator.go:132.87,134.6 1 1
github.com/ljluestc/orchestrator/pkg/app/aggregator.go:137.4,161.5 3 1
github.com/ljluestc/orchestrator/pkg/app/aggregator.go:166.2,166.72 1 1
github.com/ljluestc/orchestrator/pkg/app/aggregator.go:166.72,169.55 2 1
github.com/ljluestc/orchestrator/pkg/app/aggregator.go:169.55,182.57 5 1
github.com/ljluestc/orchestrator/pkg/app/aggregator.go:182.57,184.5 1 0
github.com/ljluestc/orchestrator/pkg/app/aggregator.go:184.10,200.5 1 1
github.com/ljluestc/orchestrator/pkg/app/aggregator.go:204.2,204.35 1 1
github.com/ljluestc/orchestrator/pkg/app/aggregator.go:208.50,217.37 6 1
github.com/ljluestc/orchestrator/pkg/app/aggregator.go:217.37,220.34 2 1
github.com/ljluestc/orchestrator/pkg/app/aggregator.go:220.34,222.4 1 1
github.com/ljluestc/orchestrator/pkg/app/aggregator.go:224.3,230.4 1 1
github.com/ljluestc/orchestrator/pkg/app/aggregator.go:233.2,234.37 2 1
github.com/ljluestc/orchestrator/pkg/app/aggregator.go:234.37,237.24 2 1
github.com/ljluestc/orchestrator/pkg/app/aggregator.go:237.24,239.35 2 1
github.com/ljluestc/orchestrator/pkg/app/aggregator.go:239.35,241.5 1 1
github.com/ljluestc/orchestrator/pkg/app/aggregator.go:244.3,251.4 1 1
github.com/ljluestc/orchestrator/pkg/app/aggregator.go:254.2,258.3 1 1
github.com/ljluestc/orchestrator/pkg/app/aggregator.go:262.70,270.40 6 1
github.com/ljluestc/orchestrator/pkg/app/aggregator.go:270.40,271.28 1 1
github.com/ljluestc/orchestrator/pkg/app/aggregator.go:271.28,273.4 1 1
github.com/ljluestc/orchestrator/pkg/app/aggregator.go:276.2,276.14 1 1
github.com/ljluestc/orchestrator/pkg/app/aggregator.go:280.63,288.2 5 1
github.com/ljluestc/orchestrator/pkg/app/aggregator.go:291.60,301.45 7 1
github.com/ljluestc/orchestrator/pkg/app/aggregator.go:301.45,302.66 1 1
github.com/ljluestc/orchestrator/pkg/app/aggregator.go:302.66,303.32 1 1
github.com/ljluestc/orchestrator/pkg/app/aggregator.go:303.32,305.5 1 1
github.com/ljluestc/orchestrator/pkg/app/aggregator.go:310.2,310.36 1 1
github.com/ljluestc/orchestrator/pkg/app/aggregator.go:310.36,315.46 3 1
github.com/ljluestc/orchestrator/pkg/app/aggregator.go:315.46,316.54 1 0
github.com/ljluestc/orchestrator/pkg/app/aggregator.go:316.54,318.5 1 0
github.com/ljluestc/orchestrator/pkg/app/aggregator.go:321.3,321.40 1 1
github.com/ljluestc/orchestrator/pkg/app/aggregator.go:321.40,323.4 1 0
github.com/ljluestc/orchestrator/pkg/app/aggregator.go:328.56,336.40 6 1
github.com/ljluestc/orchestrator/pkg/app/aggregator.go:336.40,338.3 1 1
github.com/ljluestc/orchestrator/pkg/app/aggregator.go:340.2,341.40 2 1
github.com/ljluestc/orchestrator/pkg/app/aggregator.go:341.40,343.3 1 1
github.com/ljluestc/orchestrator/pkg/app/aggregator.go:345.2,351.3 1 1
github.com/ljluestc/orchestrator/pkg/app/aggregator.go:355.57,357.40 1 1
github.com/ljluestc/orchestrator/pkg/app/aggregator.go:357.40,359.30 2 1
github.com/ljluestc/orchestrator/pkg/app/aggregator.go:359.30,360.42 1 1
github.com/ljluestc/orchestrator/pkg/app/aggregator.go:360.42,364.22 3 1
github.com/ljluestc/orchestrator/pkg/app/aggregator.go:364.22,366.6 1 1
github.com/ljluestc/orchestrator/pkg/app/aggregator.go:367.10,367.62 1 1
github.com/ljluestc/orchestrator/pkg/app/aggregator.go:367.62,370.5 1 1
github.com/ljluestc/orchestrator/pkg/app/aggregator.go:373.2,373.11 1 1
github.com/ljluestc/orchestrator/pkg/app/app.go:43.39,51.44 1 1
github.com/ljluestc/orchestrator/pkg/app/app.go:51.44,53.5 1 1
github.com/ljluestc/orchestrator/pkg/app/app.go:64.2,74.12 3 1
github.com/ljluestc/orchestrator/pkg/app/app.go:78.29,95.2 13 1
github.com/ljluestc/orchestrator/pkg/app/app.go:98.48,108.12 4 1
github.com/ljluestc/orchestrator/pkg/app/app.go:108.12,109.82 1 1
github.com/ljluestc/orchestrator/pkg/app/app.go:109.82,111.4 1 0
github.com/ljluestc/orchestrator/pkg/app/app.go:114.2,119.39 4 1
github.com/ljluestc/orchestrator/pkg/app/app.go:123.68,125.64 2 1
github.com/ljluestc/orchestrator/pkg/app/app.go:125.64,128.3 2 1
github.com/ljluestc/orchestrator/pkg/app/app.go:130.2,134.92 4 1
github.com/ljluestc/orchestrator/pkg/app/app.go:134.92,135.31 1 1
github.com/ljluestc/orchestrator/pkg/app/app.go:135.31,137.4 1 1
github.com/ljluestc/orchestrator/pkg/app/app.go:138.3,138.11 1 1
github.com/ljluestc/orchestrator/pkg/app/app.go:141.2,142.68 2 1
github.com/ljluestc/orchestrator/pkg/app/app.go:146.73,148.16 2 1
github.com/ljluestc/orchestrator/pkg/app/app.go:148.16,150.3 1 1
github.com/ljluestc/orchestrator/pkg/app/app.go:152.2,157.37 5 1
github.com/ljluestc/orchestrator/pkg/app/app.go:161.71,163.16 2 1
github.com/ljluestc/orchestrator/pkg/app/app.go:163.16,166.3 2 0
github.com/ljluestc/orchestrator/pkg/app/app.go:168.2,179.49 8 1
github.com/ljluestc/orchestrator/pkg/app/app.go:179.49,181.3 1 0
github.com/ljluestc/orchestrator/pkg/app/app.go:184.2,184.12 1 1
github.com/ljluestc/orchestrator/pkg/app/app.go:184.12,185.16 1 1
github.com/ljluestc/orchestrator/pkg/app/app.go:185.16,190.4 4 1
github.com/ljluestc/orchestrator/pkg/app/app.go:192.3,192.7 1 1
github.com/ljluestc/orchestrator/pkg/app/app.go:192.7,193.51 1 1
github.com/ljluestc/orchestrator/pkg/app/app.go:193.51,194.10 1 1
github.com/ljluestc/orchestrator/pkg/app/app.go:201.76,206.35 4 1
github.com/ljluestc/orchestrator/pkg/app/app.go:206.35,208.3 1 1
github.com/ljluestc/orchestrator/pkg/app/app.go:210.2,211.39 2 1
github.com/ljluestc/orchestrator/pkg/app/app.go:215.75,228.2 5 1
github.com/ljluestc/orchestrator/pkg/app/app.go:231.76,244.2 5 1
github.com/ljluestc/orchestrator/pkg/app/app.go:247.78,260.2 5 1
github.com/ljluestc/orchestrator/pkg/app/app.go:263.75,272.2 5 1
github.com/ljluestc/orchestrator/pkg/app/app.go:275.75,282.61 4 1
github.com/ljluestc/orchestrator/pkg/app/app.go:282.61,285.3 2 1
github.com/ljluestc/orchestrator/pkg/app/app.go:287.2,296.4 3 1
github.com/ljluestc/orchestrator/pkg/app/app.go:300.68,302.17 2 1
github.com/ljluestc/orchestrator/pkg/app/app.go:302.17,305.3 2 1
github.com/ljluestc/orchestrator/pkg/app/app.go:308.2,314.4 3 1
github.com/ljluestc/orchestrator/pkg/app/app.go:318.68,330.2 5 1
github.com/ljluestc/orchestrator/pkg/app/app.go:333.69,337.35 4 1
github.com/ljluestc/orchestrator/pkg/app/app.go:337.35,339.3 1 1
github.com/ljluestc/orchestrator/pkg/app/app.go:340.2,348.72 7 1
github.com/ljluestc/orchestrator/pkg/app/app.go:352.54,356.6 3 1
github.com/ljluestc/orchestrator/pkg/app/app.go:356.6,357.10 1 1
github.com/ljluestc/orchestrator/pkg/app/app.go:358.21,359.10 1 1
github.com/ljluestc/orchestrator/pkg/app/app.go:360.19,361.22 1 0
github.com/ljluestc/orchestrator/pkg/app/app.go:367.32,381.35 4 1
github.com/ljluestc/orchestrator/pkg/app/app.go:381.35,382.29 1 1
github.com/ljluestc/orchestrator/pkg/app/app.go:382.29,384.4 1 1
github.com/ljluestc/orchestrator/pkg/app/app.go:385.3,385.31 1 1
github.com/ljluestc/orchestrator/pkg/app/app.go:385.31,386.48 1 1
github.com/ljluestc/orchestrator/pkg/app/app.go:386.48,388.5 1 1
github.com/ljluestc/orchestrator/pkg/app/app.go:390.3,390.34 1 1
github.com/ljluestc/orchestrator/pkg/app/app.go:390.34,391.50 1 1
github.com/ljluestc/orchestrator/pkg/app/app.go:391.50,393.5 1 1
github.com/ljluestc/orchestrator/pkg/app/app.go:395.3,395.32 1 1
github.com/ljluestc/orchestrator/pkg/app/app.go:395.32,397.4 1 1
github.com/ljluestc/orchestrator/pkg/app/app.go:400.2,400.23 1 1
github.com/ljluestc/orchestrator/pkg/app/app.go:404.53,408.6 3 1
github.com/ljluestc/orchestrator/pkg/app/app.go:408.6,409.10 1 1
github.com/ljluestc/orchestrator/pkg/app/app.go:410.21,411.10 1 1
github.com/ljluestc/orchestrator/pkg/app/app.go:412.19,413.25 1 0
github.com/ljluestc/orchestrator/pkg/app/app.go:419.35,427.34 6 1
github.com/ljluestc/orchestrator/pkg/app/app.go:427.34,428.50 1 0
github.com/ljluestc/orchestrator/pkg/app/app.go:428.50,430.4 1 0
github.com/ljluestc/orchestrator/pkg/app/app.go:435.56,439.2 1 1
github.com/ljluestc/orchestrator/pkg/app/handlers.go:17.42,21.3 1 0
github.com/ljluestc/orchestrator/pkg/app/handlers.go:30.44,34.2 1 1
github.com/ljluestc/orchestrator/pkg/app/handlers.go:37.52,44.2 4 1
github.com/ljluestc/orchestrator/pkg/app/handlers.go:44.2,49.3 4 1
github.com/ljluestc/orchestrator/pkg/app/handlers.go:52.2,56.2 3 1
github.com/ljluestc/orchestrator/pkg/app/handlers.go:56.2,61.3 4 1
github.com/ljluestc/orchestrator/pkg/app/handlers.go:64.2,64.46 1 1
github.com/ljluestc/orchestrator/pkg/app/handlers.go:68.48,73.2 1 1
github.com/ljluestc/orchestrator/pkg/app/handlers.go:76.41,81.2 1 1
github.com/ljluestc/orchestrator/pkg/app/handlers.go:84.50,92.47 2 1
github.com/ljluestc/orchestrator/pkg/app/handlers.go:92.47,95.3 2 1
github.com/ljluestc/orchestrator/pkg/app/handlers.go:98.2,113.4 5 1
github.com/ljluestc/orchestrator/pkg/app/handlers.go:117.46,121.55 3 1
github.com/ljluestc/orchestrator/pkg/app/handlers.go:121.55,123.3 1 1
github.com/ljluestc/orchestrator/pkg/app/handlers.go:124.2,129.4 2 1
github.com/ljluestc/orchestrator/pkg/app/handlers.go:133.51,147.2 4 1
github.com/ljluestc/orchestrator/pkg/app/handlers.go:150.47,153.40 3 1
github.com/ljluestc/orchestrator/pkg/app/handlers.go:153.40,155.3 1 1
github.com/ljluestc/orchestrator/pkg/app/handlers.go:156.2,161.4 2 1
github.com/ljluestc/orchestrator/pkg/app/handlers.go:165.49,168.50 2 1
github.com/ljluestc/orchestrator/pkg/app/handlers.go:168.50,171.3 2 0
github.com/ljluestc/orchestrator/pkg/app/handlers.go:174.2,174.26 1 1
github.com/ljluestc/orchestrator/pkg/app/handlers.go:174.26,177.3 2 1
github.com/ljluestc/orchestrator/pkg/app/handlers.go:180.2,181.62 2 1
github.com/ljluestc/orchestrator/pkg/app/handlers.go:181.62,184.3 2 1
github.com/ljluestc/orchestrator/pkg/app/handlers.go:185.2,201.4 6 1
github.com/ljluestc/orchestrator/pkg/app/handlers.go:205.48,212.2 2 1
github.com/ljluestc/orchestrator/pkg/app/handlers.go:215.52,219.19 3 1
github.com/ljluestc/orchestrator/pkg/app/handlers.go:219.19,222.3 2 1
github.com/ljluestc/orchestrator/pkg/app/handlers.go:224.2,227.4 1 1
github.com/ljluestc/orchestrator/pkg/app/handlers.go:231.50,237.16 4 1
github.com/ljluestc/orchestrator/pkg/app/handlers.go:237.16,240.3 2 1
github.com/ljluestc/orchestrator/pkg/app/handlers.go:242.2,249.4 2 1
github.com/ljluestc/orchestrator/pkg/app/handlers.go:253.45,267.2 5 1
github.com/ljluestc/orchestrator/pkg/app/handlers.go:270.53,273.16 2 0
github.com/ljluestc/orchestrator/pkg/app/handlers.go:273.16,276.3 2 0
github.com/ljluestc/orchestrator/pkg/app/handlers.go:279.2,290.49 6 0
github.com/ljluestc/orchestrator/pkg/app/server.go:52.45,54.23 1 1
github.com/ljluestc/orchestrator/pkg/app/server.go:54.23,56.3 1 1
github.com/ljluestc/orchestrator/pkg/app/server.go:57.2,57.22 1 1
github.com/ljluestc/orchestrator/pkg/app/server.go:57.22,59.3 1 1
github.com/ljluestc/orchestrator/pkg/app/server.go:60.2,60.28 1 1
github.com/ljluestc/orchestrator/pkg/app/server.go:60.28,62.3 1 1
github.com/ljluestc/orchestrator/pkg/app/server.go:63.2,63.33 1 1
github.com/ljluestc/orchestrator/pkg/app/server.go:63.33,65.3 1 1
github.com/ljluestc/orchestrator/pkg/app/server.go:66.2,66.36 1 1
github.com/ljluestc/orchestrator/pkg/app/server.go:66.36,68.3 1 1
github.com/ljluestc/orchestrator/pkg/app/server.go:71.2,95.15 9 1
github.com/ljluestc/orchestrator/pkg/app/server.go:99.51,101.15 2 1
github.com/ljluestc/orchestrator/pkg/app/server.go:101.15,104.3 2 0
github.com/ljluestc/orchestrator/pkg/app/server.go:105.2,112.12 5 1
github.com/ljluestc/orchestrator/pkg/app/server.go:112.12,115.3 2 1
github.com/ljluestc/orchestrator/pkg/app/server.go:118.2,129.12 5 1
github.com/ljluestc/orchestrator/pkg/app/server.go:129.12,131.86 2 1
github.com/ljluestc/orchestrator/pkg/app/server.go:131.86,133.4 1 1
github.com/ljluestc/orchestrator/pkg/app/server.go:136.2,141.12 5 1
github.com/ljluestc/orchestrator/pkg/app/server.go:145.31,147.16 2 1
github.com/ljluestc/orchestrator/pkg/app/server.go:147.16,150.3 2 0
github.com/ljluestc/orchestrator/pkg/app/server.go:151.2,163.25 6 1
github.com/ljluestc/orchestrator/pkg/app/server.go:163.25,166.52 3 1
github.com/ljluestc/orchestrator/pkg/app/server.go:166.52,168.4 1 0
github.com/ljluestc/orchestrator/pkg/app/server.go:172.2,176.12 3 1
github.com/ljluestc/orchestrator/pkg/app/server.go:176.12,179.3 2 1
github.com/ljluestc/orchestrator/pkg/app/server.go:181.2,181.9 1 1
github.com/ljluestc/orchestrator/pkg/app/server.go:182.14,182.14 0 1
github.com/ljluestc/orchestrator/pkg/app/server.go:184.37,185.64 1 0
github.com/ljluestc/orchestrator/pkg/app/server.go:188.2,190.12 2 1
github.com/ljluestc/orchestrator/pkg/app/server.go:194.32,200.6 4 1
github.com/ljluestc/orchestrator/pkg/app/server.go:200.6,201.10 1 1
github.com/ljluestc/orchestrator/pkg/app/server.go:202.19,203.15 1 0
github.com/ljluestc/orchestrator/pkg/app/server.go:204.19,205.10 1 1
github.com/ljluestc/orchestrator/pkg/app/server.go:211.28,222.39 6 1
github.com/ljluestc/orchestrator/pkg/app/server.go:222.39,223.36 1 0
github.com/ljluestc/orchestrator/pkg/app/server.go:223.36,225.4 1 0
github.com/ljluestc/orchestrator/pkg/app/server.go:228.2,228.38 1 1
github.com/ljluestc/orchestrator/pkg/app/server.go:228.38,231.3 2 0
github.com/ljluestc/orchestrator/pkg/app/server.go:232.2,234.76 2 1
github.com/ljluestc/orchestrator/pkg/app/server.go:238.35,242.2 3 1
github.com/ljluestc/orchestrator/pkg/app/server.go:245.43,247.2 1 1
github.com/ljluestc/orchestrator/pkg/app/server.go:250.52,262.2 4 1
github.com/ljluestc/orchestrator/pkg/app/server.go:265.39,266.30 1 1
github.com/ljluestc/orchestrator/pkg/app/server.go:266.30,272.36 5 1
github.com/ljluestc/orchestrator/pkg/app/server.go:272.36,275.4 2 0
github.com/ljluestc/orchestrator/pkg/app/server.go:277.3,277.11 1 1
github.com/ljluestc/orchestrator/pkg/app/websocket.go:39.24,47.2 1 1
github.com/ljluestc/orchestrator/pkg/app/websocket.go:50.23,51.6 1 1
github.com/ljluestc/orchestrator/pkg/app/websocket.go:51.6,52.10 1 1
github.com/ljluestc/orchestrator/pkg/app/websocket.go:53.31,57.88 4 1
github.com/ljluestc/orchestrator/pkg/app/websocket.go:59.33,61.38 2 1
github.com/ljluestc/orchestrator/pkg/app/websocket.go:61.38,65.5 3 1
github.com/ljluestc/orchestrator/pkg/app/websocket.go:66.4,66.17 1 1
github.com/ljluestc/orchestrator/pkg/app/websocket.go:68.33,70.34 2 1
github.com/ljluestc/orchestrator/pkg/app/websocket.go:70.34,71.12 1 1
github.com/ljluestc/orchestrator/pkg/app/websocket.go:72.33,72.33 0 1
github.com/ljluestc/orchestrator/pkg/app/websocket.go:73.13,77.18 3 0
github.com/ljluestc/orchestrator/pkg/app/websocket.go:80.4,80.18 1 1
github.com/ljluestc/orchestrator/pkg/app/websocket.go:82.19,85.34 2 1
github.com/ljluestc/orchestrator/pkg/app/websocket.go:85.34,87.5 1 0
github.com/ljluestc/orchestrator/pkg/app/websocket.go:88.4,90.10 3 1
github.com/ljluestc/orchestrator/pkg/app/websocket.go:96.24,98.2 1 1
github.com/ljluestc/orchestrator/pkg/app/websocket.go:101.70,108.16 3 1
github.com/ljluestc/orchestrator/pkg/app/websocket.go:108.16,110.3 1 0
github.com/ljluestc/orchestrator/pkg/app/websocket.go:112.2,113.12 2 1
github.com/ljluestc/orchestrator/pkg/app/websocket.go:117.65,118.65 1 1
github.com/ljluestc/orchestrator/pkg/app/websocket.go:118.65,120.3 1 0
github.com/ljluestc/orchestrator/pkg/app/websocket.go:124.75,130.62 2 1
github.com/ljluestc/orchestrator/pkg/app/websocket.go:130.62,132.3 1 0
github.com/ljluestc/orchestrator/pkg/app/websocket.go:136.38,140.2 3 1
github.com/ljluestc/orchestrator/pkg/app/websocket.go:143.28,147.17 3 1
github.com/ljluestc/orchestrator/pkg/app/websocket.go:147.17,151.3 3 1
github.com/ljluestc/orchestrator/pkg/app/websocket.go:169.31,170.15 1 1
github.com/ljluestc/orchestrator/pkg/app/websocket.go:170.15,172.3 1 1
github.com/ljluestc/orchestrator/pkg/app/websocket.go:174.2,176.43 3 1
github.com/ljluestc/orchestrator/pkg/app/websocket.go:176.43,179.3 2 0
github.com/ljluestc/orchestrator/pkg/app/websocket.go:181.2,181.6 1 1
github.com/ljluestc/orchestrator/pkg/app/websocket.go:181.6,183.17 2 1
github.com/ljluestc/orchestrator/pkg/app/websocket.go:183.17,184.103 1 1
github.com/ljluestc/orchestrator/pkg/app/websocket.go:184.103,186.5 1 0
github.com/ljluestc/orchestrator/pkg/app/websocket.go:187.4,187.9 1 1
github.com/ljluestc/orchestrator/pkg/app/websocket.go:191.3,192.55 2 1
github.com/ljluestc/orchestrator/pkg/app/websocket.go:192.55,194.12 2 0
github.com/ljluestc/orchestrator/pkg/app/websocket.go:198.3,198.19 1 1
github.com/ljluestc/orchestrator/pkg/app/websocket.go:199.15,200.74 1 1
github.com/ljluestc/orchestrator/pkg/app/websocket.go:201.20,203.64 1 0
github.com/ljluestc/orchestrator/pkg/app/websocket.go:204.11,205.73 1 0
github.com/ljluestc/orchestrator/pkg/app/websocket.go:211.32,213.15 2 1
github.com/ljluestc/orchestrator/pkg/app/websocket.go:213.15,216.3 2 1
github.com/ljluestc/orchestrator/pkg/app/websocket.go:218.2,218.6 1 1
github.com/ljluestc/orchestrator/pkg/app/websocket.go:218.6,219.10 1 1
github.com/ljluestc/orchestrator/pkg/app/websocket.go:220.32,222.11 2 1
github.com/ljluestc/orchestrator/pkg/app/websocket.go:222.11,226.5 2 1
github.com/ljluestc/orchestrator/pkg/app/websocket.go:228.4,229.18 2 1
github.com/ljluestc/orchestrator/pkg/app/websocket.go:229.18,231.5 1 0
github.com/ljluestc/orchestrator/pkg/app/websocket.go:232.4,236.27 3 1
github.com/ljluestc/orchestrator/pkg/app/websocket.go:236.27,239.5 2 0
github.com/ljluestc/orchestrator/pkg/app/websocket.go:241.4,241.36 1 1
github.com/ljluestc/orchestrator/pkg/app/websocket.go:241.36,243.5 1 0
github.com/ljluestc/orchestrator/pkg/app/websocket.go:245.19,247.74 2 0
github.com/ljluestc/orchestrator/pkg/app/websocket.go:247.74,249.5 1 0
github.com/ljluestc/orchestrator/pkg/app/websocket.go:255.75,262.16 3 1
github.com/ljluestc/orchestrator/pkg/app/websocket.go:262.16,264.3 1 0
github.com/ljluestc/orchestrator/pkg/app/websocket.go:266.2,269.16 3 1
github.com/ljluestc/orchestrator/pkg/app/websocket.go:269.16,271.3 1 0
github.com/ljluestc/orchestrator/pkg/app/websocket.go:273.2,273.9 1 1
github.com/ljluestc/orchestrator/pkg/app/websocket.go:274.22,274.22 0 1
github.com/ljluestc/orchestrator/pkg/app/websocket.go:275.10,277.13 1 0
github.com/ljluestc/orchestrator/pkg/app/websocket.go:280.2,280.12 1 1
github.com/ljluestc/orchestrator/pkg/app/websocket.go:284.73,291.2 1 1
github.com/ljluestc/orchestrator/pkg/app/websocket.go:294.28,297.2 2 1
