mode: set
github.com/ljluestc/orchestrator/pkg/containerizer/docker_containerizer.go:94.88,100.16 2 1
github.com/ljluestc/orchestrator/pkg/containerizer/docker_containerizer.go:100.16,102.3 1 0
github.com/ljluestc/orchestrator/pkg/containerizer/docker_containerizer.go:105.2,109.16 4 1
github.com/ljluestc/orchestrator/pkg/containerizer/docker_containerizer.go:109.16,111.3 1 1
github.com/ljluestc/orchestrator/pkg/containerizer/docker_containerizer.go:113.2,124.29 2 0
github.com/ljluestc/orchestrator/pkg/containerizer/docker_containerizer.go:124.29,125.71 1 0
github.com/ljluestc/orchestrator/pkg/containerizer/docker_containerizer.go:125.71,127.4 1 0
github.com/ljluestc/orchestrator/pkg/containerizer/docker_containerizer.go:130.2,131.16 2 0
github.com/ljluestc/orchestrator/pkg/containerizer/docker_containerizer.go:135.80,137.16 2 0
github.com/ljluestc/orchestrator/pkg/containerizer/docker_containerizer.go:137.16,139.3 1 0
github.com/ljluestc/orchestrator/pkg/containerizer/docker_containerizer.go:141.2,144.29 3 0
github.com/ljluestc/orchestrator/pkg/containerizer/docker_containerizer.go:144.29,153.3 3 0
github.com/ljluestc/orchestrator/pkg/containerizer/docker_containerizer.go:155.2,158.12 2 0
github.com/ljluestc/orchestrator/pkg/containerizer/docker_containerizer.go:162.87,166.32 2 0
github.com/ljluestc/orchestrator/pkg/containerizer/docker_containerizer.go:166.32,167.37 1 0
github.com/ljluestc/orchestrator/pkg/containerizer/docker_containerizer.go:167.37,169.65 2 0
github.com/ljluestc/orchestrator/pkg/containerizer/docker_containerizer.go:169.65,172.5 2 0
github.com/ljluestc/orchestrator/pkg/containerizer/docker_containerizer.go:173.4,175.14 3 0
github.com/ljluestc/orchestrator/pkg/containerizer/docker_containerizer.go:180.2,181.36 2 0
github.com/ljluestc/orchestrator/pkg/containerizer/docker_containerizer.go:181.36,185.3 3 0
github.com/ljluestc/orchestrator/pkg/containerizer/docker_containerizer.go:187.2,191.80 3 0
github.com/ljluestc/orchestrator/pkg/containerizer/docker_containerizer.go:191.80,199.17 3 0
github.com/ljluestc/orchestrator/pkg/containerizer/docker_containerizer.go:199.17,201.4 1 0
github.com/ljluestc/orchestrator/pkg/containerizer/docker_containerizer.go:205.2,206.16 2 0
github.com/ljluestc/orchestrator/pkg/containerizer/docker_containerizer.go:206.16,208.3 1 0
github.com/ljluestc/orchestrator/pkg/containerizer/docker_containerizer.go:209.2,213.16 3 0
github.com/ljluestc/orchestrator/pkg/containerizer/docker_containerizer.go:213.16,215.3 1 0
github.com/ljluestc/orchestrator/pkg/containerizer/docker_containerizer.go:217.2,221.32 3 0
github.com/ljluestc/orchestrator/pkg/containerizer/docker_containerizer.go:221.32,223.3 1 0
github.com/ljluestc/orchestrator/pkg/containerizer/docker_containerizer.go:225.2,225.12 1 0
github.com/ljluestc/orchestrator/pkg/containerizer/docker_containerizer.go:229.88,232.2 2 0
github.com/ljluestc/orchestrator/pkg/containerizer/docker_containerizer.go:235.116,237.16 2 0
github.com/ljluestc/orchestrator/pkg/containerizer/docker_containerizer.go:237.16,240.3 2 0
github.com/ljluestc/orchestrator/pkg/containerizer/docker_containerizer.go:242.2,256.55 5 0
github.com/ljluestc/orchestrator/pkg/containerizer/docker_containerizer.go:256.55,258.3 1 0
github.com/ljluestc/orchestrator/pkg/containerizer/docker_containerizer.go:260.2,260.39 1 0
github.com/ljluestc/orchestrator/pkg/containerizer/docker_containerizer.go:264.66,273.47 3 0
github.com/ljluestc/orchestrator/pkg/containerizer/docker_containerizer.go:273.47,279.3 1 0
github.com/ljluestc/orchestrator/pkg/containerizer/docker_containerizer.go:285.2,286.30 2 0
github.com/ljluestc/orchestrator/pkg/containerizer/docker_containerizer.go:286.30,287.80 1 0
github.com/ljluestc/orchestrator/pkg/containerizer/docker_containerizer.go:287.80,288.9 1 0
github.com/ljluestc/orchestrator/pkg/containerizer/docker_containerizer.go:291.3,293.25 3 0
github.com/ljluestc/orchestrator/pkg/containerizer/docker_containerizer.go:296.2,296.41 1 0
github.com/ljluestc/orchestrator/pkg/containerizer/docker_containerizer.go:300.110,302.56 1 0
github.com/ljluestc/orchestrator/pkg/containerizer/docker_containerizer.go:302.56,304.3 1 0
github.com/ljluestc/orchestrator/pkg/containerizer/docker_containerizer.go:307.2,308.40 2 0
github.com/ljluestc/orchestrator/pkg/containerizer/docker_containerizer.go:308.40,310.3 1 0
github.com/ljluestc/orchestrator/pkg/containerizer/docker_containerizer.go:313.2,335.48 3 0
github.com/ljluestc/orchestrator/pkg/containerizer/docker_containerizer.go:335.48,342.3 1 0
github.com/ljluestc/orchestrator/pkg/containerizer/docker_containerizer.go:345.2,354.16 2 0
github.com/ljluestc/orchestrator/pkg/containerizer/docker_containerizer.go:354.16,356.3 1 0
github.com/ljluestc/orchestrator/pkg/containerizer/docker_containerizer.go:358.2,370.21 5 0
github.com/ljluestc/orchestrator/pkg/containerizer/docker_containerizer.go:374.94,378.16 3 0
github.com/ljluestc/orchestrator/pkg/containerizer/docker_containerizer.go:378.16,380.3 1 0
github.com/ljluestc/orchestrator/pkg/containerizer/docker_containerizer.go:382.2,386.62 3 0
github.com/ljluestc/orchestrator/pkg/containerizer/docker_containerizer.go:386.62,389.3 2 0
github.com/ljluestc/orchestrator/pkg/containerizer/docker_containerizer.go:390.2,395.37 3 0
github.com/ljluestc/orchestrator/pkg/containerizer/docker_containerizer.go:395.37,397.3 1 0
github.com/ljluestc/orchestrator/pkg/containerizer/docker_containerizer.go:399.2,399.12 1 0
github.com/ljluestc/orchestrator/pkg/containerizer/docker_containerizer.go:403.106,408.16 3 0
github.com/ljluestc/orchestrator/pkg/containerizer/docker_containerizer.go:408.16,410.3 1 0
github.com/ljluestc/orchestrator/pkg/containerizer/docker_containerizer.go:413.2,414.62 2 0
github.com/ljluestc/orchestrator/pkg/containerizer/docker_containerizer.go:414.62,417.3 2 0
github.com/ljluestc/orchestrator/pkg/containerizer/docker_containerizer.go:418.2,421.12 3 0
github.com/ljluestc/orchestrator/pkg/containerizer/docker_containerizer.go:425.95,430.16 2 0
github.com/ljluestc/orchestrator/pkg/containerizer/docker_containerizer.go:430.16,432.3 1 0
github.com/ljluestc/orchestrator/pkg/containerizer/docker_containerizer.go:435.2,440.12 5 0
github.com/ljluestc/orchestrator/pkg/containerizer/docker_containerizer.go:460.73,463.2 1 0
