mode: set
github.com/ljluestc/orchestrator/cmd/probe-agent/main.go:36.13,66.16 6 0
github.com/ljluestc/orchestrator/cmd/probe-agent/main.go:66.16,68.3 1 0
github.com/ljluestc/orchestrator/cmd/probe-agent/main.go:71.2,79.37 5 0
github.com/ljluestc/orchestrator/cmd/probe-agent/main.go:79.37,81.3 1 0
github.com/ljluestc/orchestrator/cmd/probe-agent/main.go:84.2,95.33 6 0
github.com/ljluestc/orchestrator/cmd/probe-agent/main.go:95.33,97.3 1 0
github.com/ljluestc/orchestrator/cmd/probe-agent/main.go:99.2,99.49 1 0
github.com/ljluestc/orchestrator/cmd/probe-agent/main.go:102.44,111.26 9 1
github.com/ljluestc/orchestrator/cmd/probe-agent/main.go:111.26,113.3 1 1
github.com/ljluestc/orchestrator/cmd/probe-agent/main.go:114.2,115.29 2 1
github.com/ljluestc/orchestrator/cmd/probe-agent/main.go:115.29,118.3 2 1
github.com/ljluestc/orchestrator/cmd/probe-agent/main.go:119.2,120.27 2 1
github.com/ljluestc/orchestrator/cmd/probe-agent/main.go:120.27,124.3 3 1
github.com/ljluestc/orchestrator/cmd/probe-agent/main.go:125.2,128.49 4 1
github.com/ljluestc/orchestrator/pkg/probe/client.go:43.45,44.32 1 1
github.com/ljluestc/orchestrator/pkg/probe/client.go:44.32,46.3 1 1
github.com/ljluestc/orchestrator/pkg/probe/client.go:48.2,60.3 1 1
github.com/ljluestc/orchestrator/pkg/probe/client.go:64.74,71.16 4 1
github.com/ljluestc/orchestrator/pkg/probe/client.go:71.16,73.3 1 0
github.com/ljluestc/orchestrator/pkg/probe/client.go:76.2,78.16 3 1
github.com/ljluestc/orchestrator/pkg/probe/client.go:78.16,80.3 1 1
github.com/ljluestc/orchestrator/pkg/probe/client.go:83.2,84.20 2 1
github.com/ljluestc/orchestrator/pkg/probe/client.go:84.20,86.3 1 1
github.com/ljluestc/orchestrator/pkg/probe/client.go:87.2,91.16 3 1
github.com/ljluestc/orchestrator/pkg/probe/client.go:91.16,93.3 1 1
github.com/ljluestc/orchestrator/pkg/probe/client.go:94.2,97.80 2 1
github.com/ljluestc/orchestrator/pkg/probe/client.go:97.80,100.3 2 1
github.com/ljluestc/orchestrator/pkg/probe/client.go:102.2,102.12 1 1
github.com/ljluestc/orchestrator/pkg/probe/client.go:106.118,109.32 2 1
github.com/ljluestc/orchestrator/pkg/probe/client.go:109.32,111.17 2 1
github.com/ljluestc/orchestrator/pkg/probe/client.go:111.17,113.4 1 1
github.com/ljluestc/orchestrator/pkg/probe/client.go:115.3,118.23 2 1
github.com/ljluestc/orchestrator/pkg/probe/client.go:118.23,120.4 1 1
github.com/ljluestc/orchestrator/pkg/probe/client.go:123.3,123.21 1 1
github.com/ljluestc/orchestrator/pkg/probe/client.go:123.21,124.11 1 1
github.com/ljluestc/orchestrator/pkg/probe/client.go:125.29,125.29 0 1
github.com/ljluestc/orchestrator/pkg/probe/client.go:126.22,127.21 1 1
github.com/ljluestc/orchestrator/pkg/probe/client.go:132.2,132.70 1 1
github.com/ljluestc/orchestrator/pkg/probe/client.go:136.50,139.16 3 1
github.com/ljluestc/orchestrator/pkg/probe/client.go:139.16,141.3 1 0
github.com/ljluestc/orchestrator/pkg/probe/client.go:143.2,143.20 1 1
github.com/ljluestc/orchestrator/pkg/probe/client.go:143.20,145.3 1 0
github.com/ljluestc/orchestrator/pkg/probe/client.go:146.2,149.16 3 1
github.com/ljluestc/orchestrator/pkg/probe/client.go:149.16,151.3 1 1
github.com/ljluestc/orchestrator/pkg/probe/client.go:152.2,154.38 2 1
github.com/ljluestc/orchestrator/pkg/probe/client.go:154.38,156.3 1 1
github.com/ljluestc/orchestrator/pkg/probe/client.go:158.2,158.12 1 1
github.com/ljluestc/orchestrator/pkg/probe/client.go:162.81,165.16 3 1
github.com/ljluestc/orchestrator/pkg/probe/client.go:165.16,167.3 1 0
github.com/ljluestc/orchestrator/pkg/probe/client.go:169.2,169.20 1 1
github.com/ljluestc/orchestrator/pkg/probe/client.go:169.20,171.3 1 0
github.com/ljluestc/orchestrator/pkg/probe/client.go:172.2,175.16 3 1
github.com/ljluestc/orchestrator/pkg/probe/client.go:175.16,177.3 1 1
github.com/ljluestc/orchestrator/pkg/probe/client.go:178.2,180.38 2 1
github.com/ljluestc/orchestrator/pkg/probe/client.go:180.38,183.3 2 1
github.com/ljluestc/orchestrator/pkg/probe/client.go:185.2,186.67 2 1
github.com/ljluestc/orchestrator/pkg/probe/client.go:186.67,188.3 1 1
github.com/ljluestc/orchestrator/pkg/probe/client.go:190.2,190.20 1 1
github.com/ljluestc/orchestrator/pkg/probe/client.go:194.104,203.16 3 1
github.com/ljluestc/orchestrator/pkg/probe/client.go:203.16,205.3 1 0
github.com/ljluestc/orchestrator/pkg/probe/client.go:207.2,209.16 3 1
github.com/ljluestc/orchestrator/pkg/probe/client.go:209.16,211.3 1 0
github.com/ljluestc/orchestrator/pkg/probe/client.go:213.2,214.20 2 1
github.com/ljluestc/orchestrator/pkg/probe/client.go:214.20,216.3 1 0
github.com/ljluestc/orchestrator/pkg/probe/client.go:218.2,219.16 2 1
github.com/ljluestc/orchestrator/pkg/probe/client.go:219.16,221.3 1 1
github.com/ljluestc/orchestrator/pkg/probe/client.go:222.2,224.79 2 1
github.com/ljluestc/orchestrator/pkg/probe/client.go:224.79,227.3 2 1
github.com/ljluestc/orchestrator/pkg/probe/client.go:229.2,229.12 1 1
github.com/ljluestc/orchestrator/pkg/probe/client.go:233.55,240.16 3 1
github.com/ljluestc/orchestrator/pkg/probe/client.go:240.16,242.3 1 0
github.com/ljluestc/orchestrator/pkg/probe/client.go:244.2,246.16 3 1
github.com/ljluestc/orchestrator/pkg/probe/client.go:246.16,248.3 1 0
github.com/ljluestc/orchestrator/pkg/probe/client.go:250.2,251.20 2 1
github.com/ljluestc/orchestrator/pkg/probe/client.go:251.20,253.3 1 0
github.com/ljluestc/orchestrator/pkg/probe/client.go:254.2,257.16 3 1
github.com/ljluestc/orchestrator/pkg/probe/client.go:257.16,259.3 1 1
github.com/ljluestc/orchestrator/pkg/probe/client.go:260.2,262.38 2 1
github.com/ljluestc/orchestrator/pkg/probe/client.go:262.38,264.3 1 1
github.com/ljluestc/orchestrator/pkg/probe/client.go:266.2,266.12 1 1
github.com/ljluestc/orchestrator/pkg/probe/client.go:270.32,273.2 2 1
github.com/ljluestc/orchestrator/pkg/probe/docker.go:65.70,67.16 2 1
github.com/ljluestc/orchestrator/pkg/probe/docker.go:67.16,69.3 1 0
github.com/ljluestc/orchestrator/pkg/probe/docker.go:71.2,74.8 1 1
github.com/ljluestc/orchestrator/pkg/probe/docker.go:78.91,83.2 1 1
github.com/ljluestc/orchestrator/pkg/probe/docker.go:86.77,87.21 1 1
github.com/ljluestc/orchestrator/pkg/probe/docker.go:87.21,89.3 1 1
github.com/ljluestc/orchestrator/pkg/probe/docker.go:91.2,97.16 3 1
github.com/ljluestc/orchestrator/pkg/probe/docker.go:97.16,99.3 1 1
github.com/ljluestc/orchestrator/pkg/probe/docker.go:100.2,104.16 3 0
github.com/ljluestc/orchestrator/pkg/probe/docker.go:104.16,106.3 1 0
github.com/ljluestc/orchestrator/pkg/probe/docker.go:108.2,111.31 3 0
github.com/ljluestc/orchestrator/pkg/probe/docker.go:111.31,123.23 2 0
github.com/ljluestc/orchestrator/pkg/probe/docker.go:123.23,125.67 2 0
github.com/ljluestc/orchestrator/pkg/probe/docker.go:125.67,127.5 1 0
github.com/ljluestc/orchestrator/pkg/probe/docker.go:131.3,132.32 2 0
github.com/ljluestc/orchestrator/pkg/probe/docker.go:132.32,139.4 1 0
github.com/ljluestc/orchestrator/pkg/probe/docker.go:142.3,142.18 1 0
github.com/ljluestc/orchestrator/pkg/probe/docker.go:143.18,144.28 1 0
github.com/ljluestc/orchestrator/pkg/probe/docker.go:145.17,146.27 1 0
github.com/ljluestc/orchestrator/pkg/probe/docker.go:147.25,148.28 1 0
github.com/ljluestc/orchestrator/pkg/probe/docker.go:152.3,152.45 1 0
github.com/ljluestc/orchestrator/pkg/probe/docker.go:152.45,154.18 2 0
github.com/ljluestc/orchestrator/pkg/probe/docker.go:154.18,157.5 1 0
github.com/ljluestc/orchestrator/pkg/probe/docker.go:157.10,159.5 1 0
github.com/ljluestc/orchestrator/pkg/probe/docker.go:162.3,162.59 1 0
github.com/ljluestc/orchestrator/pkg/probe/docker.go:166.2,167.16 2 0
github.com/ljluestc/orchestrator/pkg/probe/docker.go:167.16,169.3 1 0
github.com/ljluestc/orchestrator/pkg/probe/docker.go:170.2,172.18 2 0
github.com/ljluestc/orchestrator/pkg/probe/docker.go:176.111,182.16 4 1
github.com/ljluestc/orchestrator/pkg/probe/docker.go:182.16,184.3 1 0
github.com/ljluestc/orchestrator/pkg/probe/docker.go:185.2,188.76 3 0
github.com/ljluestc/orchestrator/pkg/probe/docker.go:188.76,190.3 1 0
github.com/ljluestc/orchestrator/pkg/probe/docker.go:192.2,202.21 5 0
github.com/ljluestc/orchestrator/pkg/probe/docker.go:202.21,204.3 1 0
github.com/ljluestc/orchestrator/pkg/probe/docker.go:206.2,206.37 1 0
github.com/ljluestc/orchestrator/pkg/probe/docker.go:206.37,208.3 1 0
github.com/ljluestc/orchestrator/pkg/probe/docker.go:211.2,211.30 1 0
github.com/ljluestc/orchestrator/pkg/probe/docker.go:211.30,213.3 1 0
github.com/ljluestc/orchestrator/pkg/probe/docker.go:216.2,217.50 2 0
github.com/ljluestc/orchestrator/pkg/probe/docker.go:217.50,220.3 2 0
github.com/ljluestc/orchestrator/pkg/probe/docker.go:221.2,224.20 3 0
github.com/ljluestc/orchestrator/pkg/probe/docker.go:228.41,229.21 1 1
github.com/ljluestc/orchestrator/pkg/probe/docker.go:229.21,231.3 1 1
github.com/ljluestc/orchestrator/pkg/probe/docker.go:232.2,232.12 1 1
github.com/ljluestc/orchestrator/pkg/probe/host.go:53.40,57.2 1 1
github.com/ljluestc/orchestrator/pkg/probe/host.go:60.63,64.2 1 1
github.com/ljluestc/orchestrator/pkg/probe/host.go:67.54,76.16 4 1
github.com/ljluestc/orchestrator/pkg/probe/host.go:76.16,78.3 1 0
github.com/ljluestc/orchestrator/pkg/probe/host.go:81.2,82.16 2 1
github.com/ljluestc/orchestrator/pkg/probe/host.go:82.16,84.3 1 1
github.com/ljluestc/orchestrator/pkg/probe/host.go:87.2,88.16 2 1
github.com/ljluestc/orchestrator/pkg/probe/host.go:88.16,90.3 1 1
github.com/ljluestc/orchestrator/pkg/probe/host.go:93.2,94.16 2 1
github.com/ljluestc/orchestrator/pkg/probe/host.go:94.16,96.3 1 1
github.com/ljluestc/orchestrator/pkg/probe/host.go:99.2,100.16 2 1
github.com/ljluestc/orchestrator/pkg/probe/host.go:100.16,102.3 1 0
github.com/ljluestc/orchestrator/pkg/probe/host.go:105.2,106.16 2 1
github.com/ljluestc/orchestrator/pkg/probe/host.go:106.16,108.3 1 0
github.com/ljluestc/orchestrator/pkg/probe/host.go:110.2,110.18 1 1
github.com/ljluestc/orchestrator/pkg/probe/host.go:114.60,116.16 2 1
github.com/ljluestc/orchestrator/pkg/probe/host.go:116.16,118.3 1 1
github.com/ljluestc/orchestrator/pkg/probe/host.go:119.2,119.45 1 1
github.com/ljluestc/orchestrator/pkg/probe/host.go:123.71,125.16 2 1
github.com/ljluestc/orchestrator/pkg/probe/host.go:125.16,127.3 1 1
github.com/ljluestc/orchestrator/pkg/probe/host.go:129.2,130.20 2 1
github.com/ljluestc/orchestrator/pkg/probe/host.go:130.20,132.3 1 0
github.com/ljluestc/orchestrator/pkg/probe/host.go:134.2,135.16 2 1
github.com/ljluestc/orchestrator/pkg/probe/host.go:135.16,137.3 1 1
github.com/ljluestc/orchestrator/pkg/probe/host.go:139.2,142.30 3 1
github.com/ljluestc/orchestrator/pkg/probe/host.go:146.55,151.16 3 1
github.com/ljluestc/orchestrator/pkg/probe/host.go:151.16,153.3 1 1
github.com/ljluestc/orchestrator/pkg/probe/host.go:154.2,158.21 4 1
github.com/ljluestc/orchestrator/pkg/probe/host.go:158.21,160.44 2 1
github.com/ljluestc/orchestrator/pkg/probe/host.go:160.44,161.24 1 1
github.com/ljluestc/orchestrator/pkg/probe/host.go:161.24,163.23 2 1
github.com/ljluestc/orchestrator/pkg/probe/host.go:163.23,165.6 1 1
github.com/ljluestc/orchestrator/pkg/probe/host.go:167.9,167.50 1 1
github.com/ljluestc/orchestrator/pkg/probe/host.go:167.50,169.4 1 1
github.com/ljluestc/orchestrator/pkg/probe/host.go:171.2,173.38 2 1
github.com/ljluestc/orchestrator/pkg/probe/host.go:173.38,175.3 1 0
github.com/ljluestc/orchestrator/pkg/probe/host.go:178.2,179.16 2 1
github.com/ljluestc/orchestrator/pkg/probe/host.go:179.16,182.3 1 1
github.com/ljluestc/orchestrator/pkg/probe/host.go:182.8,184.3 1 1
github.com/ljluestc/orchestrator/pkg/probe/host.go:186.2,186.18 1 1
github.com/ljluestc/orchestrator/pkg/probe/host.go:190.56,192.16 2 1
github.com/ljluestc/orchestrator/pkg/probe/host.go:192.16,194.3 1 1
github.com/ljluestc/orchestrator/pkg/probe/host.go:196.2,197.20 2 1
github.com/ljluestc/orchestrator/pkg/probe/host.go:197.20,199.3 1 0
github.com/ljluestc/orchestrator/pkg/probe/host.go:202.2,203.43 2 1
github.com/ljluestc/orchestrator/pkg/probe/host.go:203.43,205.3 1 1
github.com/ljluestc/orchestrator/pkg/probe/host.go:207.2,215.16 7 1
github.com/ljluestc/orchestrator/pkg/probe/host.go:215.16,217.3 1 1
github.com/ljluestc/orchestrator/pkg/probe/host.go:219.2,219.50 1 1
github.com/ljluestc/orchestrator/pkg/probe/host.go:223.61,227.16 3 1
github.com/ljluestc/orchestrator/pkg/probe/host.go:227.16,229.3 1 1
github.com/ljluestc/orchestrator/pkg/probe/host.go:230.2,234.21 4 1
github.com/ljluestc/orchestrator/pkg/probe/host.go:234.21,237.21 3 1
github.com/ljluestc/orchestrator/pkg/probe/host.go:237.21,238.12 1 0
github.com/ljluestc/orchestrator/pkg/probe/host.go:241.3,243.17 3 1
github.com/ljluestc/orchestrator/pkg/probe/host.go:243.17,244.12 1 0
github.com/ljluestc/orchestrator/pkg/probe/host.go:248.3,248.30 1 1
github.com/ljluestc/orchestrator/pkg/probe/host.go:251.2,251.38 1 1
github.com/ljluestc/orchestrator/pkg/probe/host.go:251.38,253.3 1 0
github.com/ljluestc/orchestrator/pkg/probe/host.go:255.2,259.26 4 1
github.com/ljluestc/orchestrator/pkg/probe/host.go:259.26,261.3 1 1
github.com/ljluestc/orchestrator/pkg/probe/host.go:261.8,263.3 1 1
github.com/ljluestc/orchestrator/pkg/probe/host.go:265.2,265.22 1 1
github.com/ljluestc/orchestrator/pkg/probe/host.go:265.22,267.3 1 1
github.com/ljluestc/orchestrator/pkg/probe/host.go:269.2,269.18 1 1
github.com/ljluestc/orchestrator/pkg/probe/host.go:273.63,277.16 3 1
github.com/ljluestc/orchestrator/pkg/probe/host.go:277.16,279.3 1 1
github.com/ljluestc/orchestrator/pkg/probe/host.go:281.2,282.20 2 1
github.com/ljluestc/orchestrator/pkg/probe/host.go:282.20,284.3 1 1
github.com/ljluestc/orchestrator/pkg/probe/host.go:286.2,287.16 2 1
github.com/ljluestc/orchestrator/pkg/probe/host.go:287.16,289.3 1 0
github.com/ljluestc/orchestrator/pkg/probe/host.go:291.2,292.16 2 1
github.com/ljluestc/orchestrator/pkg/probe/host.go:292.16,294.3 1 0
github.com/ljluestc/orchestrator/pkg/probe/host.go:296.2,297.16 2 1
github.com/ljluestc/orchestrator/pkg/probe/host.go:297.16,299.3 1 0
github.com/ljluestc/orchestrator/pkg/probe/host.go:301.2,301.17 1 1
github.com/ljluestc/orchestrator/pkg/probe/network.go:52.110,59.2 1 1
github.com/ljluestc/orchestrator/pkg/probe/network.go:62.135,69.2 1 1
github.com/ljluestc/orchestrator/pkg/probe/network.go:72.60,82.24 4 1
github.com/ljluestc/orchestrator/pkg/probe/network.go:82.24,84.3 1 1
github.com/ljluestc/orchestrator/pkg/probe/network.go:87.2,88.16 2 1
github.com/ljluestc/orchestrator/pkg/probe/network.go:88.16,90.3 1 0
github.com/ljluestc/orchestrator/pkg/probe/network.go:91.2,96.16 4 1
github.com/ljluestc/orchestrator/pkg/probe/network.go:96.16,98.3 1 0
github.com/ljluestc/orchestrator/pkg/probe/network.go:99.2,107.18 5 1
github.com/ljluestc/orchestrator/pkg/probe/network.go:111.137,113.2 1 1
github.com/ljluestc/orchestrator/pkg/probe/network.go:116.137,118.2 1 1
github.com/ljluestc/orchestrator/pkg/probe/network.go:121.151,123.16 2 1
github.com/ljluestc/orchestrator/pkg/probe/network.go:123.16,125.3 1 0
github.com/ljluestc/orchestrator/pkg/probe/network.go:126.2,135.21 6 1
github.com/ljluestc/orchestrator/pkg/probe/network.go:135.21,136.56 1 1
github.com/ljluestc/orchestrator/pkg/probe/network.go:136.56,137.9 1 1
github.com/ljluestc/orchestrator/pkg/probe/network.go:140.3,142.17 3 1
github.com/ljluestc/orchestrator/pkg/probe/network.go:142.17,143.12 1 0
github.com/ljluestc/orchestrator/pkg/probe/network.go:147.3,147.95 1 1
github.com/ljluestc/orchestrator/pkg/probe/network.go:147.95,148.12 1 1
github.com/ljluestc/orchestrator/pkg/probe/network.go:152.3,152.24 1 1
github.com/ljluestc/orchestrator/pkg/probe/network.go:152.24,155.25 2 1
github.com/ljluestc/orchestrator/pkg/probe/network.go:155.25,157.41 2 1
github.com/ljluestc/orchestrator/pkg/probe/network.go:157.41,159.44 2 1
github.com/ljluestc/orchestrator/pkg/probe/network.go:159.44,161.7 1 1
github.com/ljluestc/orchestrator/pkg/probe/network.go:166.3,167.10 2 1
github.com/ljluestc/orchestrator/pkg/probe/network.go:170.2,170.35 1 1
github.com/ljluestc/orchestrator/pkg/probe/network.go:174.99,176.21 2 1
github.com/ljluestc/orchestrator/pkg/probe/network.go:176.21,178.3 1 1
github.com/ljluestc/orchestrator/pkg/probe/network.go:180.2,186.26 3 1
github.com/ljluestc/orchestrator/pkg/probe/network.go:186.26,188.3 1 0
github.com/ljluestc/orchestrator/pkg/probe/network.go:189.2,195.27 5 1
github.com/ljluestc/orchestrator/pkg/probe/network.go:195.27,197.3 1 0
github.com/ljluestc/orchestrator/pkg/probe/network.go:198.2,203.23 4 1
github.com/ljluestc/orchestrator/pkg/probe/network.go:203.23,207.3 3 1
github.com/ljluestc/orchestrator/pkg/probe/network.go:207.8,209.3 1 1
github.com/ljluestc/orchestrator/pkg/probe/network.go:211.2,211.18 1 1
github.com/ljluestc/orchestrator/pkg/probe/network.go:215.35,216.21 1 1
github.com/ljluestc/orchestrator/pkg/probe/network.go:216.21,218.3 1 0
github.com/ljluestc/orchestrator/pkg/probe/network.go:221.2,222.25 2 1
github.com/ljluestc/orchestrator/pkg/probe/network.go:222.25,225.3 2 1
github.com/ljluestc/orchestrator/pkg/probe/network.go:227.2,227.37 1 1
github.com/ljluestc/orchestrator/pkg/probe/network.go:231.43,246.32 2 1
github.com/ljluestc/orchestrator/pkg/probe/network.go:246.32,248.3 1 1
github.com/ljluestc/orchestrator/pkg/probe/network.go:249.2,249.44 1 1
github.com/ljluestc/orchestrator/pkg/probe/network.go:253.84,258.16 4 1
github.com/ljluestc/orchestrator/pkg/probe/network.go:258.16,260.3 1 0
github.com/ljluestc/orchestrator/pkg/probe/network.go:262.2,262.32 1 1
github.com/ljluestc/orchestrator/pkg/probe/network.go:262.32,263.21 1 1
github.com/ljluestc/orchestrator/pkg/probe/network.go:263.21,264.12 1 1
github.com/ljluestc/orchestrator/pkg/probe/network.go:267.3,268.17 2 1
github.com/ljluestc/orchestrator/pkg/probe/network.go:268.17,269.12 1 1
github.com/ljluestc/orchestrator/pkg/probe/network.go:273.3,275.17 3 1
github.com/ljluestc/orchestrator/pkg/probe/network.go:275.17,276.12 1 1
github.com/ljluestc/orchestrator/pkg/probe/network.go:279.3,284.17 4 1
github.com/ljluestc/orchestrator/pkg/probe/network.go:284.17,285.12 1 0
github.com/ljluestc/orchestrator/pkg/probe/network.go:288.3,288.37 1 1
github.com/ljluestc/orchestrator/pkg/probe/network.go:288.37,290.18 2 1
github.com/ljluestc/orchestrator/pkg/probe/network.go:290.18,291.13 1 1
github.com/ljluestc/orchestrator/pkg/probe/network.go:295.4,295.43 1 1
github.com/ljluestc/orchestrator/pkg/probe/network.go:295.43,300.5 4 1
github.com/ljluestc/orchestrator/pkg/probe/network.go:304.2,304.32 1 1
github.com/ljluestc/orchestrator/pkg/probe/network.go:308.45,312.36 3 1
github.com/ljluestc/orchestrator/pkg/probe/network.go:312.36,314.3 1 1
github.com/ljluestc/orchestrator/pkg/probe/network.go:316.2,316.34 1 1
github.com/ljluestc/orchestrator/pkg/probe/network.go:320.99,324.35 3 1
github.com/ljluestc/orchestrator/pkg/probe/network.go:324.35,325.29 1 1
github.com/ljluestc/orchestrator/pkg/probe/network.go:325.29,327.18 2 1
github.com/ljluestc/orchestrator/pkg/probe/network.go:327.18,336.5 2 1
github.com/ljluestc/orchestrator/pkg/probe/network.go:340.2,340.14 1 1
github.com/ljluestc/orchestrator/pkg/probe/probe.go:65.51,67.36 1 1
github.com/ljluestc/orchestrator/pkg/probe/probe.go:67.36,69.3 1 1
github.com/ljluestc/orchestrator/pkg/probe/probe.go:70.2,70.35 1 1
github.com/ljluestc/orchestrator/pkg/probe/probe.go:70.35,72.3 1 1
github.com/ljluestc/orchestrator/pkg/probe/probe.go:73.2,73.31 1 1
github.com/ljluestc/orchestrator/pkg/probe/probe.go:73.31,75.3 1 1
github.com/ljluestc/orchestrator/pkg/probe/probe.go:76.2,76.28 1 1
github.com/ljluestc/orchestrator/pkg/probe/probe.go:76.28,78.3 1 1
github.com/ljluestc/orchestrator/pkg/probe/probe.go:81.2,82.16 2 1
github.com/ljluestc/orchestrator/pkg/probe/probe.go:82.16,84.3 1 0
github.com/ljluestc/orchestrator/pkg/probe/probe.go:87.2,87.26 1 1
github.com/ljluestc/orchestrator/pkg/probe/probe.go:87.26,89.3 1 1
github.com/ljluestc/orchestrator/pkg/probe/probe.go:91.2,108.24 3 1
github.com/ljluestc/orchestrator/pkg/probe/probe.go:108.24,110.3 1 1
github.com/ljluestc/orchestrator/pkg/probe/probe.go:112.2,112.26 1 1
github.com/ljluestc/orchestrator/pkg/probe/probe.go:112.26,114.17 2 1
github.com/ljluestc/orchestrator/pkg/probe/probe.go:114.17,116.4 1 0
github.com/ljluestc/orchestrator/pkg/probe/probe.go:117.3,117.42 1 1
github.com/ljluestc/orchestrator/pkg/probe/probe.go:120.2,120.29 1 1
github.com/ljluestc/orchestrator/pkg/probe/probe.go:120.29,125.3 1 1
github.com/ljluestc/orchestrator/pkg/probe/probe.go:127.2,127.27 1 1
github.com/ljluestc/orchestrator/pkg/probe/probe.go:127.27,133.3 1 1
github.com/ljluestc/orchestrator/pkg/probe/probe.go:135.2,135.19 1 1
github.com/ljluestc/orchestrator/pkg/probe/probe.go:139.50,141.15 2 1
github.com/ljluestc/orchestrator/pkg/probe/probe.go:141.15,144.3 2 1
github.com/ljluestc/orchestrator/pkg/probe/probe.go:145.2,159.76 6 1
github.com/ljluestc/orchestrator/pkg/probe/probe.go:159.76,161.3 1 1
github.com/ljluestc/orchestrator/pkg/probe/probe.go:161.8,163.3 1 1
github.com/ljluestc/orchestrator/pkg/probe/probe.go:166.2,175.12 6 1
github.com/ljluestc/orchestrator/pkg/probe/probe.go:179.30,181.16 2 1
github.com/ljluestc/orchestrator/pkg/probe/probe.go:181.16,184.3 2 1
github.com/ljluestc/orchestrator/pkg/probe/probe.go:185.2,191.21 4 1
github.com/ljluestc/orchestrator/pkg/probe/probe.go:191.21,193.3 1 1
github.com/ljluestc/orchestrator/pkg/probe/probe.go:196.2,196.9 1 1
github.com/ljluestc/orchestrator/pkg/probe/probe.go:197.18,197.18 0 0
github.com/ljluestc/orchestrator/pkg/probe/probe.go:199.10,200.18 1 1
github.com/ljluestc/orchestrator/pkg/probe/probe.go:204.2,207.30 2 1
github.com/ljluestc/orchestrator/pkg/probe/probe.go:207.30,209.3 1 1
github.com/ljluestc/orchestrator/pkg/probe/probe.go:212.2,216.12 3 1
github.com/ljluestc/orchestrator/pkg/probe/probe.go:220.53,229.6 5 1
github.com/ljluestc/orchestrator/pkg/probe/probe.go:229.6,230.10 1 1
github.com/ljluestc/orchestrator/pkg/probe/probe.go:231.19,233.11 1 1
github.com/ljluestc/orchestrator/pkg/probe/probe.go:234.22,235.11 1 1
github.com/ljluestc/orchestrator/pkg/probe/probe.go:236.12,237.26 1 1
github.com/ljluestc/orchestrator/pkg/probe/probe.go:239.19,240.10 1 1
github.com/ljluestc/orchestrator/pkg/probe/probe.go:241.21,242.10 1 1
github.com/ljluestc/orchestrator/pkg/probe/probe.go:248.52,254.6 4 1
github.com/ljluestc/orchestrator/pkg/probe/probe.go:254.6,255.10 1 1
github.com/ljluestc/orchestrator/pkg/probe/probe.go:256.19,257.50 1 1
github.com/ljluestc/orchestrator/pkg/probe/probe.go:257.50,259.5 1 1
github.com/ljluestc/orchestrator/pkg/probe/probe.go:260.19,261.10 1 0
github.com/ljluestc/orchestrator/pkg/probe/probe.go:262.21,263.10 1 1
github.com/ljluestc/orchestrator/pkg/probe/probe.go:269.53,271.9 1 1
github.com/ljluestc/orchestrator/pkg/probe/probe.go:272.20,273.9 1 1
github.com/ljluestc/orchestrator/pkg/probe/probe.go:274.10,274.10 0 1
github.com/ljluestc/orchestrator/pkg/probe/probe.go:277.2,285.28 4 1
github.com/ljluestc/orchestrator/pkg/probe/probe.go:285.28,287.13 2 1
github.com/ljluestc/orchestrator/pkg/probe/probe.go:287.13,290.18 3 1
github.com/ljluestc/orchestrator/pkg/probe/probe.go:290.18,293.5 2 0
github.com/ljluestc/orchestrator/pkg/probe/probe.go:294.4,296.15 3 1
github.com/ljluestc/orchestrator/pkg/probe/probe.go:301.2,301.30 1 1
github.com/ljluestc/orchestrator/pkg/probe/probe.go:301.30,303.13 2 1
github.com/ljluestc/orchestrator/pkg/probe/probe.go:303.13,306.18 3 1
github.com/ljluestc/orchestrator/pkg/probe/probe.go:306.18,309.5 2 1
github.com/ljluestc/orchestrator/pkg/probe/probe.go:310.4,312.15 3 0
github.com/ljluestc/orchestrator/pkg/probe/probe.go:317.2,317.31 1 1
github.com/ljluestc/orchestrator/pkg/probe/probe.go:317.31,319.13 2 1
github.com/ljluestc/orchestrator/pkg/probe/probe.go:319.13,322.18 3 1
github.com/ljluestc/orchestrator/pkg/probe/probe.go:322.18,325.5 2 0
github.com/ljluestc/orchestrator/pkg/probe/probe.go:326.4,328.15 3 1
github.com/ljluestc/orchestrator/pkg/probe/probe.go:333.2,333.31 1 1
github.com/ljluestc/orchestrator/pkg/probe/probe.go:333.31,335.13 2 1
github.com/ljluestc/orchestrator/pkg/probe/probe.go:335.13,338.18 3 1
github.com/ljluestc/orchestrator/pkg/probe/probe.go:338.18,341.5 2 0
github.com/ljluestc/orchestrator/pkg/probe/probe.go:342.4,344.15 3 1
github.com/ljluestc/orchestrator/pkg/probe/probe.go:349.2,350.12 2 1
github.com/ljluestc/orchestrator/pkg/probe/probe.go:350.12,353.3 2 1
github.com/ljluestc/orchestrator/pkg/probe/probe.go:355.2,355.9 1 1
github.com/ljluestc/orchestrator/pkg/probe/probe.go:356.14,356.14 0 1
github.com/ljluestc/orchestrator/pkg/probe/probe.go:358.20,360.9 1 1
github.com/ljluestc/orchestrator/pkg/probe/probe.go:364.2,364.111 1 1
github.com/ljluestc/orchestrator/pkg/probe/probe.go:364.111,366.3 1 1
github.com/ljluestc/orchestrator/pkg/probe/probe.go:366.8,368.3 1 1
github.com/ljluestc/orchestrator/pkg/probe/probe.go:372.34,376.2 3 1
github.com/ljluestc/orchestrator/pkg/probe/probe.go:379.41,381.2 1 1
github.com/ljluestc/orchestrator/pkg/probe/process.go:44.79,50.2 1 1
github.com/ljluestc/orchestrator/pkg/probe/process.go:53.104,59.2 1 1
github.com/ljluestc/orchestrator/pkg/probe/process.go:62.62,70.16 3 1
github.com/ljluestc/orchestrator/pkg/probe/process.go:70.16,72.3 1 0
github.com/ljluestc/orchestrator/pkg/probe/process.go:74.2,75.32 2 1
github.com/ljluestc/orchestrator/pkg/probe/process.go:75.32,76.21 1 1
github.com/ljluestc/orchestrator/pkg/probe/process.go:76.21,77.12 1 1
github.com/ljluestc/orchestrator/pkg/probe/process.go:81.3,82.17 2 1
github.com/ljluestc/orchestrator/pkg/probe/process.go:82.17,83.12 1 1
github.com/ljluestc/orchestrator/pkg/probe/process.go:87.3,87.52 1 1
github.com/ljluestc/orchestrator/pkg/probe/process.go:87.52,88.9 1 1
github.com/ljluestc/orchestrator/pkg/probe/process.go:91.3,92.17 2 1
github.com/ljluestc/orchestrator/pkg/probe/process.go:92.17,94.12 1 1
github.com/ljluestc/orchestrator/pkg/probe/process.go:98.3,98.45 1 1
github.com/ljluestc/orchestrator/pkg/probe/process.go:98.45,99.12 1 1
github.com/ljluestc/orchestrator/pkg/probe/process.go:102.3,103.10 2 1
github.com/ljluestc/orchestrator/pkg/probe/process.go:106.2,108.18 2 1
github.com/ljluestc/orchestrator/pkg/probe/process.go:112.74,121.16 4 1
github.com/ljluestc/orchestrator/pkg/probe/process.go:121.16,123.3 1 1
github.com/ljluestc/orchestrator/pkg/probe/process.go:125.2,125.64 1 1
github.com/ljluestc/orchestrator/pkg/probe/process.go:125.64,127.3 1 0
github.com/ljluestc/orchestrator/pkg/probe/process.go:130.2,131.16 2 1
github.com/ljluestc/orchestrator/pkg/probe/process.go:131.16,133.3 1 0
github.com/ljluestc/orchestrator/pkg/probe/process.go:135.2,135.68 1 1
github.com/ljluestc/orchestrator/pkg/probe/process.go:135.68,137.3 1 0
github.com/ljluestc/orchestrator/pkg/probe/process.go:140.2,141.16 2 1
github.com/ljluestc/orchestrator/pkg/probe/process.go:141.16,144.3 1 0
github.com/ljluestc/orchestrator/pkg/probe/process.go:144.8,148.25 3 1
github.com/ljluestc/orchestrator/pkg/probe/process.go:148.25,150.4 1 1
github.com/ljluestc/orchestrator/pkg/probe/process.go:154.2,155.16 2 1
github.com/ljluestc/orchestrator/pkg/probe/process.go:155.16,157.3 1 1
github.com/ljluestc/orchestrator/pkg/probe/process.go:160.2,162.16 3 1
github.com/ljluestc/orchestrator/pkg/probe/process.go:162.16,164.3 1 1
github.com/ljluestc/orchestrator/pkg/probe/process.go:166.2,166.18 1 1
github.com/ljluestc/orchestrator/pkg/probe/process.go:170.80,176.36 3 1
github.com/ljluestc/orchestrator/pkg/probe/process.go:176.36,178.3 1 1
github.com/ljluestc/orchestrator/pkg/probe/process.go:180.2,183.22 3 1
github.com/ljluestc/orchestrator/pkg/probe/process.go:183.22,185.3 1 1
github.com/ljluestc/orchestrator/pkg/probe/process.go:187.2,198.23 7 1
github.com/ljluestc/orchestrator/pkg/probe/process.go:198.23,201.3 2 1
github.com/ljluestc/orchestrator/pkg/probe/process.go:203.2,203.12 1 1
github.com/ljluestc/orchestrator/pkg/probe/process.go:207.82,210.21 2 1
github.com/ljluestc/orchestrator/pkg/probe/process.go:210.21,213.21 3 1
github.com/ljluestc/orchestrator/pkg/probe/process.go:213.21,214.12 1 1
github.com/ljluestc/orchestrator/pkg/probe/process.go:217.3,219.14 2 1
github.com/ljluestc/orchestrator/pkg/probe/process.go:220.14,221.23 1 1
github.com/ljluestc/orchestrator/pkg/probe/process.go:221.23,224.5 2 1
github.com/ljluestc/orchestrator/pkg/probe/process.go:225.14,226.23 1 1
github.com/ljluestc/orchestrator/pkg/probe/process.go:226.23,229.5 2 1
github.com/ljluestc/orchestrator/pkg/probe/process.go:230.16,232.23 1 1
github.com/ljluestc/orchestrator/pkg/probe/process.go:232.23,235.5 2 1
github.com/ljluestc/orchestrator/pkg/probe/process.go:236.18,237.23 1 1
github.com/ljluestc/orchestrator/pkg/probe/process.go:237.23,240.5 2 1
github.com/ljluestc/orchestrator/pkg/probe/process.go:244.2,244.22 1 1
github.com/ljluestc/orchestrator/pkg/probe/process.go:248.73,251.29 2 1
github.com/ljluestc/orchestrator/pkg/probe/process.go:251.29,256.39 1 1
github.com/ljluestc/orchestrator/pkg/probe/process.go:256.39,258.31 2 1
github.com/ljluestc/orchestrator/pkg/probe/process.go:258.31,260.45 1 1
github.com/ljluestc/orchestrator/pkg/probe/process.go:260.45,262.6 1 1
github.com/ljluestc/orchestrator/pkg/probe/process.go:264.5,264.80 1 1
github.com/ljluestc/orchestrator/pkg/probe/process.go:264.80,267.42 3 1
github.com/ljluestc/orchestrator/pkg/probe/process.go:267.42,269.7 1 1
github.com/ljluestc/orchestrator/pkg/probe/process.go:275.2,275.11 1 1
github.com/ljluestc/orchestrator/pkg/probe/process.go:279.33,280.22 1 1
github.com/ljluestc/orchestrator/pkg/probe/process.go:280.22,281.84 1 1
github.com/ljluestc/orchestrator/pkg/probe/process.go:281.84,283.4 1 1
github.com/ljluestc/orchestrator/pkg/probe/process.go:285.2,285.13 1 1
github.com/ljluestc/orchestrator/pkg/probe/process.go:289.75,291.2 1 1
