mode: set
github.com/ljluestc/orchestrator/pkg/security/auth.go:49.36,54.2 1 1
github.com/ljluestc/orchestrator/pkg/security/auth.go:57.84,61.45 3 1
github.com/ljluestc/orchestrator/pkg/security/auth.go:61.45,63.3 1 1
github.com/ljluestc/orchestrator/pkg/security/auth.go:65.2,66.16 2 1
github.com/ljluestc/orchestrator/pkg/security/auth.go:66.16,68.3 1 0
github.com/ljluestc/orchestrator/pkg/security/auth.go:70.2,78.12 2 1
github.com/ljluestc/orchestrator/pkg/security/auth.go:82.80,87.13 4 1
github.com/ljluestc/orchestrator/pkg/security/auth.go:87.13,89.3 1 1
github.com/ljluestc/orchestrator/pkg/security/auth.go:91.2,92.16 2 1
github.com/ljluestc/orchestrator/pkg/security/auth.go:92.16,94.3 1 1
github.com/ljluestc/orchestrator/pkg/security/auth.go:97.2,104.19 6 1
github.com/ljluestc/orchestrator/pkg/security/auth.go:108.72,113.13 4 1
github.com/ljluestc/orchestrator/pkg/security/auth.go:113.13,115.3 1 1
github.com/ljluestc/orchestrator/pkg/security/auth.go:117.2,117.39 1 1
github.com/ljluestc/orchestrator/pkg/security/auth.go:117.39,119.3 1 0
github.com/ljluestc/orchestrator/pkg/security/auth.go:121.2,122.13 2 1
github.com/ljluestc/orchestrator/pkg/security/auth.go:122.13,124.3 1 0
github.com/ljluestc/orchestrator/pkg/security/auth.go:126.2,126.18 1 1
github.com/ljluestc/orchestrator/pkg/security/auth.go:130.92,132.16 2 0
github.com/ljluestc/orchestrator/pkg/security/auth.go:132.16,134.3 1 0
github.com/ljluestc/orchestrator/pkg/security/auth.go:136.2,136.38 1 0
github.com/ljluestc/orchestrator/pkg/security/auth.go:136.38,138.3 1 0
github.com/ljluestc/orchestrator/pkg/security/auth.go:140.2,140.12 1 0
github.com/ljluestc/orchestrator/pkg/security/auth.go:144.62,155.2 4 1
github.com/ljluestc/orchestrator/pkg/security/auth.go:158.50,161.29 2 1
github.com/ljluestc/orchestrator/pkg/security/auth.go:161.29,162.15 1 1
github.com/ljluestc/orchestrator/pkg/security/auth.go:163.16,168.28 5 1
github.com/ljluestc/orchestrator/pkg/security/auth.go:169.19,172.28 3 0
github.com/ljluestc/orchestrator/pkg/security/auth.go:173.17,174.26 1 0
github.com/ljluestc/orchestrator/pkg/security/auth.go:178.2,179.28 2 1
github.com/ljluestc/orchestrator/pkg/security/auth.go:179.28,181.3 1 1
github.com/ljluestc/orchestrator/pkg/security/auth.go:182.2,182.14 1 1
github.com/ljluestc/orchestrator/pkg/security/auth.go:186.56,187.40 1 0
github.com/ljluestc/orchestrator/pkg/security/auth.go:187.40,188.25 1 0
github.com/ljluestc/orchestrator/pkg/security/auth.go:188.25,190.4 1 0
github.com/ljluestc/orchestrator/pkg/security/auth.go:192.2,192.14 1 0
github.com/ljluestc/orchestrator/pkg/security/auth.go:196.55,200.2 3 1
github.com/ljluestc/orchestrator/pkg/security/auth.go:203.84,208.13 4 1
github.com/ljluestc/orchestrator/pkg/security/auth.go:208.13,210.3 1 1
github.com/ljluestc/orchestrator/pkg/security/auth.go:213.2,214.16 2 1
github.com/ljluestc/orchestrator/pkg/security/auth.go:214.16,216.3 1 0
github.com/ljluestc/orchestrator/pkg/security/auth.go:219.2,222.12 3 1
github.com/ljluestc/orchestrator/pkg/security/auth.go:226.58,231.13 4 1
github.com/ljluestc/orchestrator/pkg/security/auth.go:231.13,233.3 1 1
github.com/ljluestc/orchestrator/pkg/security/auth.go:235.2,238.43 2 1
github.com/ljluestc/orchestrator/pkg/security/auth.go:238.43,239.33 1 1
github.com/ljluestc/orchestrator/pkg/security/auth.go:239.33,241.4 1 1
github.com/ljluestc/orchestrator/pkg/security/auth.go:244.2,244.12 1 1
github.com/ljluestc/orchestrator/pkg/security/auth.go:248.58,252.43 3 1
github.com/ljluestc/orchestrator/pkg/security/auth.go:252.43,253.33 1 0
github.com/ljluestc/orchestrator/pkg/security/auth.go:253.33,255.4 1 0
github.com/ljluestc/orchestrator/pkg/security/auth.go:260.44,265.32 4 1
github.com/ljluestc/orchestrator/pkg/security/auth.go:265.32,267.3 1 1
github.com/ljluestc/orchestrator/pkg/security/auth.go:268.2,268.14 1 1
github.com/ljluestc/orchestrator/pkg/security/auth.go:272.64,277.13 4 1
github.com/ljluestc/orchestrator/pkg/security/auth.go:277.13,279.3 1 1
github.com/ljluestc/orchestrator/pkg/security/auth.go:280.2,280.18 1 1
github.com/ljluestc/orchestrator/pkg/security/auth.go:284.70,286.16 2 1
github.com/ljluestc/orchestrator/pkg/security/auth.go:286.16,288.3 1 0
github.com/ljluestc/orchestrator/pkg/security/auth.go:289.2,289.36 1 1
github.com/ljluestc/orchestrator/pkg/security/auth.go:293.68,295.2 1 1
github.com/ljluestc/orchestrator/pkg/security/auth.go:298.51,300.2 1 1
github.com/ljluestc/orchestrator/pkg/security/auth.go:303.68,304.12 1 1
github.com/ljluestc/orchestrator/pkg/security/auth.go:304.12,308.22 3 1
github.com/ljluestc/orchestrator/pkg/security/auth.go:308.22,310.4 1 1
github.com/ljluestc/orchestrator/pkg/security/auth.go:315.47,320.43 4 1
github.com/ljluestc/orchestrator/pkg/security/auth.go:320.43,321.33 1 0
github.com/ljluestc/orchestrator/pkg/security/auth.go:321.33,323.4 1 0
github.com/ljluestc/orchestrator/pkg/security/auth.go:328.87,332.6 3 0
github.com/ljluestc/orchestrator/pkg/security/auth.go:332.6,333.10 1 0
github.com/ljluestc/orchestrator/pkg/security/auth.go:334.21,335.10 1 0
github.com/ljluestc/orchestrator/pkg/security/auth.go:336.19,337.29 1 0
