mode: set
github.com/ljluestc/orchestrator/pkg/isolation/cgroups_manager.go:73.66,75.16 2 0
github.com/ljluestc/orchestrator/pkg/isolation/cgroups_manager.go:75.16,77.3 1 0
github.com/ljluestc/orchestrator/pkg/isolation/cgroups_manager.go:79.2,79.20 1 0
github.com/ljluestc/orchestrator/pkg/isolation/cgroups_manager.go:79.20,81.3 1 0
github.com/ljluestc/orchestrator/pkg/isolation/cgroups_manager.go:83.2,91.16 3 0
github.com/ljluestc/orchestrator/pkg/isolation/cgroups_manager.go:95.53,97.72 1 1
github.com/ljluestc/orchestrator/pkg/isolation/cgroups_manager.go:97.72,99.58 1 1
github.com/ljluestc/orchestrator/pkg/isolation/cgroups_manager.go:99.58,101.4 1 0
github.com/ljluestc/orchestrator/pkg/isolation/cgroups_manager.go:102.3,102.24 1 1
github.com/ljluestc/orchestrator/pkg/isolation/cgroups_manager.go:106.2,106.57 1 0
github.com/ljluestc/orchestrator/pkg/isolation/cgroups_manager.go:106.57,108.3 1 0
github.com/ljluestc/orchestrator/pkg/isolation/cgroups_manager.go:110.2,110.46 1 0
github.com/ljluestc/orchestrator/pkg/isolation/cgroups_manager.go:114.99,123.20 6 0
github.com/ljluestc/orchestrator/pkg/isolation/cgroups_manager.go:124.32,125.57 1 0
github.com/ljluestc/orchestrator/pkg/isolation/cgroups_manager.go:126.17,127.57 1 0
github.com/ljluestc/orchestrator/pkg/isolation/cgroups_manager.go:128.10,129.67 1 0
github.com/ljluestc/orchestrator/pkg/isolation/cgroups_manager.go:132.2,132.16 1 0
github.com/ljluestc/orchestrator/pkg/isolation/cgroups_manager.go:132.16,134.3 1 0
github.com/ljluestc/orchestrator/pkg/isolation/cgroups_manager.go:136.2,139.12 3 0
github.com/ljluestc/orchestrator/pkg/isolation/cgroups_manager.go:143.113,168.29 4 0
github.com/ljluestc/orchestrator/pkg/isolation/cgroups_manager.go:168.29,169.49 1 0
github.com/ljluestc/orchestrator/pkg/isolation/cgroups_manager.go:169.49,171.4 1 0
github.com/ljluestc/orchestrator/pkg/isolation/cgroups_manager.go:175.2,175.26 1 0
github.com/ljluestc/orchestrator/pkg/isolation/cgroups_manager.go:175.26,176.116 1 0
github.com/ljluestc/orchestrator/pkg/isolation/cgroups_manager.go:176.116,178.4 1 0
github.com/ljluestc/orchestrator/pkg/isolation/cgroups_manager.go:180.2,180.25 1 0
github.com/ljluestc/orchestrator/pkg/isolation/cgroups_manager.go:180.25,181.121 1 0
github.com/ljluestc/orchestrator/pkg/isolation/cgroups_manager.go:181.121,183.4 1 0
github.com/ljluestc/orchestrator/pkg/isolation/cgroups_manager.go:185.2,185.26 1 0
github.com/ljluestc/orchestrator/pkg/isolation/cgroups_manager.go:185.26,186.123 1 0
github.com/ljluestc/orchestrator/pkg/isolation/cgroups_manager.go:186.123,188.4 1 0
github.com/ljluestc/orchestrator/pkg/isolation/cgroups_manager.go:192.2,192.28 1 0
github.com/ljluestc/orchestrator/pkg/isolation/cgroups_manager.go:192.28,193.132 1 0
github.com/ljluestc/orchestrator/pkg/isolation/cgroups_manager.go:193.132,195.4 1 0
github.com/ljluestc/orchestrator/pkg/isolation/cgroups_manager.go:197.2,197.27 1 0
github.com/ljluestc/orchestrator/pkg/isolation/cgroups_manager.go:197.27,198.137 1 0
github.com/ljluestc/orchestrator/pkg/isolation/cgroups_manager.go:198.137,200.4 1 0
github.com/ljluestc/orchestrator/pkg/isolation/cgroups_manager.go:202.2,202.27 1 0
github.com/ljluestc/orchestrator/pkg/isolation/cgroups_manager.go:202.27,203.91 1 0
github.com/ljluestc/orchestrator/pkg/isolation/cgroups_manager.go:203.91,205.4 1 0
github.com/ljluestc/orchestrator/pkg/isolation/cgroups_manager.go:209.2,209.28 1 0
github.com/ljluestc/orchestrator/pkg/isolation/cgroups_manager.go:209.28,210.122 1 0
github.com/ljluestc/orchestrator/pkg/isolation/cgroups_manager.go:210.122,212.4 1 0
github.com/ljluestc/orchestrator/pkg/isolation/cgroups_manager.go:216.2,216.26 1 0
github.com/ljluestc/orchestrator/pkg/isolation/cgroups_manager.go:216.26,217.115 1 0
github.com/ljluestc/orchestrator/pkg/isolation/cgroups_manager.go:217.115,219.4 1 0
github.com/ljluestc/orchestrator/pkg/isolation/cgroups_manager.go:223.2,223.30 1 0
github.com/ljluestc/orchestrator/pkg/isolation/cgroups_manager.go:223.30,225.88 2 0
github.com/ljluestc/orchestrator/pkg/isolation/cgroups_manager.go:225.88,227.4 1 0
github.com/ljluestc/orchestrator/pkg/isolation/cgroups_manager.go:229.3,230.23 2 0
github.com/ljluestc/orchestrator/pkg/isolation/cgroups_manager.go:230.23,232.4 1 0
github.com/ljluestc/orchestrator/pkg/isolation/cgroups_manager.go:235.2,235.21 1 0
github.com/ljluestc/orchestrator/pkg/isolation/cgroups_manager.go:239.113,242.54 2 0
github.com/ljluestc/orchestrator/pkg/isolation/cgroups_manager.go:242.54,244.3 1 0
github.com/ljluestc/orchestrator/pkg/isolation/cgroups_manager.go:246.2,258.101 5 0
github.com/ljluestc/orchestrator/pkg/isolation/cgroups_manager.go:258.101,260.3 1 0
github.com/ljluestc/orchestrator/pkg/isolation/cgroups_manager.go:263.2,263.49 1 0
github.com/ljluestc/orchestrator/pkg/isolation/cgroups_manager.go:263.49,265.75 2 0
github.com/ljluestc/orchestrator/pkg/isolation/cgroups_manager.go:265.75,267.4 1 0
github.com/ljluestc/orchestrator/pkg/isolation/cgroups_manager.go:269.2,269.26 1 0
github.com/ljluestc/orchestrator/pkg/isolation/cgroups_manager.go:269.26,272.101 2 0
github.com/ljluestc/orchestrator/pkg/isolation/cgroups_manager.go:272.101,274.4 1 0
github.com/ljluestc/orchestrator/pkg/isolation/cgroups_manager.go:278.2,278.28 1 0
github.com/ljluestc/orchestrator/pkg/isolation/cgroups_manager.go:278.28,279.113 1 0
github.com/ljluestc/orchestrator/pkg/isolation/cgroups_manager.go:279.113,281.4 1 0
github.com/ljluestc/orchestrator/pkg/isolation/cgroups_manager.go:285.2,285.57 1 0
github.com/ljluestc/orchestrator/pkg/isolation/cgroups_manager.go:285.57,289.3 1 0
github.com/ljluestc/orchestrator/pkg/isolation/cgroups_manager.go:292.2,292.26 1 0
github.com/ljluestc/orchestrator/pkg/isolation/cgroups_manager.go:292.26,293.109 1 0
github.com/ljluestc/orchestrator/pkg/isolation/cgroups_manager.go:293.109,295.4 1 0
github.com/ljluestc/orchestrator/pkg/isolation/cgroups_manager.go:298.2,298.21 1 0
github.com/ljluestc/orchestrator/pkg/isolation/cgroups_manager.go:302.81,307.13 4 0
github.com/ljluestc/orchestrator/pkg/isolation/cgroups_manager.go:307.13,309.3 1 0
github.com/ljluestc/orchestrator/pkg/isolation/cgroups_manager.go:311.2,313.20 2 0
github.com/ljluestc/orchestrator/pkg/isolation/cgroups_manager.go:314.32,323.30 2 0
github.com/ljluestc/orchestrator/pkg/isolation/cgroups_manager.go:323.30,324.75 1 0
github.com/ljluestc/orchestrator/pkg/isolation/cgroups_manager.go:324.75,326.5 1 0
github.com/ljluestc/orchestrator/pkg/isolation/cgroups_manager.go:329.17,331.85 1 0
github.com/ljluestc/orchestrator/pkg/isolation/cgroups_manager.go:331.85,333.4 1 0
github.com/ljluestc/orchestrator/pkg/isolation/cgroups_manager.go:336.2,337.12 2 0
github.com/ljluestc/orchestrator/pkg/isolation/cgroups_manager.go:341.88,346.13 4 0
github.com/ljluestc/orchestrator/pkg/isolation/cgroups_manager.go:346.13,348.3 1 0
github.com/ljluestc/orchestrator/pkg/isolation/cgroups_manager.go:350.2,352.20 2 0
github.com/ljluestc/orchestrator/pkg/isolation/cgroups_manager.go:353.32,354.32 1 0
github.com/ljluestc/orchestrator/pkg/isolation/cgroups_manager.go:355.17,356.32 1 0
github.com/ljluestc/orchestrator/pkg/isolation/cgroups_manager.go:359.2,359.19 1 0
github.com/ljluestc/orchestrator/pkg/isolation/cgroups_manager.go:363.87,365.86 1 0
github.com/ljluestc/orchestrator/pkg/isolation/cgroups_manager.go:365.86,367.3 1 0
github.com/ljluestc/orchestrator/pkg/isolation/cgroups_manager.go:370.2,370.97 1 0
github.com/ljluestc/orchestrator/pkg/isolation/cgroups_manager.go:370.97,372.3 1 0
github.com/ljluestc/orchestrator/pkg/isolation/cgroups_manager.go:373.2,373.97 1 0
github.com/ljluestc/orchestrator/pkg/isolation/cgroups_manager.go:373.97,375.3 1 0
github.com/ljluestc/orchestrator/pkg/isolation/cgroups_manager.go:376.2,376.27 1 0
github.com/ljluestc/orchestrator/pkg/isolation/cgroups_manager.go:376.27,378.3 1 0
github.com/ljluestc/orchestrator/pkg/isolation/cgroups_manager.go:381.2,381.96 1 0
github.com/ljluestc/orchestrator/pkg/isolation/cgroups_manager.go:381.96,382.56 1 0
github.com/ljluestc/orchestrator/pkg/isolation/cgroups_manager.go:382.56,383.44 1 0
github.com/ljluestc/orchestrator/pkg/isolation/cgroups_manager.go:383.44,385.25 2 0
github.com/ljluestc/orchestrator/pkg/isolation/cgroups_manager.go:385.25,387.6 1 0
github.com/ljluestc/orchestrator/pkg/isolation/cgroups_manager.go:393.2,393.86 1 0
github.com/ljluestc/orchestrator/pkg/isolation/cgroups_manager.go:393.86,395.3 1 0
github.com/ljluestc/orchestrator/pkg/isolation/cgroups_manager.go:399.87,401.80 1 0
github.com/ljluestc/orchestrator/pkg/isolation/cgroups_manager.go:401.80,402.53 1 0
github.com/ljluestc/orchestrator/pkg/isolation/cgroups_manager.go:402.53,403.46 1 0
github.com/ljluestc/orchestrator/pkg/isolation/cgroups_manager.go:403.46,405.25 2 0
github.com/ljluestc/orchestrator/pkg/isolation/cgroups_manager.go:405.25,408.6 2 0
github.com/ljluestc/orchestrator/pkg/isolation/cgroups_manager.go:414.2,414.92 1 0
github.com/ljluestc/orchestrator/pkg/isolation/cgroups_manager.go:414.92,416.3 1 0
github.com/ljluestc/orchestrator/pkg/isolation/cgroups_manager.go:417.2,417.84 1 0
github.com/ljluestc/orchestrator/pkg/isolation/cgroups_manager.go:417.84,418.41 1 0
github.com/ljluestc/orchestrator/pkg/isolation/cgroups_manager.go:418.41,420.4 1 0
github.com/ljluestc/orchestrator/pkg/isolation/cgroups_manager.go:422.2,422.27 1 0
github.com/ljluestc/orchestrator/pkg/isolation/cgroups_manager.go:422.27,424.3 1 0
github.com/ljluestc/orchestrator/pkg/isolation/cgroups_manager.go:427.2,427.89 1 0
github.com/ljluestc/orchestrator/pkg/isolation/cgroups_manager.go:427.89,429.3 1 0
github.com/ljluestc/orchestrator/pkg/isolation/cgroups_manager.go:433.76,438.13 4 0
github.com/ljluestc/orchestrator/pkg/isolation/cgroups_manager.go:438.13,440.3 1 0
github.com/ljluestc/orchestrator/pkg/isolation/cgroups_manager.go:443.2,443.20 1 0
github.com/ljluestc/orchestrator/pkg/isolation/cgroups_manager.go:444.32,454.30 2 0
github.com/ljluestc/orchestrator/pkg/isolation/cgroups_manager.go:454.30,455.65 1 0
github.com/ljluestc/orchestrator/pkg/isolation/cgroups_manager.go:455.65,457.5 1 0
github.com/ljluestc/orchestrator/pkg/isolation/cgroups_manager.go:460.17,461.75 1 0
github.com/ljluestc/orchestrator/pkg/isolation/cgroups_manager.go:461.75,463.4 1 0
github.com/ljluestc/orchestrator/pkg/isolation/cgroups_manager.go:466.2,469.12 3 0
github.com/ljluestc/orchestrator/pkg/isolation/cgroups_manager.go:473.85,476.2 2 0
github.com/ljluestc/orchestrator/pkg/isolation/cgroups_manager.go:479.87,482.16 3 0
github.com/ljluestc/orchestrator/pkg/isolation/cgroups_manager.go:482.16,484.3 1 0
github.com/ljluestc/orchestrator/pkg/isolation/cgroups_manager.go:485.2,485.26 1 0
github.com/ljluestc/orchestrator/pkg/isolation/cgroups_manager.go:489.40,490.21 1 0
github.com/ljluestc/orchestrator/pkg/isolation/cgroups_manager.go:490.21,492.3 1 0
github.com/ljluestc/orchestrator/pkg/isolation/cgroups_manager.go:495.2,496.29 2 0
github.com/ljluestc/orchestrator/pkg/isolation/cgroups_manager.go:496.29,498.3 1 0
github.com/ljluestc/orchestrator/pkg/isolation/cgroups_manager.go:499.2,499.33 1 0
github.com/ljluestc/orchestrator/pkg/isolation/cgroups_manager.go:503.91,505.16 2 0
github.com/ljluestc/orchestrator/pkg/isolation/cgroups_manager.go:505.16,507.3 1 0
github.com/ljluestc/orchestrator/pkg/isolation/cgroups_manager.go:509.2,512.30 2 0
github.com/ljluestc/orchestrator/pkg/isolation/cgroups_manager.go:512.30,514.3 1 0
github.com/ljluestc/orchestrator/pkg/isolation/cgroups_manager.go:517.2,517.28 1 0
github.com/ljluestc/orchestrator/pkg/isolation/cgroups_manager.go:517.28,519.3 1 0
github.com/ljluestc/orchestrator/pkg/isolation/cgroups_manager.go:521.2,521.24 1 0
