mode: set
github.com/ljluestc/orchestrator/pkg/marathon/autohealer.go:84.55,93.2 1 1
github.com/ljluestc/orchestrator/pkg/marathon/autohealer.go:96.64,97.19 1 1
github.com/ljluestc/orchestrator/pkg/marathon/autohealer.go:97.19,99.3 1 1
github.com/ljluestc/orchestrator/pkg/marathon/autohealer.go:101.2,105.36 3 1
github.com/ljluestc/orchestrator/pkg/marathon/autohealer.go:105.36,107.3 1 1
github.com/ljluestc/orchestrator/pkg/marathon/autohealer.go:108.2,108.40 1 1
github.com/ljluestc/orchestrator/pkg/marathon/autohealer.go:108.40,110.3 1 1
github.com/ljluestc/orchestrator/pkg/marathon/autohealer.go:111.2,111.36 1 1
github.com/ljluestc/orchestrator/pkg/marathon/autohealer.go:111.36,113.3 1 1
github.com/ljluestc/orchestrator/pkg/marathon/autohealer.go:114.2,114.32 1 1
github.com/ljluestc/orchestrator/pkg/marathon/autohealer.go:114.32,116.3 1 1
github.com/ljluestc/orchestrator/pkg/marathon/autohealer.go:117.2,117.38 1 1
github.com/ljluestc/orchestrator/pkg/marathon/autohealer.go:117.38,119.3 1 1
github.com/ljluestc/orchestrator/pkg/marathon/autohealer.go:122.2,122.44 1 1
github.com/ljluestc/orchestrator/pkg/marathon/autohealer.go:122.44,124.3 1 1
github.com/ljluestc/orchestrator/pkg/marathon/autohealer.go:125.2,125.40 1 1
github.com/ljluestc/orchestrator/pkg/marathon/autohealer.go:125.40,127.3 1 1
github.com/ljluestc/orchestrator/pkg/marathon/autohealer.go:128.2,128.42 1 1
github.com/ljluestc/orchestrator/pkg/marathon/autohealer.go:128.42,130.3 1 1
github.com/ljluestc/orchestrator/pkg/marathon/autohealer.go:132.2,137.12 3 1
github.com/ljluestc/orchestrator/pkg/marathon/autohealer.go:141.56,147.6 4 1
github.com/ljluestc/orchestrator/pkg/marathon/autohealer.go:147.6,148.10 1 1
github.com/ljluestc/orchestrator/pkg/marathon/autohealer.go:149.21,151.14 2 1
github.com/ljluestc/orchestrator/pkg/marathon/autohealer.go:152.19,153.24 1 1
github.com/ljluestc/orchestrator/pkg/marathon/autohealer.go:159.57,162.41 3 1
github.com/ljluestc/orchestrator/pkg/marathon/autohealer.go:162.41,163.21 1 1
github.com/ljluestc/orchestrator/pkg/marathon/autohealer.go:163.21,165.4 1 1
github.com/ljluestc/orchestrator/pkg/marathon/autohealer.go:167.2,169.30 2 1
github.com/ljluestc/orchestrator/pkg/marathon/autohealer.go:169.30,170.56 1 1
github.com/ljluestc/orchestrator/pkg/marathon/autohealer.go:170.56,172.4 1 0
github.com/ljluestc/orchestrator/pkg/marathon/autohealer.go:177.88,180.16 2 1
github.com/ljluestc/orchestrator/pkg/marathon/autohealer.go:180.16,182.3 1 1
github.com/ljluestc/orchestrator/pkg/marathon/autohealer.go:184.2,185.16 2 1
github.com/ljluestc/orchestrator/pkg/marathon/autohealer.go:185.16,187.3 1 1
github.com/ljluestc/orchestrator/pkg/marathon/autohealer.go:190.2,190.29 1 1
github.com/ljluestc/orchestrator/pkg/marathon/autohealer.go:190.29,192.3 1 1
github.com/ljluestc/orchestrator/pkg/marathon/autohealer.go:195.2,195.28 1 1
github.com/ljluestc/orchestrator/pkg/marathon/autohealer.go:195.28,198.3 1 1
github.com/ljluestc/orchestrator/pkg/marathon/autohealer.go:200.2,200.12 1 1
github.com/ljluestc/orchestrator/pkg/marathon/autohealer.go:204.92,210.16 4 1
github.com/ljluestc/orchestrator/pkg/marathon/autohealer.go:210.16,212.3 1 1
github.com/ljluestc/orchestrator/pkg/marathon/autohealer.go:215.2,215.97 1 1
github.com/ljluestc/orchestrator/pkg/marathon/autohealer.go:215.97,217.3 1 1
github.com/ljluestc/orchestrator/pkg/marathon/autohealer.go:217.8,217.42 1 1
github.com/ljluestc/orchestrator/pkg/marathon/autohealer.go:217.42,222.3 3 1
github.com/ljluestc/orchestrator/pkg/marathon/autohealer.go:226.99,234.13 5 1
github.com/ljluestc/orchestrator/pkg/marathon/autohealer.go:234.13,246.3 4 1
github.com/ljluestc/orchestrator/pkg/marathon/autohealer.go:249.2,256.61 4 1
github.com/ljluestc/orchestrator/pkg/marathon/autohealer.go:256.61,259.3 2 1
github.com/ljluestc/orchestrator/pkg/marathon/autohealer.go:262.2,262.42 1 1
github.com/ljluestc/orchestrator/pkg/marathon/autohealer.go:262.42,264.3 1 1
github.com/ljluestc/orchestrator/pkg/marathon/autohealer.go:267.2,267.60 1 1
github.com/ljluestc/orchestrator/pkg/marathon/autohealer.go:267.60,272.3 3 1
github.com/ljluestc/orchestrator/pkg/marathon/autohealer.go:275.2,275.57 1 1
github.com/ljluestc/orchestrator/pkg/marathon/autohealer.go:275.57,279.3 2 0
github.com/ljluestc/orchestrator/pkg/marathon/autohealer.go:281.2,281.16 1 1
github.com/ljluestc/orchestrator/pkg/marathon/autohealer.go:281.16,283.3 1 1
github.com/ljluestc/orchestrator/pkg/marathon/autohealer.go:287.129,295.15 5 1
github.com/ljluestc/orchestrator/pkg/marathon/autohealer.go:295.15,299.3 3 1
github.com/ljluestc/orchestrator/pkg/marathon/autohealer.go:301.2,313.36 4 1
github.com/ljluestc/orchestrator/pkg/marathon/autohealer.go:314.26,315.37 1 1
github.com/ljluestc/orchestrator/pkg/marathon/autohealer.go:316.28,317.39 1 1
github.com/ljluestc/orchestrator/pkg/marathon/autohealer.go:318.24,319.35 1 1
github.com/ljluestc/orchestrator/pkg/marathon/autohealer.go:320.10,321.83 1 1
github.com/ljluestc/orchestrator/pkg/marathon/autohealer.go:325.2,326.16 2 1
github.com/ljluestc/orchestrator/pkg/marathon/autohealer.go:326.16,335.3 6 1
github.com/ljluestc/orchestrator/pkg/marathon/autohealer.go:335.8,341.3 3 1
github.com/ljluestc/orchestrator/pkg/marathon/autohealer.go:344.2,345.34 2 1
github.com/ljluestc/orchestrator/pkg/marathon/autohealer.go:345.34,347.3 1 0
github.com/ljluestc/orchestrator/pkg/marathon/autohealer.go:348.2,348.16 1 1
github.com/ljluestc/orchestrator/pkg/marathon/autohealer.go:352.77,358.2 2 1
github.com/ljluestc/orchestrator/pkg/marathon/autohealer.go:361.79,366.2 2 1
github.com/ljluestc/orchestrator/pkg/marathon/autohealer.go:369.75,374.2 2 1
github.com/ljluestc/orchestrator/pkg/marathon/autohealer.go:377.87,379.32 2 1
github.com/ljluestc/orchestrator/pkg/marathon/autohealer.go:379.32,381.44 2 1
github.com/ljluestc/orchestrator/pkg/marathon/autohealer.go:381.44,383.9 2 1
github.com/ljluestc/orchestrator/pkg/marathon/autohealer.go:386.2,386.30 1 1
github.com/ljluestc/orchestrator/pkg/marathon/autohealer.go:390.58,394.2 3 1
github.com/ljluestc/orchestrator/pkg/marathon/autohealer.go:397.69,403.38 4 1
github.com/ljluestc/orchestrator/pkg/marathon/autohealer.go:403.38,405.3 1 1
github.com/ljluestc/orchestrator/pkg/marathon/autohealer.go:406.2,406.14 1 1
github.com/ljluestc/orchestrator/pkg/marathon/autohealer.go:410.76,415.16 4 1
github.com/ljluestc/orchestrator/pkg/marathon/autohealer.go:415.16,417.3 1 1
github.com/ljluestc/orchestrator/pkg/marathon/autohealer.go:420.2,421.41 2 1
github.com/ljluestc/orchestrator/pkg/marathon/autohealer.go:421.41,422.26 1 1
github.com/ljluestc/orchestrator/pkg/marathon/autohealer.go:422.26,424.4 1 1
github.com/ljluestc/orchestrator/pkg/marathon/autohealer.go:427.2,428.26 2 1
github.com/ljluestc/orchestrator/pkg/marathon/autohealer.go:428.26,430.3 1 1
github.com/ljluestc/orchestrator/pkg/marathon/autohealer.go:432.2,439.8 1 1
github.com/ljluestc/orchestrator/pkg/marathon/autohealer.go:453.69,454.25 1 1
github.com/ljluestc/orchestrator/pkg/marathon/autohealer.go:454.25,456.3 1 1
github.com/ljluestc/orchestrator/pkg/marathon/autohealer.go:456.8,456.32 1 1
github.com/ljluestc/orchestrator/pkg/marathon/autohealer.go:456.32,458.3 1 1
github.com/ljluestc/orchestrator/pkg/marathon/autohealer.go:458.8,458.32 1 1
github.com/ljluestc/orchestrator/pkg/marathon/autohealer.go:458.32,460.3 1 1
github.com/ljluestc/orchestrator/pkg/marathon/autohealer.go:460.8,462.3 1 1
github.com/ljluestc/orchestrator/pkg/marathon/autoscaler.go:89.88,96.2 1 1
github.com/ljluestc/orchestrator/pkg/marathon/autoscaler.go:99.66,104.19 3 1
github.com/ljluestc/orchestrator/pkg/marathon/autoscaler.go:104.19,106.3 1 1
github.com/ljluestc/orchestrator/pkg/marathon/autoscaler.go:107.2,107.29 1 1
github.com/ljluestc/orchestrator/pkg/marathon/autoscaler.go:107.29,109.3 1 1
github.com/ljluestc/orchestrator/pkg/marathon/autoscaler.go:110.2,110.47 1 1
github.com/ljluestc/orchestrator/pkg/marathon/autoscaler.go:110.47,112.3 1 1
github.com/ljluestc/orchestrator/pkg/marathon/autoscaler.go:113.2,113.34 1 1
github.com/ljluestc/orchestrator/pkg/marathon/autoscaler.go:113.34,115.3 1 1
github.com/ljluestc/orchestrator/pkg/marathon/autoscaler.go:118.2,118.40 1 1
github.com/ljluestc/orchestrator/pkg/marathon/autoscaler.go:118.40,120.3 1 1
github.com/ljluestc/orchestrator/pkg/marathon/autoscaler.go:121.2,121.42 1 1
github.com/ljluestc/orchestrator/pkg/marathon/autoscaler.go:121.42,123.3 1 1
github.com/ljluestc/orchestrator/pkg/marathon/autoscaler.go:124.2,124.50 1 1
github.com/ljluestc/orchestrator/pkg/marathon/autoscaler.go:124.50,126.3 1 1
github.com/ljluestc/orchestrator/pkg/marathon/autoscaler.go:127.2,127.52 1 1
github.com/ljluestc/orchestrator/pkg/marathon/autoscaler.go:127.52,129.3 1 1
github.com/ljluestc/orchestrator/pkg/marathon/autoscaler.go:131.2,137.12 4 1
github.com/ljluestc/orchestrator/pkg/marathon/autoscaler.go:141.56,147.6 4 1
github.com/ljluestc/orchestrator/pkg/marathon/autoscaler.go:147.6,148.10 1 1
github.com/ljluestc/orchestrator/pkg/marathon/autoscaler.go:149.21,151.14 2 1
github.com/ljluestc/orchestrator/pkg/marathon/autoscaler.go:152.19,153.25 1 0
github.com/ljluestc/orchestrator/pkg/marathon/autoscaler.go:159.58,162.41 3 1
github.com/ljluestc/orchestrator/pkg/marathon/autoscaler.go:162.41,163.21 1 1
github.com/ljluestc/orchestrator/pkg/marathon/autoscaler.go:163.21,165.4 1 1
github.com/ljluestc/orchestrator/pkg/marathon/autoscaler.go:167.2,169.30 2 1
github.com/ljluestc/orchestrator/pkg/marathon/autoscaler.go:169.30,170.53 1 1
github.com/ljluestc/orchestrator/pkg/marathon/autoscaler.go:170.53,172.4 1 0
github.com/ljluestc/orchestrator/pkg/marathon/autoscaler.go:177.87,180.16 2 1
github.com/ljluestc/orchestrator/pkg/marathon/autoscaler.go:180.16,182.3 1 1
github.com/ljluestc/orchestrator/pkg/marathon/autoscaler.go:185.2,186.16 2 1
github.com/ljluestc/orchestrator/pkg/marathon/autoscaler.go:186.16,189.3 2 1
github.com/ljluestc/orchestrator/pkg/marathon/autoscaler.go:191.2,192.16 2 1
github.com/ljluestc/orchestrator/pkg/marathon/autoscaler.go:192.16,195.3 2 1
github.com/ljluestc/orchestrator/pkg/marathon/autoscaler.go:197.2,203.26 3 1
github.com/ljluestc/orchestrator/pkg/marathon/autoscaler.go:203.26,205.3 1 1
github.com/ljluestc/orchestrator/pkg/marathon/autoscaler.go:207.2,207.12 1 1
github.com/ljluestc/orchestrator/pkg/marathon/autoscaler.go:221.128,229.39 3 1
github.com/ljluestc/orchestrator/pkg/marathon/autoscaler.go:229.39,235.3 5 1
github.com/ljluestc/orchestrator/pkg/marathon/autoscaler.go:235.8,235.77 1 1
github.com/ljluestc/orchestrator/pkg/marathon/autoscaler.go:235.77,241.3 5 1
github.com/ljluestc/orchestrator/pkg/marathon/autoscaler.go:244.2,244.84 1 1
github.com/ljluestc/orchestrator/pkg/marathon/autoscaler.go:244.84,250.3 5 1
github.com/ljluestc/orchestrator/pkg/marathon/autoscaler.go:253.2,253.26 1 1
github.com/ljluestc/orchestrator/pkg/marathon/autoscaler.go:253.26,255.35 2 1
github.com/ljluestc/orchestrator/pkg/marathon/autoscaler.go:255.35,257.4 1 1
github.com/ljluestc/orchestrator/pkg/marathon/autoscaler.go:259.3,259.50 1 1
github.com/ljluestc/orchestrator/pkg/marathon/autoscaler.go:259.50,264.4 3 1
github.com/ljluestc/orchestrator/pkg/marathon/autoscaler.go:268.2,268.26 1 1
github.com/ljluestc/orchestrator/pkg/marathon/autoscaler.go:268.26,269.33 1 1
github.com/ljluestc/orchestrator/pkg/marathon/autoscaler.go:269.33,271.21 2 1
github.com/ljluestc/orchestrator/pkg/marathon/autoscaler.go:271.21,273.5 1 1
github.com/ljluestc/orchestrator/pkg/marathon/autoscaler.go:274.4,274.78 1 1
github.com/ljluestc/orchestrator/pkg/marathon/autoscaler.go:275.9,277.21 2 1
github.com/ljluestc/orchestrator/pkg/marathon/autoscaler.go:277.21,279.5 1 1
github.com/ljluestc/orchestrator/pkg/marathon/autoscaler.go:280.4,280.78 1 1
github.com/ljluestc/orchestrator/pkg/marathon/autoscaler.go:284.3,284.47 1 1
github.com/ljluestc/orchestrator/pkg/marathon/autoscaler.go:284.47,287.4 2 1
github.com/ljluestc/orchestrator/pkg/marathon/autoscaler.go:290.2,290.17 1 1
github.com/ljluestc/orchestrator/pkg/marathon/autoscaler.go:294.132,300.16 3 1
github.com/ljluestc/orchestrator/pkg/marathon/autoscaler.go:300.16,302.3 1 1
github.com/ljluestc/orchestrator/pkg/marathon/autoscaler.go:305.2,318.35 5 1
github.com/ljluestc/orchestrator/pkg/marathon/autoscaler.go:318.35,320.3 1 1
github.com/ljluestc/orchestrator/pkg/marathon/autoscaler.go:321.2,325.12 3 1
github.com/ljluestc/orchestrator/pkg/marathon/autoscaler.go:329.66,333.54 3 1
github.com/ljluestc/orchestrator/pkg/marathon/autoscaler.go:333.54,335.3 1 1
github.com/ljluestc/orchestrator/pkg/marathon/autoscaler.go:336.2,336.12 1 1
github.com/ljluestc/orchestrator/pkg/marathon/autoscaler.go:340.88,345.13 4 1
github.com/ljluestc/orchestrator/pkg/marathon/autoscaler.go:345.13,347.3 1 1
github.com/ljluestc/orchestrator/pkg/marathon/autoscaler.go:349.2,352.12 3 1
github.com/ljluestc/orchestrator/pkg/marathon/autoscaler.go:356.24,357.11 1 1
github.com/ljluestc/orchestrator/pkg/marathon/autoscaler.go:357.11,359.3 1 1
github.com/ljluestc/orchestrator/pkg/marathon/autoscaler.go:360.2,360.10 1 1
github.com/ljluestc/orchestrator/pkg/marathon/autoscaler.go:363.24,364.11 1 1
github.com/ljluestc/orchestrator/pkg/marathon/autoscaler.go:364.11,366.3 1 1
github.com/ljluestc/orchestrator/pkg/marathon/autoscaler.go:367.2,367.10 1 1
github.com/ljluestc/orchestrator/pkg/marathon/framework.go:172.77,182.2 1 1
github.com/ljluestc/orchestrator/pkg/marathon/framework.go:185.34,202.2 6 1
github.com/ljluestc/orchestrator/pkg/marathon/framework.go:205.33,209.2 3 0
github.com/ljluestc/orchestrator/pkg/marathon/framework.go:212.46,246.2 20 1
github.com/ljluestc/orchestrator/pkg/marathon/framework.go:249.42,253.6 3 1
github.com/ljluestc/orchestrator/pkg/marathon/framework.go:253.6,254.10 1 1
github.com/ljluestc/orchestrator/pkg/marathon/framework.go:255.19,256.20 1 0
github.com/ljluestc/orchestrator/pkg/marathon/framework.go:262.41,265.2 1 1
github.com/ljluestc/orchestrator/pkg/marathon/framework.go:268.35,272.31 3 1
github.com/ljluestc/orchestrator/pkg/marathon/framework.go:272.31,274.35 1 1
github.com/ljluestc/orchestrator/pkg/marathon/framework.go:274.35,278.4 3 1
github.com/ljluestc/orchestrator/pkg/marathon/framework.go:283.54,312.37 14 1
github.com/ljluestc/orchestrator/pkg/marathon/framework.go:312.37,317.3 4 1
github.com/ljluestc/orchestrator/pkg/marathon/framework.go:319.2,320.12 2 1
github.com/ljluestc/orchestrator/pkg/marathon/framework.go:324.74,336.2 2 1
github.com/ljluestc/orchestrator/pkg/marathon/framework.go:339.68,344.13 4 1
github.com/ljluestc/orchestrator/pkg/marathon/framework.go:344.13,346.3 1 1
github.com/ljluestc/orchestrator/pkg/marathon/framework.go:349.2,370.12 9 1
github.com/ljluestc/orchestrator/pkg/marathon/framework.go:374.50,379.13 4 1
github.com/ljluestc/orchestrator/pkg/marathon/framework.go:379.13,381.3 1 1
github.com/ljluestc/orchestrator/pkg/marathon/framework.go:384.2,384.33 1 1
github.com/ljluestc/orchestrator/pkg/marathon/framework.go:384.33,386.3 1 1
github.com/ljluestc/orchestrator/pkg/marathon/framework.go:389.2,392.12 3 1
github.com/ljluestc/orchestrator/pkg/marathon/framework.go:396.64,401.13 4 1
github.com/ljluestc/orchestrator/pkg/marathon/framework.go:401.13,403.3 1 1
github.com/ljluestc/orchestrator/pkg/marathon/framework.go:405.2,408.30 3 1
github.com/ljluestc/orchestrator/pkg/marathon/framework.go:408.30,410.45 1 1
github.com/ljluestc/orchestrator/pkg/marathon/framework.go:410.45,415.4 4 1
github.com/ljluestc/orchestrator/pkg/marathon/framework.go:416.8,416.37 1 1
github.com/ljluestc/orchestrator/pkg/marathon/framework.go:416.37,418.45 1 1
github.com/ljluestc/orchestrator/pkg/marathon/framework.go:418.45,420.47 2 1
github.com/ljluestc/orchestrator/pkg/marathon/framework.go:420.47,424.5 3 1
github.com/ljluestc/orchestrator/pkg/marathon/framework.go:428.2,429.12 2 1
github.com/ljluestc/orchestrator/pkg/marathon/framework.go:433.75,438.37 4 1
github.com/ljluestc/orchestrator/pkg/marathon/framework.go:438.37,440.3 1 1
github.com/ljluestc/orchestrator/pkg/marathon/framework.go:442.2,447.37 3 1
github.com/ljluestc/orchestrator/pkg/marathon/framework.go:450.76,452.61 2 1
github.com/ljluestc/orchestrator/pkg/marathon/framework.go:452.61,455.3 2 1
github.com/ljluestc/orchestrator/pkg/marathon/framework.go:457.2,457.42 1 1
github.com/ljluestc/orchestrator/pkg/marathon/framework.go:457.42,460.3 2 0
github.com/ljluestc/orchestrator/pkg/marathon/framework.go:462.2,463.32 2 1
github.com/ljluestc/orchestrator/pkg/marathon/framework.go:466.73,474.13 6 1
github.com/ljluestc/orchestrator/pkg/marathon/framework.go:474.13,477.3 2 1
github.com/ljluestc/orchestrator/pkg/marathon/framework.go:479.2,480.32 2 0
github.com/ljluestc/orchestrator/pkg/marathon/framework.go:483.76,488.61 4 1
github.com/ljluestc/orchestrator/pkg/marathon/framework.go:488.61,491.3 2 1
github.com/ljluestc/orchestrator/pkg/marathon/framework.go:493.2,493.49 1 1
github.com/ljluestc/orchestrator/pkg/marathon/framework.go:493.49,496.3 2 0
github.com/ljluestc/orchestrator/pkg/marathon/framework.go:498.2,499.32 2 1
github.com/ljluestc/orchestrator/pkg/marathon/framework.go:502.76,506.43 3 1
github.com/ljluestc/orchestrator/pkg/marathon/framework.go:506.43,509.3 2 1
github.com/ljluestc/orchestrator/pkg/marathon/framework.go:511.2,511.30 1 0
github.com/ljluestc/orchestrator/pkg/marathon/framework.go:514.77,522.2 4 1
github.com/ljluestc/orchestrator/pkg/marathon/framework.go:524.75,532.65 4 1
github.com/ljluestc/orchestrator/pkg/marathon/framework.go:532.65,535.3 2 1
github.com/ljluestc/orchestrator/pkg/marathon/framework.go:537.2,537.61 1 1
github.com/ljluestc/orchestrator/pkg/marathon/framework.go:537.61,540.3 2 0
github.com/ljluestc/orchestrator/pkg/marathon/framework.go:542.2,542.30 1 1
github.com/ljluestc/orchestrator/pkg/marathon/framework.go:545.76,550.31 4 1
github.com/ljluestc/orchestrator/pkg/marathon/framework.go:550.31,552.3 1 1
github.com/ljluestc/orchestrator/pkg/marathon/framework.go:554.2,559.37 3 1
github.com/ljluestc/orchestrator/pkg/marathon/framework.go:562.79,570.13 6 1
github.com/ljluestc/orchestrator/pkg/marathon/framework.go:570.13,573.3 2 1
github.com/ljluestc/orchestrator/pkg/marathon/framework.go:575.2,576.38 2 0
github.com/ljluestc/orchestrator/pkg/marathon/framework.go:579.74,587.13 6 1
github.com/ljluestc/orchestrator/pkg/marathon/framework.go:587.13,590.3 2 1
github.com/ljluestc/orchestrator/pkg/marathon/framework.go:592.2,593.33 2 0
github.com/ljluestc/orchestrator/pkg/marathon/framework.go:596.75,603.45 5 1
github.com/ljluestc/orchestrator/pkg/marathon/framework.go:603.45,605.3 1 0
github.com/ljluestc/orchestrator/pkg/marathon/framework.go:607.2,607.30 1 1
github.com/ljluestc/orchestrator/pkg/marathon/framework.go:610.82,615.43 4 1
github.com/ljluestc/orchestrator/pkg/marathon/framework.go:615.43,617.3 1 1
github.com/ljluestc/orchestrator/pkg/marathon/framework.go:619.2,620.40 2 1
github.com/ljluestc/orchestrator/pkg/marathon/framework.go:623.80,631.13 6 1
github.com/ljluestc/orchestrator/pkg/marathon/framework.go:631.13,634.3 2 1
github.com/ljluestc/orchestrator/pkg/marathon/framework.go:636.2,637.39 2 1
github.com/ljluestc/orchestrator/pkg/marathon/framework.go:640.83,650.2 6 1
github.com/ljluestc/orchestrator/pkg/marathon/framework.go:652.76,660.13 6 1
github.com/ljluestc/orchestrator/pkg/marathon/framework.go:660.13,663.3 2 1
github.com/ljluestc/orchestrator/pkg/marathon/framework.go:665.2,672.35 3 0
github.com/ljluestc/orchestrator/pkg/marathon/framework.go:675.71,677.2 1 1
github.com/ljluestc/orchestrator/pkg/marathon/framework.go:679.73,682.2 2 1
github.com/ljluestc/orchestrator/pkg/marathon/rolling_updater.go:118.64,124.2 1 0
github.com/ljluestc/orchestrator/pkg/marathon/rolling_updater.go:127.88,132.61 3 0
github.com/ljluestc/orchestrator/pkg/marathon/rolling_updater.go:132.61,133.39 1 0
github.com/ljluestc/orchestrator/pkg/marathon/rolling_updater.go:133.39,135.4 1 0
github.com/ljluestc/orchestrator/pkg/marathon/rolling_updater.go:138.2,143.16 3 0
github.com/ljluestc/orchestrator/pkg/marathon/rolling_updater.go:143.16,145.3 1 0
github.com/ljluestc/orchestrator/pkg/marathon/rolling_updater.go:148.2,165.12 4 0
github.com/ljluestc/orchestrator/pkg/marathon/rolling_updater.go:169.104,170.15 1 0
github.com/ljluestc/orchestrator/pkg/marathon/rolling_updater.go:170.15,171.31 1 0
github.com/ljluestc/orchestrator/pkg/marathon/rolling_updater.go:171.31,174.4 2 0
github.com/ljluestc/orchestrator/pkg/marathon/rolling_updater.go:177.2,179.25 2 0
github.com/ljluestc/orchestrator/pkg/marathon/rolling_updater.go:180.21,181.45 1 0
github.com/ljluestc/orchestrator/pkg/marathon/rolling_updater.go:182.20,183.44 1 0
github.com/ljluestc/orchestrator/pkg/marathon/rolling_updater.go:184.23,185.47 1 0
github.com/ljluestc/orchestrator/pkg/marathon/rolling_updater.go:186.22,187.46 1 0
github.com/ljluestc/orchestrator/pkg/marathon/rolling_updater.go:188.10,189.71 1 0
github.com/ljluestc/orchestrator/pkg/marathon/rolling_updater.go:192.2,192.16 1 0
github.com/ljluestc/orchestrator/pkg/marathon/rolling_updater.go:192.16,197.71 3 0
github.com/ljluestc/orchestrator/pkg/marathon/rolling_updater.go:197.71,200.4 2 0
github.com/ljluestc/orchestrator/pkg/marathon/rolling_updater.go:201.8,204.3 2 0
github.com/ljluestc/orchestrator/pkg/marathon/rolling_updater.go:208.110,212.16 3 0
github.com/ljluestc/orchestrator/pkg/marathon/rolling_updater.go:212.16,214.3 1 0
github.com/ljluestc/orchestrator/pkg/marathon/rolling_updater.go:216.2,217.20 2 0
github.com/ljluestc/orchestrator/pkg/marathon/rolling_updater.go:217.20,219.3 1 0
github.com/ljluestc/orchestrator/pkg/marathon/rolling_updater.go:221.2,223.48 2 0
github.com/ljluestc/orchestrator/pkg/marathon/rolling_updater.go:223.48,241.29 6 0
github.com/ljluestc/orchestrator/pkg/marathon/rolling_updater.go:241.29,243.4 1 0
github.com/ljluestc/orchestrator/pkg/marathon/rolling_updater.go:245.3,246.41 2 0
github.com/ljluestc/orchestrator/pkg/marathon/rolling_updater.go:246.41,248.4 1 0
github.com/ljluestc/orchestrator/pkg/marathon/rolling_updater.go:250.3,258.5 1 0
github.com/ljluestc/orchestrator/pkg/marathon/rolling_updater.go:261.2,262.12 2 0
github.com/ljluestc/orchestrator/pkg/marathon/rolling_updater.go:266.109,269.72 2 0
github.com/ljluestc/orchestrator/pkg/marathon/rolling_updater.go:269.72,271.3 1 0
github.com/ljluestc/orchestrator/pkg/marathon/rolling_updater.go:273.2,274.16 2 0
github.com/ljluestc/orchestrator/pkg/marathon/rolling_updater.go:274.16,276.3 1 0
github.com/ljluestc/orchestrator/pkg/marathon/rolling_updater.go:278.2,280.51 2 0
github.com/ljluestc/orchestrator/pkg/marathon/rolling_updater.go:280.51,288.27 5 0
github.com/ljluestc/orchestrator/pkg/marathon/rolling_updater.go:288.27,290.4 1 0
github.com/ljluestc/orchestrator/pkg/marathon/rolling_updater.go:299.3,304.29 4 0
github.com/ljluestc/orchestrator/pkg/marathon/rolling_updater.go:304.29,306.4 1 0
github.com/ljluestc/orchestrator/pkg/marathon/rolling_updater.go:309.3,309.49 1 0
github.com/ljluestc/orchestrator/pkg/marathon/rolling_updater.go:309.49,315.4 4 0
github.com/ljluestc/orchestrator/pkg/marathon/rolling_updater.go:317.3,325.5 1 0
github.com/ljluestc/orchestrator/pkg/marathon/rolling_updater.go:329.2,333.12 4 0
github.com/ljluestc/orchestrator/pkg/marathon/rolling_updater.go:337.112,340.35 2 0
github.com/ljluestc/orchestrator/pkg/marathon/rolling_updater.go:340.35,342.3 1 0
github.com/ljluestc/orchestrator/pkg/marathon/rolling_updater.go:345.2,359.50 7 0
github.com/ljluestc/orchestrator/pkg/marathon/rolling_updater.go:359.50,362.3 2 0
github.com/ljluestc/orchestrator/pkg/marathon/rolling_updater.go:365.2,368.40 3 0
github.com/ljluestc/orchestrator/pkg/marathon/rolling_updater.go:368.40,372.3 2 0
github.com/ljluestc/orchestrator/pkg/marathon/rolling_updater.go:372.8,378.3 3 0
github.com/ljluestc/orchestrator/pkg/marathon/rolling_updater.go:381.2,384.44 3 0
github.com/ljluestc/orchestrator/pkg/marathon/rolling_updater.go:384.44,387.3 1 0
github.com/ljluestc/orchestrator/pkg/marathon/rolling_updater.go:389.2,389.12 1 0
github.com/ljluestc/orchestrator/pkg/marathon/rolling_updater.go:393.111,417.28 13 0
github.com/ljluestc/orchestrator/pkg/marathon/rolling_updater.go:417.28,419.3 1 0
github.com/ljluestc/orchestrator/pkg/marathon/rolling_updater.go:421.2,421.12 1 0
github.com/ljluestc/orchestrator/pkg/marathon/rolling_updater.go:425.87,428.16 2 0
github.com/ljluestc/orchestrator/pkg/marathon/rolling_updater.go:428.16,430.3 1 0
github.com/ljluestc/orchestrator/pkg/marathon/rolling_updater.go:432.2,433.34 2 0
github.com/ljluestc/orchestrator/pkg/marathon/rolling_updater.go:437.103,446.20 4 0
github.com/ljluestc/orchestrator/pkg/marathon/rolling_updater.go:446.20,448.3 1 0
github.com/ljluestc/orchestrator/pkg/marathon/rolling_updater.go:450.2,450.38 1 0
github.com/ljluestc/orchestrator/pkg/marathon/rolling_updater.go:454.92,458.54 3 0
github.com/ljluestc/orchestrator/pkg/marathon/rolling_updater.go:458.54,462.58 3 0
github.com/ljluestc/orchestrator/pkg/marathon/rolling_updater.go:462.58,465.4 1 0
github.com/ljluestc/orchestrator/pkg/marathon/rolling_updater.go:470.97,494.2 6 0
github.com/ljluestc/orchestrator/pkg/marathon/rolling_updater.go:497.58,502.33 4 0
github.com/ljluestc/orchestrator/pkg/marathon/rolling_updater.go:502.33,504.3 1 0
github.com/ljluestc/orchestrator/pkg/marathon/rolling_updater.go:508.69,512.54 3 0
github.com/ljluestc/orchestrator/pkg/marathon/rolling_updater.go:512.54,514.3 1 0
github.com/ljluestc/orchestrator/pkg/marathon/rolling_updater.go:515.2,515.12 1 0
github.com/ljluestc/orchestrator/pkg/marathon/rolling_updater.go:519.60,523.2 3 0
github.com/ljluestc/orchestrator/pkg/marathon/rolling_updater.go:526.59,530.54 3 0
github.com/ljluestc/orchestrator/pkg/marathon/rolling_updater.go:530.54,531.39 1 0
github.com/ljluestc/orchestrator/pkg/marathon/rolling_updater.go:531.39,535.4 3 0
github.com/ljluestc/orchestrator/pkg/marathon/rolling_updater.go:537.2,537.57 1 0
github.com/ljluestc/orchestrator/pkg/marathon/rolling_updater.go:541.60,545.54 3 0
github.com/ljluestc/orchestrator/pkg/marathon/rolling_updater.go:545.54,546.35 1 0
github.com/ljluestc/orchestrator/pkg/marathon/rolling_updater.go:546.35,550.4 3 0
github.com/ljluestc/orchestrator/pkg/marathon/rolling_updater.go:552.2,552.57 1 0
