mode: set
github.com/ljluestc/orchestrator/internal/storage/storage.go:16.28,20.2 1 1
github.com/ljluestc/orchestrator/internal/storage/storage.go:23.62,24.15 1 1
github.com/ljluestc/orchestrator/internal/storage/storage.go:24.15,26.3 1 1
github.com/ljluestc/orchestrator/internal/storage/storage.go:28.2,31.19 3 1
github.com/ljluestc/orchestrator/internal/storage/storage.go:31.19,33.3 1 1
github.com/ljluestc/orchestrator/internal/storage/storage.go:35.2,36.12 2 1
github.com/ljluestc/orchestrator/internal/storage/storage.go:40.94,41.9 1 1
github.com/ljluestc/orchestrator/internal/storage/storage.go:42.20,43.19 1 1
github.com/ljluestc/orchestrator/internal/storage/storage.go:44.10,45.29 1 1
github.com/ljluestc/orchestrator/internal/storage/storage.go:50.56,51.15 1 1
github.com/ljluestc/orchestrator/internal/storage/storage.go:51.15,53.3 1 1
github.com/ljluestc/orchestrator/internal/storage/storage.go:55.2,58.19 3 1
github.com/ljluestc/orchestrator/internal/storage/storage.go:58.19,60.3 1 1
github.com/ljluestc/orchestrator/internal/storage/storage.go:62.2,63.13 2 1
github.com/ljluestc/orchestrator/internal/storage/storage.go:63.13,65.3 1 1
github.com/ljluestc/orchestrator/internal/storage/storage.go:67.2,67.19 1 1
github.com/ljluestc/orchestrator/internal/storage/storage.go:71.88,72.9 1 1
github.com/ljluestc/orchestrator/internal/storage/storage.go:73.20,74.24 1 1
github.com/ljluestc/orchestrator/internal/storage/storage.go:75.10,76.20 1 1
github.com/ljluestc/orchestrator/internal/storage/storage.go:81.44,82.15 1 1
github.com/ljluestc/orchestrator/internal/storage/storage.go:82.15,84.3 1 1
github.com/ljluestc/orchestrator/internal/storage/storage.go:86.2,89.39 3 1
github.com/ljluestc/orchestrator/internal/storage/storage.go:89.39,91.3 1 1
github.com/ljluestc/orchestrator/internal/storage/storage.go:93.2,94.12 2 1
github.com/ljluestc/orchestrator/internal/storage/storage.go:98.44,103.26 4 1
github.com/ljluestc/orchestrator/internal/storage/storage.go:103.26,105.3 1 1
github.com/ljluestc/orchestrator/internal/storage/storage.go:107.2,107.18 1 1
github.com/ljluestc/orchestrator/internal/storage/storage.go:111.52,112.15 1 1
github.com/ljluestc/orchestrator/internal/storage/storage.go:112.15,114.3 1 1
github.com/ljluestc/orchestrator/internal/storage/storage.go:116.2,120.20 4 1
github.com/ljluestc/orchestrator/internal/storage/storage.go:124.33,130.2 4 1
github.com/ljluestc/orchestrator/internal/storage/storage.go:133.39,138.2 3 1
github.com/ljluestc/orchestrator/internal/storage/storage.go:141.33,147.2 4 1
github.com/ljluestc/orchestrator/internal/storage/timeseries.go:36.64,37.17 1 1
github.com/ljluestc/orchestrator/internal/storage/timeseries.go:37.17,39.3 1 0
github.com/ljluestc/orchestrator/internal/storage/timeseries.go:41.2,52.14 4 1
github.com/ljluestc/orchestrator/internal/storage/timeseries.go:56.64,61.44 4 1
github.com/ljluestc/orchestrator/internal/storage/timeseries.go:61.44,68.3 1 1
github.com/ljluestc/orchestrator/internal/storage/timeseries.go:70.2,70.35 1 1
github.com/ljluestc/orchestrator/internal/storage/timeseries.go:74.63,89.31 7 1
github.com/ljluestc/orchestrator/internal/storage/timeseries.go:89.31,90.32 1 1
github.com/ljluestc/orchestrator/internal/storage/timeseries.go:90.32,92.9 2 1
github.com/ljluestc/orchestrator/internal/storage/timeseries.go:95.2,95.18 1 1
github.com/ljluestc/orchestrator/internal/storage/timeseries.go:95.18,97.3 1 1
github.com/ljluestc/orchestrator/internal/storage/timeseries.go:101.102,106.13 4 1
github.com/ljluestc/orchestrator/internal/storage/timeseries.go:106.13,108.3 1 1
github.com/ljluestc/orchestrator/internal/storage/timeseries.go:110.2,110.39 1 0
github.com/ljluestc/orchestrator/internal/storage/timeseries.go:114.86,121.35 5 1
github.com/ljluestc/orchestrator/internal/storage/timeseries.go:121.35,122.36 1 1
github.com/ljluestc/orchestrator/internal/storage/timeseries.go:122.36,124.4 1 1
github.com/ljluestc/orchestrator/internal/storage/timeseries.go:127.2,127.15 1 1
github.com/ljluestc/orchestrator/internal/storage/timeseries.go:131.78,136.13 4 1
github.com/ljluestc/orchestrator/internal/storage/timeseries.go:136.13,138.3 1 1
github.com/ljluestc/orchestrator/internal/storage/timeseries.go:140.2,140.31 1 0
github.com/ljluestc/orchestrator/internal/storage/timeseries.go:144.64,148.26 3 1
github.com/ljluestc/orchestrator/internal/storage/timeseries.go:148.26,150.3 1 1
github.com/ljluestc/orchestrator/internal/storage/timeseries.go:152.2,152.45 1 1
github.com/ljluestc/orchestrator/internal/storage/timeseries.go:156.52,161.31 4 1
github.com/ljluestc/orchestrator/internal/storage/timeseries.go:161.31,163.3 1 0
github.com/ljluestc/orchestrator/internal/storage/timeseries.go:165.2,165.15 1 1
github.com/ljluestc/orchestrator/internal/storage/timeseries.go:169.78,174.2 3 1
github.com/ljluestc/orchestrator/internal/storage/timeseries.go:177.56,182.2 3 1
github.com/ljluestc/orchestrator/internal/storage/timeseries.go:185.42,191.6 4 1
github.com/ljluestc/orchestrator/internal/storage/timeseries.go:191.6,192.10 1 1
github.com/ljluestc/orchestrator/internal/storage/timeseries.go:193.19,194.16 1 0
github.com/ljluestc/orchestrator/internal/storage/timeseries.go:195.20,196.10 1 1
github.com/ljluestc/orchestrator/internal/storage/timeseries.go:202.38,209.37 5 0
github.com/ljluestc/orchestrator/internal/storage/timeseries.go:209.37,214.33 3 0
github.com/ljluestc/orchestrator/internal/storage/timeseries.go:214.33,215.33 1 0
github.com/ljluestc/orchestrator/internal/storage/timeseries.go:215.33,217.10 2 0
github.com/ljluestc/orchestrator/internal/storage/timeseries.go:222.3,222.19 1 0
github.com/ljluestc/orchestrator/internal/storage/timeseries.go:222.19,224.4 1 0
github.com/ljluestc/orchestrator/internal/storage/timeseries.go:227.3,227.28 1 0
github.com/ljluestc/orchestrator/internal/storage/timeseries.go:227.28,229.4 1 0
github.com/ljluestc/orchestrator/internal/storage/timeseries.go:231.3,231.19 1 0
github.com/ljluestc/orchestrator/internal/storage/timeseries.go:235.2,235.38 1 0
github.com/ljluestc/orchestrator/internal/storage/timeseries.go:235.38,237.3 1 0
github.com/ljluestc/orchestrator/internal/storage/timeseries.go:241.35,244.2 2 1
github.com/ljluestc/orchestrator/internal/storage/timeseries.go:247.62,252.31 4 0
github.com/ljluestc/orchestrator/internal/storage/timeseries.go:252.31,256.3 3 0
github.com/ljluestc/orchestrator/internal/storage/timeseries.go:258.2,263.3 1 0
github.com/ljluestc/orchestrator/pkg/scheduler/drf.go:47.60,52.2 1 0
github.com/ljluestc/orchestrator/pkg/scheduler/drf.go:55.89,59.17 3 0
github.com/ljluestc/orchestrator/pkg/scheduler/drf.go:59.17,61.3 1 0
github.com/ljluestc/orchestrator/pkg/scheduler/drf.go:63.2,74.3 1 0
github.com/ljluestc/orchestrator/pkg/scheduler/drf.go:78.73,83.13 4 0
github.com/ljluestc/orchestrator/pkg/scheduler/drf.go:83.13,85.3 1 0
github.com/ljluestc/orchestrator/pkg/scheduler/drf.go:88.2,88.46 1 0
github.com/ljluestc/orchestrator/pkg/scheduler/drf.go:88.46,90.3 1 0
github.com/ljluestc/orchestrator/pkg/scheduler/drf.go:93.2,93.48 1 0
github.com/ljluestc/orchestrator/pkg/scheduler/drf.go:93.48,95.3 1 0
github.com/ljluestc/orchestrator/pkg/scheduler/drf.go:98.2,109.26 9 0
github.com/ljluestc/orchestrator/pkg/scheduler/drf.go:113.77,115.55 1 0
github.com/ljluestc/orchestrator/pkg/scheduler/drf.go:115.55,117.3 1 0
github.com/ljluestc/orchestrator/pkg/scheduler/drf.go:118.2,118.64 1 0
github.com/ljluestc/orchestrator/pkg/scheduler/drf.go:118.64,120.3 1 0
github.com/ljluestc/orchestrator/pkg/scheduler/drf.go:121.2,121.55 1 0
github.com/ljluestc/orchestrator/pkg/scheduler/drf.go:121.55,123.3 1 0
github.com/ljluestc/orchestrator/pkg/scheduler/drf.go:124.2,124.58 1 0
github.com/ljluestc/orchestrator/pkg/scheduler/drf.go:124.58,126.3 1 0
github.com/ljluestc/orchestrator/pkg/scheduler/drf.go:127.2,127.13 1 0
github.com/ljluestc/orchestrator/pkg/scheduler/drf.go:131.71,136.35 4 0
github.com/ljluestc/orchestrator/pkg/scheduler/drf.go:136.35,140.3 3 0
github.com/ljluestc/orchestrator/pkg/scheduler/drf.go:143.2,143.58 1 0
github.com/ljluestc/orchestrator/pkg/scheduler/drf.go:143.58,145.3 1 0
github.com/ljluestc/orchestrator/pkg/scheduler/drf.go:146.2,146.67 1 0
github.com/ljluestc/orchestrator/pkg/scheduler/drf.go:146.67,148.3 1 0
github.com/ljluestc/orchestrator/pkg/scheduler/drf.go:149.2,149.58 1 0
github.com/ljluestc/orchestrator/pkg/scheduler/drf.go:149.58,151.3 1 0
github.com/ljluestc/orchestrator/pkg/scheduler/drf.go:153.2,153.13 1 0
github.com/ljluestc/orchestrator/pkg/scheduler/drf.go:157.60,161.28 4 0
github.com/ljluestc/orchestrator/pkg/scheduler/drf.go:161.28,163.3 1 0
github.com/ljluestc/orchestrator/pkg/scheduler/drf.go:166.2,169.61 2 0
github.com/ljluestc/orchestrator/pkg/scheduler/drf.go:174.55,179.35 4 0
github.com/ljluestc/orchestrator/pkg/scheduler/drf.go:179.35,181.3 1 0
github.com/ljluestc/orchestrator/pkg/scheduler/drf.go:184.2,184.45 1 0
github.com/ljluestc/orchestrator/pkg/scheduler/drf.go:184.45,186.3 1 0
github.com/ljluestc/orchestrator/pkg/scheduler/drf.go:188.2,188.19 1 0
github.com/ljluestc/orchestrator/pkg/scheduler/drf.go:192.85,197.13 4 0
github.com/ljluestc/orchestrator/pkg/scheduler/drf.go:197.13,199.3 1 0
github.com/ljluestc/orchestrator/pkg/scheduler/drf.go:201.2,210.29 8 0
github.com/ljluestc/orchestrator/pkg/scheduler/drf.go:210.29,212.3 1 0
github.com/ljluestc/orchestrator/pkg/scheduler/drf.go:213.2,213.32 1 0
github.com/ljluestc/orchestrator/pkg/scheduler/drf.go:213.32,215.3 1 0
github.com/ljluestc/orchestrator/pkg/scheduler/drf.go:216.2,216.29 1 0
github.com/ljluestc/orchestrator/pkg/scheduler/drf.go:216.29,218.3 1 0
github.com/ljluestc/orchestrator/pkg/scheduler/drf.go:221.2,223.12 2 0
github.com/ljluestc/orchestrator/pkg/scheduler/drf.go:227.78,232.13 4 0
github.com/ljluestc/orchestrator/pkg/scheduler/drf.go:232.13,234.3 1 0
github.com/ljluestc/orchestrator/pkg/scheduler/drf.go:236.2,250.8 1 0
github.com/ljluestc/orchestrator/pkg/scheduler/drf.go:266.67,274.35 6 0
github.com/ljluestc/orchestrator/pkg/scheduler/drf.go:274.35,278.3 3 0
github.com/ljluestc/orchestrator/pkg/scheduler/drf.go:280.2,285.3 1 0
github.com/ljluestc/orchestrator/pkg/scheduler/quota_enforcer.go:48.110,56.2 1 0
github.com/ljluestc/orchestrator/pkg/scheduler/quota_enforcer.go:59.104,62.16 2 0
github.com/ljluestc/orchestrator/pkg/scheduler/quota_enforcer.go:62.16,67.3 1 0
github.com/ljluestc/orchestrator/pkg/scheduler/quota_enforcer.go:69.2,69.18 1 0
github.com/ljluestc/orchestrator/pkg/scheduler/quota_enforcer.go:69.18,74.3 1 0
github.com/ljluestc/orchestrator/pkg/scheduler/quota_enforcer.go:77.2,80.54 3 0
github.com/ljluestc/orchestrator/pkg/scheduler/quota_enforcer.go:80.54,84.3 2 0
github.com/ljluestc/orchestrator/pkg/scheduler/quota_enforcer.go:85.2,85.60 1 0
github.com/ljluestc/orchestrator/pkg/scheduler/quota_enforcer.go:85.60,89.3 2 0
github.com/ljluestc/orchestrator/pkg/scheduler/quota_enforcer.go:90.2,90.54 1 0
github.com/ljluestc/orchestrator/pkg/scheduler/quota_enforcer.go:90.54,94.3 2 0
github.com/ljluestc/orchestrator/pkg/scheduler/quota_enforcer.go:97.2,97.28 1 0
github.com/ljluestc/orchestrator/pkg/scheduler/quota_enforcer.go:98.23,99.23 1 0
github.com/ljluestc/orchestrator/pkg/scheduler/quota_enforcer.go:99.23,106.4 2 0
github.com/ljluestc/orchestrator/pkg/scheduler/quota_enforcer.go:108.23,109.23 1 0
github.com/ljluestc/orchestrator/pkg/scheduler/quota_enforcer.go:109.23,113.4 2 0
github.com/ljluestc/orchestrator/pkg/scheduler/quota_enforcer.go:115.20,118.23 2 0
github.com/ljluestc/orchestrator/pkg/scheduler/quota_enforcer.go:118.23,119.79 1 0
github.com/ljluestc/orchestrator/pkg/scheduler/quota_enforcer.go:119.79,121.5 1 0
github.com/ljluestc/orchestrator/pkg/scheduler/quota_enforcer.go:121.10,127.5 1 0
github.com/ljluestc/orchestrator/pkg/scheduler/quota_enforcer.go:132.2,132.61 1 0
github.com/ljluestc/orchestrator/pkg/scheduler/quota_enforcer.go:132.61,134.30 2 0
github.com/ljluestc/orchestrator/pkg/scheduler/quota_enforcer.go:134.30,140.4 1 0
github.com/ljluestc/orchestrator/pkg/scheduler/quota_enforcer.go:143.2,146.3 1 0
github.com/ljluestc/orchestrator/pkg/scheduler/quota_enforcer.go:150.59,154.2 3 0
github.com/ljluestc/orchestrator/pkg/scheduler/quota_enforcer.go:157.65,161.2 3 0
github.com/ljluestc/orchestrator/pkg/scheduler/quota_enforcer.go:164.78,168.2 1 0
github.com/ljluestc/orchestrator/pkg/scheduler/quota_enforcer.go:171.74,179.2 1 0
github.com/ljluestc/orchestrator/pkg/scheduler/quota_enforcer.go:182.85,186.6 3 0
github.com/ljluestc/orchestrator/pkg/scheduler/quota_enforcer.go:186.6,187.10 1 0
github.com/ljluestc/orchestrator/pkg/scheduler/quota_enforcer.go:188.21,189.10 1 0
github.com/ljluestc/orchestrator/pkg/scheduler/quota_enforcer.go:190.19,191.23 1 0
github.com/ljluestc/orchestrator/pkg/scheduler/quota_enforcer.go:197.43,201.31 3 0
github.com/ljluestc/orchestrator/pkg/scheduler/quota_enforcer.go:201.31,203.17 2 0
github.com/ljluestc/orchestrator/pkg/scheduler/quota_enforcer.go:203.17,204.12 1 0
github.com/ljluestc/orchestrator/pkg/scheduler/quota_enforcer.go:207.3,214.4 1 0
github.com/ljluestc/orchestrator/pkg/scheduler/quota_enforcer.go:217.2,222.3 2 0
github.com/ljluestc/orchestrator/pkg/scheduler/quota_enforcer.go:226.67,229.2 2 0
github.com/ljluestc/orchestrator/pkg/scheduler/quota_enforcer.go:232.59,236.2 3 0
github.com/ljluestc/orchestrator/pkg/metrics/prometheus.go:123.77,126.2 2 1
github.com/ljluestc/orchestrator/pkg/metrics/prometheus.go:129.90,138.2 8 1
github.com/ljluestc/orchestrator/pkg/metrics/prometheus.go:141.51,144.2 2 1
github.com/ljluestc/orchestrator/pkg/metrics/prometheus.go:147.84,149.15 2 1
github.com/ljluestc/orchestrator/pkg/metrics/prometheus.go:149.15,151.3 1 1
github.com/ljluestc/orchestrator/pkg/metrics/prometheus.go:152.2,153.55 2 1
github.com/ljluestc/orchestrator/pkg/metrics/prometheus.go:157.48,160.2 2 1
github.com/ljluestc/orchestrator/pkg/mesos/agent.go:42.71,60.2 1 0
github.com/ljluestc/orchestrator/pkg/mesos/agent.go:63.31,80.47 6 0
github.com/ljluestc/orchestrator/pkg/mesos/agent.go:80.47,82.3 1 0
github.com/ljluestc/orchestrator/pkg/mesos/agent.go:84.2,84.34 1 0
github.com/ljluestc/orchestrator/pkg/mesos/agent.go:88.30,89.30 1 0
github.com/ljluestc/orchestrator/pkg/mesos/agent.go:89.30,91.3 1 0
github.com/ljluestc/orchestrator/pkg/mesos/agent.go:93.2,95.31 3 0
github.com/ljluestc/orchestrator/pkg/mesos/agent.go:99.43,127.2 14 0
github.com/ljluestc/orchestrator/pkg/mesos/agent.go:130.34,134.6 3 0
github.com/ljluestc/orchestrator/pkg/mesos/agent.go:134.6,135.10 1 0
github.com/ljluestc/orchestrator/pkg/mesos/agent.go:136.30,137.21 1 0
github.com/ljluestc/orchestrator/pkg/mesos/agent.go:143.39,147.6 3 0
github.com/ljluestc/orchestrator/pkg/mesos/agent.go:147.6,148.10 1 0
github.com/ljluestc/orchestrator/pkg/mesos/agent.go:149.19,150.20 1 0
github.com/ljluestc/orchestrator/pkg/mesos/agent.go:156.44,166.2 6 0
github.com/ljluestc/orchestrator/pkg/mesos/agent.go:169.33,176.2 4 0
github.com/ljluestc/orchestrator/pkg/mesos/agent.go:179.32,183.31 3 0
github.com/ljluestc/orchestrator/pkg/mesos/agent.go:183.31,185.31 1 0
github.com/ljluestc/orchestrator/pkg/mesos/agent.go:185.31,188.4 2 0
github.com/ljluestc/orchestrator/pkg/mesos/agent.go:193.46,198.37 3 0
github.com/ljluestc/orchestrator/pkg/mesos/agent.go:198.37,200.3 1 0
github.com/ljluestc/orchestrator/pkg/mesos/agent.go:203.2,208.13 4 0
github.com/ljluestc/orchestrator/pkg/mesos/agent.go:208.13,218.3 2 0
github.com/ljluestc/orchestrator/pkg/mesos/agent.go:221.2,230.12 7 0
github.com/ljluestc/orchestrator/pkg/mesos/agent.go:234.47,239.13 4 0
github.com/ljluestc/orchestrator/pkg/mesos/agent.go:239.13,241.3 1 0
github.com/ljluestc/orchestrator/pkg/mesos/agent.go:244.2,250.91 3 0
github.com/ljluestc/orchestrator/pkg/mesos/agent.go:250.91,252.3 1 0
github.com/ljluestc/orchestrator/pkg/mesos/agent.go:255.2,258.12 3 0
github.com/ljluestc/orchestrator/pkg/mesos/agent.go:262.56,263.21 1 0
github.com/ljluestc/orchestrator/pkg/mesos/agent.go:263.21,265.3 1 0
github.com/ljluestc/orchestrator/pkg/mesos/agent.go:268.2,272.34 2 0
github.com/ljluestc/orchestrator/pkg/mesos/agent.go:276.58,279.31 2 0
github.com/ljluestc/orchestrator/pkg/mesos/agent.go:279.31,280.55 1 0
github.com/ljluestc/orchestrator/pkg/mesos/agent.go:280.55,284.4 3 0
github.com/ljluestc/orchestrator/pkg/mesos/agent.go:287.2,292.3 1 0
github.com/ljluestc/orchestrator/pkg/mesos/agent.go:296.57,300.2 1 0
github.com/ljluestc/orchestrator/pkg/mesos/agent.go:303.56,307.2 1 0
github.com/ljluestc/orchestrator/pkg/mesos/agent.go:310.73,324.2 5 0
github.com/ljluestc/orchestrator/pkg/mesos/agent.go:326.74,342.2 5 0
github.com/ljluestc/orchestrator/pkg/mesos/agent.go:344.73,349.31 4 0
github.com/ljluestc/orchestrator/pkg/mesos/agent.go:349.31,351.3 1 0
github.com/ljluestc/orchestrator/pkg/mesos/agent.go:353.2,354.34 2 0
github.com/ljluestc/orchestrator/pkg/mesos/agent.go:357.74,359.62 2 0
github.com/ljluestc/orchestrator/pkg/mesos/agent.go:359.62,362.3 2 0
github.com/ljluestc/orchestrator/pkg/mesos/agent.go:364.2,364.44 1 0
github.com/ljluestc/orchestrator/pkg/mesos/agent.go:364.44,367.3 2 0
github.com/ljluestc/orchestrator/pkg/mesos/agent.go:369.2,370.33 2 0
github.com/ljluestc/orchestrator/pkg/mesos/agent.go:373.71,381.13 6 0
github.com/ljluestc/orchestrator/pkg/mesos/agent.go:381.13,384.3 2 0
github.com/ljluestc/orchestrator/pkg/mesos/agent.go:386.2,387.33 2 0
github.com/ljluestc/orchestrator/pkg/mesos/agent.go:390.72,394.43 3 0
github.com/ljluestc/orchestrator/pkg/mesos/agent.go:394.43,397.3 2 0
github.com/ljluestc/orchestrator/pkg/mesos/agent.go:399.2,399.30 1 0
github.com/ljluestc/orchestrator/pkg/mesos/agent.go:402.74,410.13 6 0
github.com/ljluestc/orchestrator/pkg/mesos/agent.go:410.13,413.3 2 0
github.com/ljluestc/orchestrator/pkg/mesos/agent.go:415.2,423.35 3 0
github.com/ljluestc/orchestrator/pkg/mesos/agent.go:426.77,431.39 4 0
github.com/ljluestc/orchestrator/pkg/mesos/agent.go:431.39,433.3 1 0
github.com/ljluestc/orchestrator/pkg/mesos/agent.go:435.2,436.38 2 0
github.com/ljluestc/orchestrator/pkg/mesos/agent.go:439.75,447.13 6 0
github.com/ljluestc/orchestrator/pkg/mesos/agent.go:447.13,450.3 2 0
github.com/ljluestc/orchestrator/pkg/mesos/agent.go:452.2,453.37 2 0
github.com/ljluestc/orchestrator/pkg/mesos/agent.go:456.76,467.2 5 0
github.com/ljluestc/orchestrator/pkg/mesos/agent.go:469.70,472.2 2 0
github.com/ljluestc/orchestrator/pkg/mesos/master.go:154.76,174.2 1 1
github.com/ljluestc/orchestrator/pkg/mesos/master.go:177.32,197.2 7 1
github.com/ljluestc/orchestrator/pkg/mesos/master.go:200.31,204.2 3 0
github.com/ljluestc/orchestrator/pkg/mesos/master.go:207.44,242.2 19 1
github.com/ljluestc/orchestrator/pkg/mesos/master.go:245.40,251.6 3 1
github.com/ljluestc/orchestrator/pkg/mesos/master.go:251.6,252.10 1 1
github.com/ljluestc/orchestrator/pkg/mesos/master.go:253.19,261.47 5 0
github.com/ljluestc/orchestrator/pkg/mesos/master.go:267.42,271.6 3 1
github.com/ljluestc/orchestrator/pkg/mesos/master.go:271.6,272.10 1 1
github.com/ljluestc/orchestrator/pkg/mesos/master.go:273.19,274.30 1 0
github.com/ljluestc/orchestrator/pkg/mesos/master.go:280.41,284.6 3 1
github.com/ljluestc/orchestrator/pkg/mesos/master.go:284.6,285.10 1 1
github.com/ljluestc/orchestrator/pkg/mesos/master.go:286.19,287.24 1 0
github.com/ljluestc/orchestrator/pkg/mesos/master.go:293.43,298.33 3 1
github.com/ljluestc/orchestrator/pkg/mesos/master.go:298.33,299.57 1 1
github.com/ljluestc/orchestrator/pkg/mesos/master.go:299.57,310.4 3 1
github.com/ljluestc/orchestrator/pkg/mesos/master.go:314.2,314.41 1 1
github.com/ljluestc/orchestrator/pkg/mesos/master.go:314.41,315.35 1 1
github.com/ljluestc/orchestrator/pkg/mesos/master.go:315.35,317.4 1 1
github.com/ljluestc/orchestrator/pkg/mesos/master.go:322.62,325.2 1 1
github.com/ljluestc/orchestrator/pkg/mesos/master.go:328.37,333.34 4 1
github.com/ljluestc/orchestrator/pkg/mesos/master.go:333.34,334.46 1 1
github.com/ljluestc/orchestrator/pkg/mesos/master.go:334.46,337.4 2 1
github.com/ljluestc/orchestrator/pkg/mesos/master.go:342.56,352.28 7 1
github.com/ljluestc/orchestrator/pkg/mesos/master.go:352.28,359.3 6 1
github.com/ljluestc/orchestrator/pkg/mesos/master.go:361.2,362.12 2 1
github.com/ljluestc/orchestrator/pkg/mesos/master.go:366.64,380.2 10 1
github.com/ljluestc/orchestrator/pkg/mesos/master.go:383.47,389.13 4 1
github.com/ljluestc/orchestrator/pkg/mesos/master.go:389.13,391.3 1 1
github.com/ljluestc/orchestrator/pkg/mesos/master.go:394.2,401.65 4 1
github.com/ljluestc/orchestrator/pkg/mesos/master.go:401.65,403.3 1 1
github.com/ljluestc/orchestrator/pkg/mesos/master.go:406.2,409.12 3 1
github.com/ljluestc/orchestrator/pkg/mesos/master.go:413.48,418.13 4 1
github.com/ljluestc/orchestrator/pkg/mesos/master.go:418.13,420.3 1 1
github.com/ljluestc/orchestrator/pkg/mesos/master.go:423.2,426.53 2 1
github.com/ljluestc/orchestrator/pkg/mesos/master.go:426.53,428.3 1 1
github.com/ljluestc/orchestrator/pkg/mesos/master.go:431.2,431.65 1 1
github.com/ljluestc/orchestrator/pkg/mesos/master.go:431.65,433.3 1 1
github.com/ljluestc/orchestrator/pkg/mesos/master.go:436.2,439.12 3 1
github.com/ljluestc/orchestrator/pkg/mesos/master.go:443.75,457.2 5 1
github.com/ljluestc/orchestrator/pkg/mesos/master.go:459.76,465.2 4 1
github.com/ljluestc/orchestrator/pkg/mesos/master.go:467.75,472.33 4 1
github.com/ljluestc/orchestrator/pkg/mesos/master.go:472.33,474.3 1 1
github.com/ljluestc/orchestrator/pkg/mesos/master.go:476.2,477.35 2 1
github.com/ljluestc/orchestrator/pkg/mesos/master.go:480.73,488.13 6 1
github.com/ljluestc/orchestrator/pkg/mesos/master.go:488.13,491.3 2 1
github.com/ljluestc/orchestrator/pkg/mesos/master.go:493.2,494.34 2 1
github.com/ljluestc/orchestrator/pkg/mesos/master.go:497.78,505.13 6 1
github.com/ljluestc/orchestrator/pkg/mesos/master.go:505.13,508.3 2 1
github.com/ljluestc/orchestrator/pkg/mesos/master.go:510.2,511.35 2 1
github.com/ljluestc/orchestrator/pkg/mesos/master.go:511.35,513.3 1 1
github.com/ljluestc/orchestrator/pkg/mesos/master.go:515.2,516.34 2 1
github.com/ljluestc/orchestrator/pkg/mesos/master.go:519.79,524.41 4 1
github.com/ljluestc/orchestrator/pkg/mesos/master.go:524.41,526.3 1 1
github.com/ljluestc/orchestrator/pkg/mesos/master.go:528.2,529.39 2 1
github.com/ljluestc/orchestrator/pkg/mesos/master.go:532.82,534.67 2 1
github.com/ljluestc/orchestrator/pkg/mesos/master.go:534.67,537.3 2 1
github.com/ljluestc/orchestrator/pkg/mesos/master.go:539.2,539.56 1 1
github.com/ljluestc/orchestrator/pkg/mesos/master.go:539.56,542.3 2 0
github.com/ljluestc/orchestrator/pkg/mesos/master.go:544.2,545.38 2 1
github.com/ljluestc/orchestrator/pkg/mesos/master.go:548.77,556.13 6 1
github.com/ljluestc/orchestrator/pkg/mesos/master.go:556.13,559.3 2 1
github.com/ljluestc/orchestrator/pkg/mesos/master.go:561.2,562.38 2 1
github.com/ljluestc/orchestrator/pkg/mesos/master.go:565.82,573.13 6 1
github.com/ljluestc/orchestrator/pkg/mesos/master.go:573.13,576.3 2 1
github.com/ljluestc/orchestrator/pkg/mesos/master.go:578.2,579.39 2 1
github.com/ljluestc/orchestrator/pkg/mesos/master.go:579.39,581.3 1 1
github.com/ljluestc/orchestrator/pkg/mesos/master.go:583.2,584.34 2 1
github.com/ljluestc/orchestrator/pkg/mesos/master.go:587.74,592.37 4 1
github.com/ljluestc/orchestrator/pkg/mesos/master.go:592.37,594.3 1 1
github.com/ljluestc/orchestrator/pkg/mesos/master.go:596.2,597.34 2 1
github.com/ljluestc/orchestrator/pkg/mesos/master.go:600.72,608.13 6 1
github.com/ljluestc/orchestrator/pkg/mesos/master.go:608.13,611.3 2 1
github.com/ljluestc/orchestrator/pkg/mesos/master.go:613.2,614.33 2 1
github.com/ljluestc/orchestrator/pkg/mesos/master.go:617.73,621.43 3 1
github.com/ljluestc/orchestrator/pkg/mesos/master.go:621.43,624.3 2 1
github.com/ljluestc/orchestrator/pkg/mesos/master.go:626.2,626.30 1 0
github.com/ljluestc/orchestrator/pkg/mesos/master.go:629.75,635.2 4 1
github.com/ljluestc/orchestrator/pkg/mesos/master.go:637.76,645.2 4 1
github.com/ljluestc/orchestrator/pkg/mesos/master.go:647.77,655.2 4 1
github.com/ljluestc/orchestrator/pkg/mesos/master.go:657.71,660.2 2 1
github.com/ljluestc/orchestrator/pkg/marathon/autohealer.go:84.56,93.2 1 0
github.com/ljluestc/orchestrator/pkg/marathon/autohealer.go:96.64,101.36 3 0
github.com/ljluestc/orchestrator/pkg/marathon/autohealer.go:101.36,103.3 1 0
github.com/ljluestc/orchestrator/pkg/marathon/autohealer.go:104.2,104.40 1 0
github.com/ljluestc/orchestrator/pkg/marathon/autohealer.go:104.40,106.3 1 0
github.com/ljluestc/orchestrator/pkg/marathon/autohealer.go:107.2,107.36 1 0
github.com/ljluestc/orchestrator/pkg/marathon/autohealer.go:107.36,109.3 1 0
github.com/ljluestc/orchestrator/pkg/marathon/autohealer.go:110.2,110.32 1 0
github.com/ljluestc/orchestrator/pkg/marathon/autohealer.go:110.32,112.3 1 0
github.com/ljluestc/orchestrator/pkg/marathon/autohealer.go:113.2,113.38 1 0
github.com/ljluestc/orchestrator/pkg/marathon/autohealer.go:113.38,115.3 1 0
github.com/ljluestc/orchestrator/pkg/marathon/autohealer.go:118.2,118.44 1 0
github.com/ljluestc/orchestrator/pkg/marathon/autohealer.go:118.44,120.3 1 0
github.com/ljluestc/orchestrator/pkg/marathon/autohealer.go:121.2,121.40 1 0
github.com/ljluestc/orchestrator/pkg/marathon/autohealer.go:121.40,123.3 1 0
github.com/ljluestc/orchestrator/pkg/marathon/autohealer.go:124.2,124.42 1 0
github.com/ljluestc/orchestrator/pkg/marathon/autohealer.go:124.42,126.3 1 0
github.com/ljluestc/orchestrator/pkg/marathon/autohealer.go:128.2,133.12 3 0
github.com/ljluestc/orchestrator/pkg/marathon/autohealer.go:137.56,143.6 4 0
github.com/ljluestc/orchestrator/pkg/marathon/autohealer.go:143.6,144.10 1 0
github.com/ljluestc/orchestrator/pkg/marathon/autohealer.go:145.21,147.14 2 0
github.com/ljluestc/orchestrator/pkg/marathon/autohealer.go:148.19,149.24 1 0
github.com/ljluestc/orchestrator/pkg/marathon/autohealer.go:155.57,158.41 3 0
github.com/ljluestc/orchestrator/pkg/marathon/autohealer.go:158.41,159.21 1 0
github.com/ljluestc/orchestrator/pkg/marathon/autohealer.go:159.21,161.4 1 0
github.com/ljluestc/orchestrator/pkg/marathon/autohealer.go:163.2,165.30 2 0
github.com/ljluestc/orchestrator/pkg/marathon/autohealer.go:165.30,166.56 1 0
github.com/ljluestc/orchestrator/pkg/marathon/autohealer.go:166.56,168.4 1 0
github.com/ljluestc/orchestrator/pkg/marathon/autohealer.go:173.88,176.16 2 0
github.com/ljluestc/orchestrator/pkg/marathon/autohealer.go:176.16,178.3 1 0
github.com/ljluestc/orchestrator/pkg/marathon/autohealer.go:180.2,181.16 2 0
github.com/ljluestc/orchestrator/pkg/marathon/autohealer.go:181.16,183.3 1 0
github.com/ljluestc/orchestrator/pkg/marathon/autohealer.go:186.2,186.29 1 0
github.com/ljluestc/orchestrator/pkg/marathon/autohealer.go:186.29,188.3 1 0
github.com/ljluestc/orchestrator/pkg/marathon/autohealer.go:191.2,191.28 1 0
github.com/ljluestc/orchestrator/pkg/marathon/autohealer.go:191.28,194.3 1 0
github.com/ljluestc/orchestrator/pkg/marathon/autohealer.go:196.2,196.12 1 0
github.com/ljluestc/orchestrator/pkg/marathon/autohealer.go:200.92,206.16 4 0
github.com/ljluestc/orchestrator/pkg/marathon/autohealer.go:206.16,208.3 1 0
github.com/ljluestc/orchestrator/pkg/marathon/autohealer.go:211.2,211.97 1 0
github.com/ljluestc/orchestrator/pkg/marathon/autohealer.go:211.97,213.3 1 0
github.com/ljluestc/orchestrator/pkg/marathon/autohealer.go:213.8,213.42 1 0
github.com/ljluestc/orchestrator/pkg/marathon/autohealer.go:213.42,218.3 3 0
github.com/ljluestc/orchestrator/pkg/marathon/autohealer.go:222.99,230.13 5 0
github.com/ljluestc/orchestrator/pkg/marathon/autohealer.go:230.13,242.3 4 0
github.com/ljluestc/orchestrator/pkg/marathon/autohealer.go:245.2,252.61 4 0
github.com/ljluestc/orchestrator/pkg/marathon/autohealer.go:252.61,255.3 2 0
github.com/ljluestc/orchestrator/pkg/marathon/autohealer.go:258.2,258.42 1 0
github.com/ljluestc/orchestrator/pkg/marathon/autohealer.go:258.42,260.3 1 0
github.com/ljluestc/orchestrator/pkg/marathon/autohealer.go:263.2,263.60 1 0
github.com/ljluestc/orchestrator/pkg/marathon/autohealer.go:263.60,268.3 3 0
github.com/ljluestc/orchestrator/pkg/marathon/autohealer.go:271.2,271.57 1 0
github.com/ljluestc/orchestrator/pkg/marathon/autohealer.go:271.57,275.3 2 0
github.com/ljluestc/orchestrator/pkg/marathon/autohealer.go:277.2,277.16 1 0
github.com/ljluestc/orchestrator/pkg/marathon/autohealer.go:277.16,279.3 1 0
github.com/ljluestc/orchestrator/pkg/marathon/autohealer.go:283.129,291.15 5 0
github.com/ljluestc/orchestrator/pkg/marathon/autohealer.go:291.15,295.3 3 0
github.com/ljluestc/orchestrator/pkg/marathon/autohealer.go:297.2,309.36 4 0
github.com/ljluestc/orchestrator/pkg/marathon/autohealer.go:310.26,311.37 1 0
github.com/ljluestc/orchestrator/pkg/marathon/autohealer.go:312.28,313.39 1 0
github.com/ljluestc/orchestrator/pkg/marathon/autohealer.go:314.24,315.35 1 0
github.com/ljluestc/orchestrator/pkg/marathon/autohealer.go:316.10,317.83 1 0
github.com/ljluestc/orchestrator/pkg/marathon/autohealer.go:321.2,322.16 2 0
github.com/ljluestc/orchestrator/pkg/marathon/autohealer.go:322.16,331.3 6 0
github.com/ljluestc/orchestrator/pkg/marathon/autohealer.go:331.8,337.3 3 0
github.com/ljluestc/orchestrator/pkg/marathon/autohealer.go:340.2,341.34 2 0
github.com/ljluestc/orchestrator/pkg/marathon/autohealer.go:341.34,343.3 1 0
github.com/ljluestc/orchestrator/pkg/marathon/autohealer.go:344.2,344.16 1 0
github.com/ljluestc/orchestrator/pkg/marathon/autohealer.go:348.77,354.2 2 0
github.com/ljluestc/orchestrator/pkg/marathon/autohealer.go:357.79,362.2 2 0
github.com/ljluestc/orchestrator/pkg/marathon/autohealer.go:365.75,370.2 2 0
github.com/ljluestc/orchestrator/pkg/marathon/autohealer.go:373.87,375.32 2 0
github.com/ljluestc/orchestrator/pkg/marathon/autohealer.go:375.32,377.44 2 0
github.com/ljluestc/orchestrator/pkg/marathon/autohealer.go:377.44,379.9 2 0
github.com/ljluestc/orchestrator/pkg/marathon/autohealer.go:382.2,382.30 1 0
github.com/ljluestc/orchestrator/pkg/marathon/autohealer.go:386.58,390.2 3 0
github.com/ljluestc/orchestrator/pkg/marathon/autohealer.go:393.69,399.38 4 0
github.com/ljluestc/orchestrator/pkg/marathon/autohealer.go:399.38,401.3 1 0
github.com/ljluestc/orchestrator/pkg/marathon/autohealer.go:402.2,402.14 1 0
github.com/ljluestc/orchestrator/pkg/marathon/autohealer.go:406.76,411.16 4 0
github.com/ljluestc/orchestrator/pkg/marathon/autohealer.go:411.16,413.3 1 0
github.com/ljluestc/orchestrator/pkg/marathon/autohealer.go:416.2,417.41 2 0
github.com/ljluestc/orchestrator/pkg/marathon/autohealer.go:417.41,418.26 1 0
github.com/ljluestc/orchestrator/pkg/marathon/autohealer.go:418.26,420.4 1 0
github.com/ljluestc/orchestrator/pkg/marathon/autohealer.go:423.2,424.26 2 0
github.com/ljluestc/orchestrator/pkg/marathon/autohealer.go:424.26,426.3 1 0
github.com/ljluestc/orchestrator/pkg/marathon/autohealer.go:428.2,435.8 1 0
github.com/ljluestc/orchestrator/pkg/marathon/autohealer.go:449.69,450.25 1 0
github.com/ljluestc/orchestrator/pkg/marathon/autohealer.go:450.25,452.3 1 0
github.com/ljluestc/orchestrator/pkg/marathon/autohealer.go:452.8,452.32 1 0
github.com/ljluestc/orchestrator/pkg/marathon/autohealer.go:452.32,454.3 1 0
github.com/ljluestc/orchestrator/pkg/marathon/autohealer.go:454.8,454.32 1 0
github.com/ljluestc/orchestrator/pkg/marathon/autohealer.go:454.32,456.3 1 0
github.com/ljluestc/orchestrator/pkg/marathon/autohealer.go:456.8,458.3 1 0
github.com/ljluestc/orchestrator/pkg/marathon/autoscaler.go:89.89,96.2 1 0
github.com/ljluestc/orchestrator/pkg/marathon/autoscaler.go:99.66,104.29 3 0
github.com/ljluestc/orchestrator/pkg/marathon/autoscaler.go:104.29,106.3 1 0
github.com/ljluestc/orchestrator/pkg/marathon/autoscaler.go:107.2,107.47 1 0
github.com/ljluestc/orchestrator/pkg/marathon/autoscaler.go:107.47,109.3 1 0
github.com/ljluestc/orchestrator/pkg/marathon/autoscaler.go:110.2,110.34 1 0
github.com/ljluestc/orchestrator/pkg/marathon/autoscaler.go:110.34,112.3 1 0
github.com/ljluestc/orchestrator/pkg/marathon/autoscaler.go:115.2,115.40 1 0
github.com/ljluestc/orchestrator/pkg/marathon/autoscaler.go:115.40,117.3 1 0
github.com/ljluestc/orchestrator/pkg/marathon/autoscaler.go:118.2,118.42 1 0
github.com/ljluestc/orchestrator/pkg/marathon/autoscaler.go:118.42,120.3 1 0
github.com/ljluestc/orchestrator/pkg/marathon/autoscaler.go:121.2,121.50 1 0
github.com/ljluestc/orchestrator/pkg/marathon/autoscaler.go:121.50,123.3 1 0
github.com/ljluestc/orchestrator/pkg/marathon/autoscaler.go:124.2,124.52 1 0
github.com/ljluestc/orchestrator/pkg/marathon/autoscaler.go:124.52,126.3 1 0
github.com/ljluestc/orchestrator/pkg/marathon/autoscaler.go:128.2,134.12 4 0
github.com/ljluestc/orchestrator/pkg/marathon/autoscaler.go:138.56,144.6 4 0
github.com/ljluestc/orchestrator/pkg/marathon/autoscaler.go:144.6,145.10 1 0
github.com/ljluestc/orchestrator/pkg/marathon/autoscaler.go:146.21,148.14 2 0
github.com/ljluestc/orchestrator/pkg/marathon/autoscaler.go:149.19,150.25 1 0
github.com/ljluestc/orchestrator/pkg/marathon/autoscaler.go:156.58,159.41 3 0
github.com/ljluestc/orchestrator/pkg/marathon/autoscaler.go:159.41,160.21 1 0
github.com/ljluestc/orchestrator/pkg/marathon/autoscaler.go:160.21,162.4 1 0
github.com/ljluestc/orchestrator/pkg/marathon/autoscaler.go:164.2,166.30 2 0
github.com/ljluestc/orchestrator/pkg/marathon/autoscaler.go:166.30,167.53 1 0
github.com/ljluestc/orchestrator/pkg/marathon/autoscaler.go:167.53,169.4 1 0
github.com/ljluestc/orchestrator/pkg/marathon/autoscaler.go:174.87,177.16 2 0
github.com/ljluestc/orchestrator/pkg/marathon/autoscaler.go:177.16,179.3 1 0
github.com/ljluestc/orchestrator/pkg/marathon/autoscaler.go:182.2,183.16 2 0
github.com/ljluestc/orchestrator/pkg/marathon/autoscaler.go:183.16,186.3 2 0
github.com/ljluestc/orchestrator/pkg/marathon/autoscaler.go:188.2,189.16 2 0
github.com/ljluestc/orchestrator/pkg/marathon/autoscaler.go:189.16,192.3 2 0
github.com/ljluestc/orchestrator/pkg/marathon/autoscaler.go:194.2,200.26 3 0
github.com/ljluestc/orchestrator/pkg/marathon/autoscaler.go:200.26,202.3 1 0
github.com/ljluestc/orchestrator/pkg/marathon/autoscaler.go:204.2,204.12 1 0
github.com/ljluestc/orchestrator/pkg/marathon/autoscaler.go:218.128,226.39 3 0
github.com/ljluestc/orchestrator/pkg/marathon/autoscaler.go:226.39,232.3 5 0
github.com/ljluestc/orchestrator/pkg/marathon/autoscaler.go:232.8,232.77 1 0
github.com/ljluestc/orchestrator/pkg/marathon/autoscaler.go:232.77,238.3 5 0
github.com/ljluestc/orchestrator/pkg/marathon/autoscaler.go:241.2,241.84 1 0
github.com/ljluestc/orchestrator/pkg/marathon/autoscaler.go:241.84,247.3 5 0
github.com/ljluestc/orchestrator/pkg/marathon/autoscaler.go:250.2,250.26 1 0
github.com/ljluestc/orchestrator/pkg/marathon/autoscaler.go:250.26,252.35 2 0
github.com/ljluestc/orchestrator/pkg/marathon/autoscaler.go:252.35,254.4 1 0
github.com/ljluestc/orchestrator/pkg/marathon/autoscaler.go:256.3,256.50 1 0
github.com/ljluestc/orchestrator/pkg/marathon/autoscaler.go:256.50,261.4 3 0
github.com/ljluestc/orchestrator/pkg/marathon/autoscaler.go:265.2,265.26 1 0
github.com/ljluestc/orchestrator/pkg/marathon/autoscaler.go:265.26,266.33 1 0
github.com/ljluestc/orchestrator/pkg/marathon/autoscaler.go:266.33,268.21 2 0
github.com/ljluestc/orchestrator/pkg/marathon/autoscaler.go:268.21,270.5 1 0
github.com/ljluestc/orchestrator/pkg/marathon/autoscaler.go:271.4,271.78 1 0
github.com/ljluestc/orchestrator/pkg/marathon/autoscaler.go:272.9,274.21 2 0
github.com/ljluestc/orchestrator/pkg/marathon/autoscaler.go:274.21,276.5 1 0
github.com/ljluestc/orchestrator/pkg/marathon/autoscaler.go:277.4,277.78 1 0
github.com/ljluestc/orchestrator/pkg/marathon/autoscaler.go:281.3,281.47 1 0
github.com/ljluestc/orchestrator/pkg/marathon/autoscaler.go:281.47,284.4 2 0
github.com/ljluestc/orchestrator/pkg/marathon/autoscaler.go:287.2,287.17 1 0
github.com/ljluestc/orchestrator/pkg/marathon/autoscaler.go:291.132,297.16 3 0
github.com/ljluestc/orchestrator/pkg/marathon/autoscaler.go:297.16,299.3 1 0
github.com/ljluestc/orchestrator/pkg/marathon/autoscaler.go:302.2,315.35 5 0
github.com/ljluestc/orchestrator/pkg/marathon/autoscaler.go:315.35,317.3 1 0
github.com/ljluestc/orchestrator/pkg/marathon/autoscaler.go:318.2,322.12 3 0
github.com/ljluestc/orchestrator/pkg/marathon/autoscaler.go:326.66,330.54 3 0
github.com/ljluestc/orchestrator/pkg/marathon/autoscaler.go:330.54,332.3 1 0
github.com/ljluestc/orchestrator/pkg/marathon/autoscaler.go:333.2,333.12 1 0
github.com/ljluestc/orchestrator/pkg/marathon/autoscaler.go:337.88,342.13 4 0
github.com/ljluestc/orchestrator/pkg/marathon/autoscaler.go:342.13,344.3 1 0
github.com/ljluestc/orchestrator/pkg/marathon/autoscaler.go:346.2,349.12 3 0
github.com/ljluestc/orchestrator/pkg/marathon/autoscaler.go:353.24,354.11 1 0
github.com/ljluestc/orchestrator/pkg/marathon/autoscaler.go:354.11,356.3 1 0
github.com/ljluestc/orchestrator/pkg/marathon/autoscaler.go:357.2,357.10 1 0
github.com/ljluestc/orchestrator/pkg/marathon/autoscaler.go:360.24,361.11 1 0
github.com/ljluestc/orchestrator/pkg/marathon/autoscaler.go:361.11,363.3 1 0
github.com/ljluestc/orchestrator/pkg/marathon/autoscaler.go:364.2,364.10 1 0
github.com/ljluestc/orchestrator/pkg/marathon/framework.go:172.77,182.2 1 1
github.com/ljluestc/orchestrator/pkg/marathon/framework.go:185.34,202.2 6 1
github.com/ljluestc/orchestrator/pkg/marathon/framework.go:205.33,209.2 3 0
github.com/ljluestc/orchestrator/pkg/marathon/framework.go:212.46,246.2 20 1
github.com/ljluestc/orchestrator/pkg/marathon/framework.go:249.42,253.6 3 1
github.com/ljluestc/orchestrator/pkg/marathon/framework.go:253.6,254.10 1 1
github.com/ljluestc/orchestrator/pkg/marathon/framework.go:255.19,256.20 1 0
github.com/ljluestc/orchestrator/pkg/marathon/framework.go:262.41,265.2 1 1
github.com/ljluestc/orchestrator/pkg/marathon/framework.go:268.35,272.31 3 1
github.com/ljluestc/orchestrator/pkg/marathon/framework.go:272.31,274.35 1 1
github.com/ljluestc/orchestrator/pkg/marathon/framework.go:274.35,278.4 3 1
github.com/ljluestc/orchestrator/pkg/marathon/framework.go:283.54,312.37 14 1
github.com/ljluestc/orchestrator/pkg/marathon/framework.go:312.37,317.3 4 1
github.com/ljluestc/orchestrator/pkg/marathon/framework.go:319.2,320.12 2 1
github.com/ljluestc/orchestrator/pkg/marathon/framework.go:324.74,336.2 2 1
github.com/ljluestc/orchestrator/pkg/marathon/framework.go:339.68,344.13 4 1
github.com/ljluestc/orchestrator/pkg/marathon/framework.go:344.13,346.3 1 1
github.com/ljluestc/orchestrator/pkg/marathon/framework.go:349.2,370.12 9 1
github.com/ljluestc/orchestrator/pkg/marathon/framework.go:374.50,379.13 4 1
github.com/ljluestc/orchestrator/pkg/marathon/framework.go:379.13,381.3 1 1
github.com/ljluestc/orchestrator/pkg/marathon/framework.go:384.2,384.33 1 1
github.com/ljluestc/orchestrator/pkg/marathon/framework.go:384.33,386.3 1 1
github.com/ljluestc/orchestrator/pkg/marathon/framework.go:389.2,392.12 3 1
github.com/ljluestc/orchestrator/pkg/marathon/framework.go:396.64,401.13 4 1
github.com/ljluestc/orchestrator/pkg/marathon/framework.go:401.13,403.3 1 1
github.com/ljluestc/orchestrator/pkg/marathon/framework.go:405.2,408.30 3 1
github.com/ljluestc/orchestrator/pkg/marathon/framework.go:408.30,410.45 1 1
github.com/ljluestc/orchestrator/pkg/marathon/framework.go:410.45,415.4 4 1
github.com/ljluestc/orchestrator/pkg/marathon/framework.go:416.8,416.37 1 1
github.com/ljluestc/orchestrator/pkg/marathon/framework.go:416.37,418.45 1 1
github.com/ljluestc/orchestrator/pkg/marathon/framework.go:418.45,420.47 2 1
github.com/ljluestc/orchestrator/pkg/marathon/framework.go:420.47,424.5 3 1
github.com/ljluestc/orchestrator/pkg/marathon/framework.go:428.2,429.12 2 1
github.com/ljluestc/orchestrator/pkg/marathon/framework.go:433.75,438.37 4 1
github.com/ljluestc/orchestrator/pkg/marathon/framework.go:438.37,440.3 1 1
github.com/ljluestc/orchestrator/pkg/marathon/framework.go:442.2,447.37 3 1
github.com/ljluestc/orchestrator/pkg/marathon/framework.go:450.76,452.61 2 1
github.com/ljluestc/orchestrator/pkg/marathon/framework.go:452.61,455.3 2 1
github.com/ljluestc/orchestrator/pkg/marathon/framework.go:457.2,457.42 1 1
github.com/ljluestc/orchestrator/pkg/marathon/framework.go:457.42,460.3 2 0
github.com/ljluestc/orchestrator/pkg/marathon/framework.go:462.2,463.32 2 1
github.com/ljluestc/orchestrator/pkg/marathon/framework.go:466.73,474.13 6 1
github.com/ljluestc/orchestrator/pkg/marathon/framework.go:474.13,477.3 2 1
github.com/ljluestc/orchestrator/pkg/marathon/framework.go:479.2,480.32 2 0
github.com/ljluestc/orchestrator/pkg/marathon/framework.go:483.76,488.61 4 1
github.com/ljluestc/orchestrator/pkg/marathon/framework.go:488.61,491.3 2 1
github.com/ljluestc/orchestrator/pkg/marathon/framework.go:493.2,493.49 1 1
github.com/ljluestc/orchestrator/pkg/marathon/framework.go:493.49,496.3 2 0
github.com/ljluestc/orchestrator/pkg/marathon/framework.go:498.2,499.32 2 1
github.com/ljluestc/orchestrator/pkg/marathon/framework.go:502.76,506.43 3 1
github.com/ljluestc/orchestrator/pkg/marathon/framework.go:506.43,509.3 2 1
github.com/ljluestc/orchestrator/pkg/marathon/framework.go:511.2,511.30 1 0
github.com/ljluestc/orchestrator/pkg/marathon/framework.go:514.77,522.2 4 1
github.com/ljluestc/orchestrator/pkg/marathon/framework.go:524.75,532.65 4 1
github.com/ljluestc/orchestrator/pkg/marathon/framework.go:532.65,535.3 2 1
github.com/ljluestc/orchestrator/pkg/marathon/framework.go:537.2,537.61 1 1
github.com/ljluestc/orchestrator/pkg/marathon/framework.go:537.61,540.3 2 0
github.com/ljluestc/orchestrator/pkg/marathon/framework.go:542.2,542.30 1 1
github.com/ljluestc/orchestrator/pkg/marathon/framework.go:545.76,550.31 4 1
github.com/ljluestc/orchestrator/pkg/marathon/framework.go:550.31,552.3 1 1
github.com/ljluestc/orchestrator/pkg/marathon/framework.go:554.2,559.37 3 1
github.com/ljluestc/orchestrator/pkg/marathon/framework.go:562.79,570.13 6 1
github.com/ljluestc/orchestrator/pkg/marathon/framework.go:570.13,573.3 2 1
github.com/ljluestc/orchestrator/pkg/marathon/framework.go:575.2,576.38 2 0
github.com/ljluestc/orchestrator/pkg/marathon/framework.go:579.74,587.13 6 1
github.com/ljluestc/orchestrator/pkg/marathon/framework.go:587.13,590.3 2 1
github.com/ljluestc/orchestrator/pkg/marathon/framework.go:592.2,593.33 2 0
github.com/ljluestc/orchestrator/pkg/marathon/framework.go:596.75,603.45 5 1
github.com/ljluestc/orchestrator/pkg/marathon/framework.go:603.45,605.3 1 0
github.com/ljluestc/orchestrator/pkg/marathon/framework.go:607.2,607.30 1 1
github.com/ljluestc/orchestrator/pkg/marathon/framework.go:610.82,615.43 4 1
github.com/ljluestc/orchestrator/pkg/marathon/framework.go:615.43,617.3 1 1
github.com/ljluestc/orchestrator/pkg/marathon/framework.go:619.2,620.40 2 1
github.com/ljluestc/orchestrator/pkg/marathon/framework.go:623.80,631.13 6 1
github.com/ljluestc/orchestrator/pkg/marathon/framework.go:631.13,634.3 2 1
github.com/ljluestc/orchestrator/pkg/marathon/framework.go:636.2,637.39 2 1
github.com/ljluestc/orchestrator/pkg/marathon/framework.go:640.83,650.2 6 1
github.com/ljluestc/orchestrator/pkg/marathon/framework.go:652.76,660.13 6 1
github.com/ljluestc/orchestrator/pkg/marathon/framework.go:660.13,663.3 2 1
github.com/ljluestc/orchestrator/pkg/marathon/framework.go:665.2,672.35 3 0
github.com/ljluestc/orchestrator/pkg/marathon/framework.go:675.71,677.2 1 1
github.com/ljluestc/orchestrator/pkg/marathon/framework.go:679.73,682.2 2 1
github.com/ljluestc/orchestrator/pkg/marathon/rolling_updater.go:118.64,124.2 1 0
github.com/ljluestc/orchestrator/pkg/marathon/rolling_updater.go:127.88,132.61 3 0
github.com/ljluestc/orchestrator/pkg/marathon/rolling_updater.go:132.61,133.39 1 0
github.com/ljluestc/orchestrator/pkg/marathon/rolling_updater.go:133.39,135.4 1 0
github.com/ljluestc/orchestrator/pkg/marathon/rolling_updater.go:138.2,143.16 3 0
github.com/ljluestc/orchestrator/pkg/marathon/rolling_updater.go:143.16,145.3 1 0
github.com/ljluestc/orchestrator/pkg/marathon/rolling_updater.go:148.2,165.12 4 0
github.com/ljluestc/orchestrator/pkg/marathon/rolling_updater.go:169.104,170.15 1 0
github.com/ljluestc/orchestrator/pkg/marathon/rolling_updater.go:170.15,171.31 1 0
github.com/ljluestc/orchestrator/pkg/marathon/rolling_updater.go:171.31,174.4 2 0
github.com/ljluestc/orchestrator/pkg/marathon/rolling_updater.go:177.2,179.25 2 0
github.com/ljluestc/orchestrator/pkg/marathon/rolling_updater.go:180.21,181.45 1 0
github.com/ljluestc/orchestrator/pkg/marathon/rolling_updater.go:182.20,183.44 1 0
github.com/ljluestc/orchestrator/pkg/marathon/rolling_updater.go:184.23,185.47 1 0
github.com/ljluestc/orchestrator/pkg/marathon/rolling_updater.go:186.22,187.46 1 0
github.com/ljluestc/orchestrator/pkg/marathon/rolling_updater.go:188.10,189.71 1 0
github.com/ljluestc/orchestrator/pkg/marathon/rolling_updater.go:192.2,192.16 1 0
github.com/ljluestc/orchestrator/pkg/marathon/rolling_updater.go:192.16,197.71 3 0
github.com/ljluestc/orchestrator/pkg/marathon/rolling_updater.go:197.71,200.4 2 0
github.com/ljluestc/orchestrator/pkg/marathon/rolling_updater.go:201.8,204.3 2 0
github.com/ljluestc/orchestrator/pkg/marathon/rolling_updater.go:208.110,212.16 3 0
github.com/ljluestc/orchestrator/pkg/marathon/rolling_updater.go:212.16,214.3 1 0
github.com/ljluestc/orchestrator/pkg/marathon/rolling_updater.go:216.2,217.20 2 0
github.com/ljluestc/orchestrator/pkg/marathon/rolling_updater.go:217.20,219.3 1 0
github.com/ljluestc/orchestrator/pkg/marathon/rolling_updater.go:221.2,223.48 2 0
github.com/ljluestc/orchestrator/pkg/marathon/rolling_updater.go:223.48,241.29 6 0
github.com/ljluestc/orchestrator/pkg/marathon/rolling_updater.go:241.29,243.4 1 0
github.com/ljluestc/orchestrator/pkg/marathon/rolling_updater.go:245.3,246.41 2 0
github.com/ljluestc/orchestrator/pkg/marathon/rolling_updater.go:246.41,248.4 1 0
github.com/ljluestc/orchestrator/pkg/marathon/rolling_updater.go:250.3,258.5 1 0
github.com/ljluestc/orchestrator/pkg/marathon/rolling_updater.go:261.2,262.12 2 0
github.com/ljluestc/orchestrator/pkg/marathon/rolling_updater.go:266.109,269.72 2 0
github.com/ljluestc/orchestrator/pkg/marathon/rolling_updater.go:269.72,271.3 1 0
github.com/ljluestc/orchestrator/pkg/marathon/rolling_updater.go:273.2,274.16 2 0
github.com/ljluestc/orchestrator/pkg/marathon/rolling_updater.go:274.16,276.3 1 0
github.com/ljluestc/orchestrator/pkg/marathon/rolling_updater.go:278.2,280.51 2 0
github.com/ljluestc/orchestrator/pkg/marathon/rolling_updater.go:280.51,288.27 5 0
github.com/ljluestc/orchestrator/pkg/marathon/rolling_updater.go:288.27,290.4 1 0
github.com/ljluestc/orchestrator/pkg/marathon/rolling_updater.go:299.3,304.29 4 0
github.com/ljluestc/orchestrator/pkg/marathon/rolling_updater.go:304.29,306.4 1 0
github.com/ljluestc/orchestrator/pkg/marathon/rolling_updater.go:309.3,309.49 1 0
github.com/ljluestc/orchestrator/pkg/marathon/rolling_updater.go:309.49,315.4 4 0
github.com/ljluestc/orchestrator/pkg/marathon/rolling_updater.go:317.3,325.5 1 0
github.com/ljluestc/orchestrator/pkg/marathon/rolling_updater.go:329.2,333.12 4 0
github.com/ljluestc/orchestrator/pkg/marathon/rolling_updater.go:337.112,340.35 2 0
github.com/ljluestc/orchestrator/pkg/marathon/rolling_updater.go:340.35,342.3 1 0
github.com/ljluestc/orchestrator/pkg/marathon/rolling_updater.go:345.2,359.50 7 0
github.com/ljluestc/orchestrator/pkg/marathon/rolling_updater.go:359.50,362.3 2 0
github.com/ljluestc/orchestrator/pkg/marathon/rolling_updater.go:365.2,368.40 3 0
github.com/ljluestc/orchestrator/pkg/marathon/rolling_updater.go:368.40,372.3 2 0
github.com/ljluestc/orchestrator/pkg/marathon/rolling_updater.go:372.8,378.3 3 0
github.com/ljluestc/orchestrator/pkg/marathon/rolling_updater.go:381.2,384.44 3 0
github.com/ljluestc/orchestrator/pkg/marathon/rolling_updater.go:384.44,387.3 1 0
github.com/ljluestc/orchestrator/pkg/marathon/rolling_updater.go:389.2,389.12 1 0
github.com/ljluestc/orchestrator/pkg/marathon/rolling_updater.go:393.111,417.28 13 0
github.com/ljluestc/orchestrator/pkg/marathon/rolling_updater.go:417.28,419.3 1 0
github.com/ljluestc/orchestrator/pkg/marathon/rolling_updater.go:421.2,421.12 1 0
github.com/ljluestc/orchestrator/pkg/marathon/rolling_updater.go:425.87,428.16 2 0
github.com/ljluestc/orchestrator/pkg/marathon/rolling_updater.go:428.16,430.3 1 0
github.com/ljluestc/orchestrator/pkg/marathon/rolling_updater.go:432.2,433.34 2 0
github.com/ljluestc/orchestrator/pkg/marathon/rolling_updater.go:437.103,446.20 4 0
github.com/ljluestc/orchestrator/pkg/marathon/rolling_updater.go:446.20,448.3 1 0
github.com/ljluestc/orchestrator/pkg/marathon/rolling_updater.go:450.2,450.38 1 0
github.com/ljluestc/orchestrator/pkg/marathon/rolling_updater.go:454.92,458.54 3 0
github.com/ljluestc/orchestrator/pkg/marathon/rolling_updater.go:458.54,462.58 3 0
github.com/ljluestc/orchestrator/pkg/marathon/rolling_updater.go:462.58,465.4 1 0
github.com/ljluestc/orchestrator/pkg/marathon/rolling_updater.go:470.97,494.2 6 0
github.com/ljluestc/orchestrator/pkg/marathon/rolling_updater.go:497.58,502.33 4 0
github.com/ljluestc/orchestrator/pkg/marathon/rolling_updater.go:502.33,504.3 1 0
github.com/ljluestc/orchestrator/pkg/marathon/rolling_updater.go:508.69,512.54 3 0
github.com/ljluestc/orchestrator/pkg/marathon/rolling_updater.go:512.54,514.3 1 0
github.com/ljluestc/orchestrator/pkg/marathon/rolling_updater.go:515.2,515.12 1 0
github.com/ljluestc/orchestrator/pkg/marathon/rolling_updater.go:519.60,523.2 3 0
github.com/ljluestc/orchestrator/pkg/marathon/rolling_updater.go:526.59,530.54 3 0
github.com/ljluestc/orchestrator/pkg/marathon/rolling_updater.go:530.54,531.39 1 0
github.com/ljluestc/orchestrator/pkg/marathon/rolling_updater.go:531.39,535.4 3 0
github.com/ljluestc/orchestrator/pkg/marathon/rolling_updater.go:537.2,537.57 1 0
github.com/ljluestc/orchestrator/pkg/marathon/rolling_updater.go:541.60,545.54 3 0
github.com/ljluestc/orchestrator/pkg/marathon/rolling_updater.go:545.54,546.35 1 0
github.com/ljluestc/orchestrator/pkg/marathon/rolling_updater.go:546.35,550.4 3 0
github.com/ljluestc/orchestrator/pkg/marathon/rolling_updater.go:552.2,552.57 1 0
github.com/ljluestc/orchestrator/pkg/ui/web.go:23.63,29.2 1 1
github.com/ljluestc/orchestrator/pkg/ui/web.go:32.31,42.2 4 1
github.com/ljluestc/orchestrator/pkg/ui/web.go:45.30,46.21 1 1
github.com/ljluestc/orchestrator/pkg/ui/web.go:46.21,48.3 1 1
github.com/ljluestc/orchestrator/pkg/ui/web.go:49.2,51.31 3 1
github.com/ljluestc/orchestrator/pkg/ui/web.go:55.43,94.2 23 1
github.com/ljluestc/orchestrator/pkg/ui/web.go:97.74,901.2 3 1
github.com/ljluestc/orchestrator/pkg/ui/web.go:904.73,906.2 1 1
github.com/ljluestc/orchestrator/pkg/ui/web.go:909.77,911.2 1 1
github.com/ljluestc/orchestrator/pkg/ui/web.go:914.73,928.2 2 1
github.com/ljluestc/orchestrator/pkg/ui/web.go:931.79,935.2 2 1
github.com/ljluestc/orchestrator/pkg/ui/web.go:938.71,941.2 2 1
github.com/ljluestc/orchestrator/pkg/topology/collector.go:26.81,37.2 2 1
github.com/ljluestc/orchestrator/pkg/topology/collector.go:40.35,50.2 4 1
github.com/ljluestc/orchestrator/pkg/topology/collector.go:53.34,60.2 4 1
github.com/ljluestc/orchestrator/pkg/topology/collector.go:63.41,64.6 1 1
github.com/ljluestc/orchestrator/pkg/topology/collector.go:64.6,65.10 1 1
github.com/ljluestc/orchestrator/pkg/topology/collector.go:66.23,67.10 1 1
github.com/ljluestc/orchestrator/pkg/topology/collector.go:68.27,69.24 1 0
github.com/ljluestc/orchestrator/pkg/topology/collector.go:75.40,77.55 1 0
github.com/ljluestc/orchestrator/pkg/topology/collector.go:77.55,81.3 2 0
github.com/ljluestc/orchestrator/pkg/topology/collector.go:85.56,94.16 4 0
github.com/ljluestc/orchestrator/pkg/topology/collector.go:94.16,96.3 1 0
github.com/ljluestc/orchestrator/pkg/topology/collector.go:97.2,99.38 2 0
github.com/ljluestc/orchestrator/pkg/topology/collector.go:99.38,101.3 1 0
github.com/ljluestc/orchestrator/pkg/topology/collector.go:103.2,110.77 2 0
github.com/ljluestc/orchestrator/pkg/topology/collector.go:110.77,112.3 1 0
github.com/ljluestc/orchestrator/pkg/topology/collector.go:115.2,115.64 1 0
github.com/ljluestc/orchestrator/pkg/topology/collector.go:115.64,116.65 1 0
github.com/ljluestc/orchestrator/pkg/topology/collector.go:116.65,118.4 1 0
github.com/ljluestc/orchestrator/pkg/topology/collector.go:118.9,120.4 1 0
github.com/ljluestc/orchestrator/pkg/topology/collector.go:124.2,124.64 1 0
github.com/ljluestc/orchestrator/pkg/topology/collector.go:124.64,125.65 1 0
github.com/ljluestc/orchestrator/pkg/topology/collector.go:125.65,127.4 1 0
github.com/ljluestc/orchestrator/pkg/topology/collector.go:127.9,129.4 1 0
github.com/ljluestc/orchestrator/pkg/topology/collector.go:132.2,135.12 2 0
github.com/ljluestc/orchestrator/pkg/topology/collector.go:139.87,141.9 2 1
github.com/ljluestc/orchestrator/pkg/topology/collector.go:141.9,143.3 1 0
github.com/ljluestc/orchestrator/pkg/topology/collector.go:145.2,155.45 2 1
github.com/ljluestc/orchestrator/pkg/topology/collector.go:155.45,156.63 1 1
github.com/ljluestc/orchestrator/pkg/topology/collector.go:156.63,157.34 1 1
github.com/ljluestc/orchestrator/pkg/topology/collector.go:157.34,159.5 1 1
github.com/ljluestc/orchestrator/pkg/topology/collector.go:164.2,164.46 1 1
github.com/ljluestc/orchestrator/pkg/topology/collector.go:164.46,165.45 1 0
github.com/ljluestc/orchestrator/pkg/topology/collector.go:165.45,167.4 1 0
github.com/ljluestc/orchestrator/pkg/topology/collector.go:170.2,170.18 1 1
github.com/ljluestc/orchestrator/pkg/topology/collector.go:174.87,176.9 2 1
github.com/ljluestc/orchestrator/pkg/topology/collector.go:176.9,178.3 1 0
github.com/ljluestc/orchestrator/pkg/topology/collector.go:180.2,191.45 2 1
github.com/ljluestc/orchestrator/pkg/topology/collector.go:191.45,192.63 1 1
github.com/ljluestc/orchestrator/pkg/topology/collector.go:192.63,193.34 1 1
github.com/ljluestc/orchestrator/pkg/topology/collector.go:193.34,195.5 1 1
github.com/ljluestc/orchestrator/pkg/topology/collector.go:200.2,200.45 1 1
github.com/ljluestc/orchestrator/pkg/topology/collector.go:200.45,201.47 1 0
github.com/ljluestc/orchestrator/pkg/topology/collector.go:201.47,203.4 1 0
github.com/ljluestc/orchestrator/pkg/topology/collector.go:207.2,207.51 1 1
github.com/ljluestc/orchestrator/pkg/topology/collector.go:207.51,208.49 1 0
github.com/ljluestc/orchestrator/pkg/topology/collector.go:208.49,210.4 1 0
github.com/ljluestc/orchestrator/pkg/topology/collector.go:213.2,213.18 1 1
github.com/ljluestc/orchestrator/pkg/topology/collector.go:217.61,218.27 1 1
github.com/ljluestc/orchestrator/pkg/topology/collector.go:218.27,219.34 1 1
github.com/ljluestc/orchestrator/pkg/topology/collector.go:219.34,221.4 1 1
github.com/ljluestc/orchestrator/pkg/topology/collector.go:223.2,223.11 1 1
github.com/ljluestc/orchestrator/pkg/topology/collector.go:227.54,231.2 1 0
github.com/ljluestc/orchestrator/pkg/topology/collector.go:234.55,238.2 1 0
github.com/ljluestc/orchestrator/pkg/topology/collector.go:241.62,245.2 1 1
github.com/ljluestc/orchestrator/pkg/topology/collector.go:248.86,252.2 1 1
github.com/ljluestc/orchestrator/pkg/topology/collector.go:255.82,259.2 1 1
github.com/ljluestc/orchestrator/pkg/topology/collector.go:262.85,266.2 1 1
github.com/ljluestc/orchestrator/pkg/topology/collector.go:269.45,272.2 0 1
github.com/ljluestc/orchestrator/pkg/topology/collector.go:275.40,277.25 1 1
github.com/ljluestc/orchestrator/pkg/topology/collector.go:277.25,312.3 2 1
github.com/ljluestc/orchestrator/pkg/topology/collector.go:315.2,315.26 1 1
github.com/ljluestc/orchestrator/pkg/topology/collector.go:315.26,365.3 4 1
github.com/ljluestc/orchestrator/pkg/topology/collector.go:368.2,368.26 1 1
github.com/ljluestc/orchestrator/pkg/topology/collector.go:368.26,410.3 4 1
github.com/ljluestc/orchestrator/pkg/topology/manager.go:180.37,189.44 1 1
github.com/ljluestc/orchestrator/pkg/topology/manager.go:189.44,191.5 1 1
github.com/ljluestc/orchestrator/pkg/topology/manager.go:196.2,198.16 2 1
github.com/ljluestc/orchestrator/pkg/topology/manager.go:202.33,222.2 7 1
github.com/ljluestc/orchestrator/pkg/topology/manager.go:225.32,226.27 1 1
github.com/ljluestc/orchestrator/pkg/topology/manager.go:226.27,228.3 1 0
github.com/ljluestc/orchestrator/pkg/topology/manager.go:230.2,230.21 1 1
github.com/ljluestc/orchestrator/pkg/topology/manager.go:230.21,234.3 3 0
github.com/ljluestc/orchestrator/pkg/topology/manager.go:235.2,235.12 1 1
github.com/ljluestc/orchestrator/pkg/topology/manager.go:239.45,294.2 37 1
github.com/ljluestc/orchestrator/pkg/topology/manager.go:297.44,372.2 7 1
github.com/ljluestc/orchestrator/pkg/topology/manager.go:375.44,379.6 3 1
github.com/ljluestc/orchestrator/pkg/topology/manager.go:379.6,380.10 1 1
github.com/ljluestc/orchestrator/pkg/topology/manager.go:381.27,386.6 2 0
github.com/ljluestc/orchestrator/pkg/topology/manager.go:392.43,396.6 3 1
github.com/ljluestc/orchestrator/pkg/topology/manager.go:396.6,397.10 1 1
github.com/ljluestc/orchestrator/pkg/topology/manager.go:398.19,399.35 1 0
github.com/ljluestc/orchestrator/pkg/topology/manager.go:405.35,415.31 4 1
github.com/ljluestc/orchestrator/pkg/topology/manager.go:415.31,416.22 1 1
github.com/ljluestc/orchestrator/pkg/topology/manager.go:417.18,418.26 1 1
github.com/ljluestc/orchestrator/pkg/topology/manager.go:419.18,420.26 1 1
github.com/ljluestc/orchestrator/pkg/topology/manager.go:421.19,422.27 1 1
github.com/ljluestc/orchestrator/pkg/topology/manager.go:423.11,424.26 1 1
github.com/ljluestc/orchestrator/pkg/topology/manager.go:428.2,428.32 1 1
github.com/ljluestc/orchestrator/pkg/topology/manager.go:432.41,436.53 3 1
github.com/ljluestc/orchestrator/pkg/topology/manager.go:436.53,438.3 1 1
github.com/ljluestc/orchestrator/pkg/topology/manager.go:439.2,439.19 1 1
github.com/ljluestc/orchestrator/pkg/topology/manager.go:443.39,444.17 1 1
github.com/ljluestc/orchestrator/pkg/topology/manager.go:444.17,446.3 1 1
github.com/ljluestc/orchestrator/pkg/topology/manager.go:448.2,448.19 1 1
github.com/ljluestc/orchestrator/pkg/topology/manager.go:448.19,450.3 1 1
github.com/ljluestc/orchestrator/pkg/topology/manager.go:452.2,466.4 8 1
github.com/ljluestc/orchestrator/pkg/topology/manager.go:470.42,474.50 3 1
github.com/ljluestc/orchestrator/pkg/topology/manager.go:474.50,486.3 5 1
github.com/ljluestc/orchestrator/pkg/topology/manager.go:490.45,494.44 4 1
github.com/ljluestc/orchestrator/pkg/topology/manager.go:494.44,498.37 2 1
github.com/ljluestc/orchestrator/pkg/topology/manager.go:498.37,499.54 1 1
github.com/ljluestc/orchestrator/pkg/topology/manager.go:499.54,501.5 1 1
github.com/ljluestc/orchestrator/pkg/topology/manager.go:504.2,509.12 3 1
github.com/ljluestc/orchestrator/pkg/topology/manager.go:509.12,515.3 1 1
github.com/ljluestc/orchestrator/pkg/topology/manager.go:519.39,520.17 1 1
github.com/ljluestc/orchestrator/pkg/topology/manager.go:520.17,522.3 1 1
github.com/ljluestc/orchestrator/pkg/topology/manager.go:524.2,524.19 1 1
github.com/ljluestc/orchestrator/pkg/topology/manager.go:524.19,526.3 1 1
github.com/ljluestc/orchestrator/pkg/topology/manager.go:528.2,530.60 2 1
github.com/ljluestc/orchestrator/pkg/topology/manager.go:530.60,533.3 2 1
github.com/ljluestc/orchestrator/pkg/topology/manager.go:534.2,534.60 1 1
github.com/ljluestc/orchestrator/pkg/topology/manager.go:534.60,537.3 2 1
github.com/ljluestc/orchestrator/pkg/topology/manager.go:538.2,553.4 8 1
github.com/ljluestc/orchestrator/pkg/topology/manager.go:557.42,561.50 3 1
github.com/ljluestc/orchestrator/pkg/topology/manager.go:561.50,572.3 4 1
github.com/ljluestc/orchestrator/pkg/topology/manager.go:576.45,580.44 4 1
github.com/ljluestc/orchestrator/pkg/topology/manager.go:580.44,582.3 1 1
github.com/ljluestc/orchestrator/pkg/topology/manager.go:583.2,588.12 3 1
github.com/ljluestc/orchestrator/pkg/topology/manager.go:588.12,594.3 1 1
github.com/ljluestc/orchestrator/pkg/topology/manager.go:598.59,603.16 4 1
github.com/ljluestc/orchestrator/pkg/topology/manager.go:603.16,606.3 2 0
github.com/ljluestc/orchestrator/pkg/topology/manager.go:608.2,608.43 1 1
github.com/ljluestc/orchestrator/pkg/topology/manager.go:608.43,609.10 1 0
github.com/ljluestc/orchestrator/pkg/topology/manager.go:610.32,610.32 0 0
github.com/ljluestc/orchestrator/pkg/topology/manager.go:611.11,611.11 0 0
github.com/ljluestc/orchestrator/pkg/topology/manager.go:618.49,623.44 4 1
github.com/ljluestc/orchestrator/pkg/topology/manager.go:623.44,624.51 1 0
github.com/ljluestc/orchestrator/pkg/topology/manager.go:624.51,628.4 3 0
github.com/ljluestc/orchestrator/pkg/topology/manager.go:633.77,639.31 4 1
github.com/ljluestc/orchestrator/pkg/topology/manager.go:639.31,641.3 1 1
github.com/ljluestc/orchestrator/pkg/topology/manager.go:643.2,644.31 2 1
github.com/ljluestc/orchestrator/pkg/topology/manager.go:644.31,646.3 1 1
github.com/ljluestc/orchestrator/pkg/topology/manager.go:648.2,649.31 2 1
github.com/ljluestc/orchestrator/pkg/topology/manager.go:649.31,651.3 1 1
github.com/ljluestc/orchestrator/pkg/topology/manager.go:653.2,661.37 3 1
github.com/ljluestc/orchestrator/pkg/topology/manager.go:664.74,669.31 4 1
github.com/ljluestc/orchestrator/pkg/topology/manager.go:669.31,671.3 1 1
github.com/ljluestc/orchestrator/pkg/topology/manager.go:673.2,674.34 2 1
github.com/ljluestc/orchestrator/pkg/topology/manager.go:677.73,685.13 6 1
github.com/ljluestc/orchestrator/pkg/topology/manager.go:685.13,688.3 2 1
github.com/ljluestc/orchestrator/pkg/topology/manager.go:690.2,691.33 2 1
github.com/ljluestc/orchestrator/pkg/topology/manager.go:694.74,699.31 4 1
github.com/ljluestc/orchestrator/pkg/topology/manager.go:699.31,701.3 1 1
github.com/ljluestc/orchestrator/pkg/topology/manager.go:703.2,704.34 2 1
github.com/ljluestc/orchestrator/pkg/topology/manager.go:707.73,715.13 6 1
github.com/ljluestc/orchestrator/pkg/topology/manager.go:715.13,718.3 2 1
github.com/ljluestc/orchestrator/pkg/topology/manager.go:720.2,721.33 2 1
github.com/ljluestc/orchestrator/pkg/topology/manager.go:724.72,726.17 2 1
github.com/ljluestc/orchestrator/pkg/topology/manager.go:726.17,729.3 2 1
github.com/ljluestc/orchestrator/pkg/topology/manager.go:731.2,735.31 4 1
github.com/ljluestc/orchestrator/pkg/topology/manager.go:735.31,736.35 1 1
github.com/ljluestc/orchestrator/pkg/topology/manager.go:736.35,738.4 1 1
github.com/ljluestc/orchestrator/pkg/topology/manager.go:741.2,742.36 2 1
github.com/ljluestc/orchestrator/pkg/topology/manager.go:745.72,747.64 2 1
github.com/ljluestc/orchestrator/pkg/topology/manager.go:747.64,750.3 2 1
github.com/ljluestc/orchestrator/pkg/topology/manager.go:752.2,756.31 4 1
github.com/ljluestc/orchestrator/pkg/topology/manager.go:756.31,757.37 1 1
github.com/ljluestc/orchestrator/pkg/topology/manager.go:757.37,759.4 1 1
github.com/ljluestc/orchestrator/pkg/topology/manager.go:762.2,763.36 2 1
github.com/ljluestc/orchestrator/pkg/topology/manager.go:766.74,771.31 4 1
github.com/ljluestc/orchestrator/pkg/topology/manager.go:771.31,773.3 1 1
github.com/ljluestc/orchestrator/pkg/topology/manager.go:775.2,776.34 2 1
github.com/ljluestc/orchestrator/pkg/topology/manager.go:779.73,787.13 6 1
github.com/ljluestc/orchestrator/pkg/topology/manager.go:787.13,790.3 2 1
github.com/ljluestc/orchestrator/pkg/topology/manager.go:792.2,793.33 2 1
github.com/ljluestc/orchestrator/pkg/topology/manager.go:796.76,798.62 2 1
github.com/ljluestc/orchestrator/pkg/topology/manager.go:798.62,801.3 2 1
github.com/ljluestc/orchestrator/pkg/topology/manager.go:803.2,811.33 7 1
github.com/ljluestc/orchestrator/pkg/topology/manager.go:814.76,819.62 4 1
github.com/ljluestc/orchestrator/pkg/topology/manager.go:819.62,822.3 2 1
github.com/ljluestc/orchestrator/pkg/topology/manager.go:824.2,827.49 3 1
github.com/ljluestc/orchestrator/pkg/topology/manager.go:827.49,833.3 4 1
github.com/ljluestc/orchestrator/pkg/topology/manager.go:833.8,835.3 1 1
github.com/ljluestc/orchestrator/pkg/topology/manager.go:838.76,845.42 5 1
github.com/ljluestc/orchestrator/pkg/topology/manager.go:845.42,848.3 2 1
github.com/ljluestc/orchestrator/pkg/topology/manager.go:848.8,850.3 1 1
github.com/ljluestc/orchestrator/pkg/topology/manager.go:853.76,856.2 2 1
github.com/ljluestc/orchestrator/pkg/topology/manager.go:858.80,866.13 6 1
github.com/ljluestc/orchestrator/pkg/topology/manager.go:866.13,869.3 2 1
github.com/ljluestc/orchestrator/pkg/topology/manager.go:871.2,872.41 2 1
github.com/ljluestc/orchestrator/pkg/topology/manager.go:875.80,883.13 6 1
github.com/ljluestc/orchestrator/pkg/topology/manager.go:883.13,886.3 2 1
github.com/ljluestc/orchestrator/pkg/topology/manager.go:888.2,889.41 2 1
github.com/ljluestc/orchestrator/pkg/topology/manager.go:893.80,901.2 4 1
github.com/ljluestc/orchestrator/pkg/topology/manager.go:903.79,911.2 4 1
github.com/ljluestc/orchestrator/pkg/topology/manager.go:913.82,921.2 4 1
github.com/ljluestc/orchestrator/pkg/topology/manager.go:923.80,931.2 4 1
github.com/ljluestc/orchestrator/pkg/topology/manager.go:933.82,941.2 4 1
github.com/ljluestc/orchestrator/pkg/topology/manager.go:943.82,952.2 5 1
github.com/ljluestc/orchestrator/pkg/topology/manager.go:954.79,962.2 4 1
github.com/ljluestc/orchestrator/pkg/topology/manager.go:964.75,966.16 2 1
github.com/ljluestc/orchestrator/pkg/topology/manager.go:966.16,969.3 2 1
github.com/ljluestc/orchestrator/pkg/topology/manager.go:970.2,986.53 7 0
github.com/ljluestc/orchestrator/pkg/topology/manager.go:986.53,988.3 1 0
github.com/ljluestc/orchestrator/pkg/topology/manager.go:991.2,994.6 2 0
github.com/ljluestc/orchestrator/pkg/topology/manager.go:994.6,995.10 1 0
github.com/ljluestc/orchestrator/pkg/topology/manager.go:996.34,997.73 1 0
github.com/ljluestc/orchestrator/pkg/topology/manager.go:997.73,1000.5 2 0
github.com/ljluestc/orchestrator/pkg/topology/manager.go:1001.26,1002.10 1 0
github.com/ljluestc/orchestrator/pkg/topology/manager.go:1007.67,1008.15 1 0
github.com/ljluestc/orchestrator/pkg/topology/manager.go:1008.15,1013.3 4 0
github.com/ljluestc/orchestrator/pkg/topology/manager.go:1015.2,1016.52 2 0
github.com/ljluestc/orchestrator/pkg/topology/manager.go:1016.52,1020.3 3 0
github.com/ljluestc/orchestrator/pkg/topology/manager.go:1022.2,1022.6 1 0
github.com/ljluestc/orchestrator/pkg/topology/manager.go:1022.6,1024.17 2 0
github.com/ljluestc/orchestrator/pkg/topology/manager.go:1024.17,1025.103 1 0
github.com/ljluestc/orchestrator/pkg/topology/manager.go:1025.103,1027.5 1 0
github.com/ljluestc/orchestrator/pkg/topology/manager.go:1028.4,1028.9 1 0
github.com/ljluestc/orchestrator/pkg/topology/manager.go:1033.91,1045.2 4 1
github.com/ljluestc/orchestrator/pkg/topology/manager.go:1047.64,1051.57 2 1
github.com/ljluestc/orchestrator/pkg/topology/manager.go:1051.57,1053.3 1 1
github.com/ljluestc/orchestrator/pkg/topology/manager.go:1056.2,1056.38 1 1
github.com/ljluestc/orchestrator/pkg/topology/manager.go:1056.38,1057.36 1 1
github.com/ljluestc/orchestrator/pkg/topology/manager.go:1057.36,1058.53 1 1
github.com/ljluestc/orchestrator/pkg/topology/manager.go:1058.53,1060.5 1 1
github.com/ljluestc/orchestrator/pkg/topology/manager.go:1064.2,1064.14 1 1
github.com/ljluestc/orchestrator/pkg/topology/manager.go:1067.66,1069.31 1 1
github.com/ljluestc/orchestrator/pkg/topology/manager.go:1069.31,1071.45 2 1
github.com/ljluestc/orchestrator/pkg/topology/manager.go:1071.45,1072.29 1 1
github.com/ljluestc/orchestrator/pkg/topology/manager.go:1072.29,1074.10 2 1
github.com/ljluestc/orchestrator/pkg/topology/manager.go:1077.3,1077.13 1 1
github.com/ljluestc/orchestrator/pkg/topology/manager.go:1077.13,1079.4 1 1
github.com/ljluestc/orchestrator/pkg/topology/manager.go:1083.2,1083.28 1 1
github.com/ljluestc/orchestrator/pkg/topology/manager.go:1083.28,1085.40 2 1
github.com/ljluestc/orchestrator/pkg/topology/manager.go:1085.40,1086.29 1 1
github.com/ljluestc/orchestrator/pkg/topology/manager.go:1086.29,1088.10 2 1
github.com/ljluestc/orchestrator/pkg/topology/manager.go:1091.3,1091.13 1 1
github.com/ljluestc/orchestrator/pkg/topology/manager.go:1091.13,1093.4 1 1
github.com/ljluestc/orchestrator/pkg/topology/manager.go:1097.2,1097.28 1 1
github.com/ljluestc/orchestrator/pkg/topology/manager.go:1097.28,1098.41 1 0
github.com/ljluestc/orchestrator/pkg/topology/manager.go:1098.41,1099.35 1 0
github.com/ljluestc/orchestrator/pkg/topology/manager.go:1099.35,1101.5 1 0
github.com/ljluestc/orchestrator/pkg/topology/manager.go:1106.2,1106.27 1 1
github.com/ljluestc/orchestrator/pkg/topology/manager.go:1106.27,1107.52 1 0
github.com/ljluestc/orchestrator/pkg/topology/manager.go:1107.52,1109.4 1 0
github.com/ljluestc/orchestrator/pkg/topology/manager.go:1112.2,1112.13 1 1
github.com/ljluestc/orchestrator/pkg/topology/manager.go:1115.87,1116.25 1 1
github.com/ljluestc/orchestrator/pkg/topology/manager.go:1116.25,1118.3 1 0
github.com/ljluestc/orchestrator/pkg/topology/manager.go:1121.2,1121.35 1 1
github.com/ljluestc/orchestrator/pkg/topology/manager.go:1121.35,1122.35 1 1
github.com/ljluestc/orchestrator/pkg/topology/manager.go:1122.35,1124.76 2 1
github.com/ljluestc/orchestrator/pkg/topology/manager.go:1124.76,1126.5 1 1
github.com/ljluestc/orchestrator/pkg/topology/manager.go:1131.2,1131.38 1 1
github.com/ljluestc/orchestrator/pkg/topology/manager.go:1131.38,1132.38 1 1
github.com/ljluestc/orchestrator/pkg/topology/manager.go:1132.38,1134.88 2 1
github.com/ljluestc/orchestrator/pkg/topology/manager.go:1134.88,1136.5 1 0
github.com/ljluestc/orchestrator/pkg/topology/manager.go:1141.2,1141.38 1 1
github.com/ljluestc/orchestrator/pkg/topology/manager.go:1141.38,1142.38 1 0
github.com/ljluestc/orchestrator/pkg/topology/manager.go:1142.38,1144.98 2 0
github.com/ljluestc/orchestrator/pkg/topology/manager.go:1144.98,1146.5 1 0
github.com/ljluestc/orchestrator/pkg/topology/manager.go:1150.2,1150.13 1 1
github.com/ljluestc/orchestrator/pkg/topology/manager.go:1154.73,1156.62 2 1
github.com/ljluestc/orchestrator/pkg/topology/manager.go:1156.62,1159.3 2 1
github.com/ljluestc/orchestrator/pkg/topology/manager.go:1162.2,1162.19 1 1
github.com/ljluestc/orchestrator/pkg/topology/manager.go:1162.19,1165.3 2 0
github.com/ljluestc/orchestrator/pkg/topology/manager.go:1167.2,1167.21 1 1
github.com/ljluestc/orchestrator/pkg/topology/manager.go:1167.21,1170.3 2 0
github.com/ljluestc/orchestrator/pkg/topology/manager.go:1173.2,1180.4 4 1
github.com/ljluestc/orchestrator/pkg/topology/manager.go:1184.73,1186.62 2 1
github.com/ljluestc/orchestrator/pkg/topology/manager.go:1186.62,1189.3 2 1
github.com/ljluestc/orchestrator/pkg/topology/manager.go:1192.2,1192.19 1 1
github.com/ljluestc/orchestrator/pkg/topology/manager.go:1192.19,1195.3 2 0
github.com/ljluestc/orchestrator/pkg/topology/manager.go:1197.2,1197.23 1 1
github.com/ljluestc/orchestrator/pkg/topology/manager.go:1197.23,1200.3 2 0
github.com/ljluestc/orchestrator/pkg/topology/manager.go:1202.2,1202.23 1 1
github.com/ljluestc/orchestrator/pkg/topology/manager.go:1202.23,1205.3 2 0
github.com/ljluestc/orchestrator/pkg/topology/manager.go:1208.2,1209.60 2 1
github.com/ljluestc/orchestrator/pkg/topology/manager.go:1209.60,1213.3 3 1
github.com/ljluestc/orchestrator/pkg/topology/manager.go:1214.2,1214.60 1 1
github.com/ljluestc/orchestrator/pkg/topology/manager.go:1214.60,1218.3 3 0
github.com/ljluestc/orchestrator/pkg/topology/manager.go:1219.2,1229.4 5 1
github.com/ljluestc/orchestrator/pkg/topology/manager.go:1232.72,1235.2 2 1
github.com/ljluestc/orchestrator/pkg/topology/manager.go:1238.57,1242.45 3 1
github.com/ljluestc/orchestrator/pkg/topology/manager.go:1242.45,1244.3 1 1
github.com/ljluestc/orchestrator/pkg/topology/manager.go:1245.2,1245.54 1 1
github.com/ljluestc/orchestrator/pkg/topology/manager.go:1249.57,1253.45 3 1
github.com/ljluestc/orchestrator/pkg/topology/manager.go:1253.45,1255.3 1 1
github.com/ljluestc/orchestrator/pkg/topology/manager.go:1256.2,1256.54 1 1
github.com/ljluestc/orchestrator/pkg/topology/manager.go:1260.39,1265.31 4 1
github.com/ljluestc/orchestrator/pkg/topology/manager.go:1265.31,1267.3 1 1
github.com/ljluestc/orchestrator/pkg/topology/manager.go:1268.2,1268.14 1 1
github.com/ljluestc/orchestrator/pkg/topology/manager.go:1272.60,1277.31 4 1
github.com/ljluestc/orchestrator/pkg/topology/manager.go:1277.31,1278.28 1 1
github.com/ljluestc/orchestrator/pkg/topology/manager.go:1278.28,1280.4 1 1
github.com/ljluestc/orchestrator/pkg/topology/manager.go:1282.2,1282.14 1 1
github.com/ljluestc/orchestrator/pkg/topology/manager.go:1286.60,1291.31 4 1
github.com/ljluestc/orchestrator/pkg/topology/manager.go:1291.31,1292.28 1 1
github.com/ljluestc/orchestrator/pkg/topology/manager.go:1292.28,1294.4 1 1
github.com/ljluestc/orchestrator/pkg/topology/manager.go:1296.2,1296.14 1 1
github.com/ljluestc/orchestrator/pkg/topology/manager.go:1300.39,1305.31 4 1
github.com/ljluestc/orchestrator/pkg/topology/manager.go:1305.31,1307.3 1 1
github.com/ljluestc/orchestrator/pkg/topology/manager.go:1308.2,1308.14 1 1
github.com/ljluestc/orchestrator/pkg/topology/manager.go:1312.60,1317.31 4 1
github.com/ljluestc/orchestrator/pkg/topology/manager.go:1317.31,1318.28 1 1
github.com/ljluestc/orchestrator/pkg/topology/manager.go:1318.28,1320.4 1 1
github.com/ljluestc/orchestrator/pkg/topology/manager.go:1322.2,1322.14 1 1
github.com/ljluestc/orchestrator/pkg/topology/manager.go:1326.62,1331.31 4 1
github.com/ljluestc/orchestrator/pkg/topology/manager.go:1331.31,1332.30 1 1
github.com/ljluestc/orchestrator/pkg/topology/manager.go:1332.30,1334.4 1 1
github.com/ljluestc/orchestrator/pkg/topology/manager.go:1336.2,1336.14 1 1
github.com/ljluestc/orchestrator/pkg/topology/manager.go:1340.62,1345.31 4 1
github.com/ljluestc/orchestrator/pkg/topology/manager.go:1345.31,1346.30 1 1
github.com/ljluestc/orchestrator/pkg/topology/manager.go:1346.30,1348.4 1 1
github.com/ljluestc/orchestrator/pkg/topology/manager.go:1350.2,1350.14 1 1
github.com/ljluestc/orchestrator/pkg/topology/manager.go:1354.53,1361.31 5 1
github.com/ljluestc/orchestrator/pkg/topology/manager.go:1361.31,1363.63 1 1
github.com/ljluestc/orchestrator/pkg/topology/manager.go:1363.63,1365.12 2 1
github.com/ljluestc/orchestrator/pkg/topology/manager.go:1369.3,1369.63 1 1
github.com/ljluestc/orchestrator/pkg/topology/manager.go:1369.63,1371.12 2 1
github.com/ljluestc/orchestrator/pkg/topology/manager.go:1375.3,1375.65 1 1
github.com/ljluestc/orchestrator/pkg/topology/manager.go:1375.65,1377.12 2 1
github.com/ljluestc/orchestrator/pkg/topology/manager.go:1381.3,1381.39 1 1
github.com/ljluestc/orchestrator/pkg/topology/manager.go:1381.39,1382.37 1 0
github.com/ljluestc/orchestrator/pkg/topology/manager.go:1382.37,1383.59 1 0
github.com/ljluestc/orchestrator/pkg/topology/manager.go:1383.59,1385.11 2 0
github.com/ljluestc/orchestrator/pkg/topology/manager.go:1390.2,1390.14 1 1
github.com/ljluestc/orchestrator/pkg/topology/manager.go:1394.42,1395.17 1 1
github.com/ljluestc/orchestrator/pkg/topology/manager.go:1395.17,1397.3 1 0
github.com/ljluestc/orchestrator/pkg/topology/manager.go:1399.2,1399.19 1 1
github.com/ljluestc/orchestrator/pkg/topology/manager.go:1399.19,1401.3 1 0
github.com/ljluestc/orchestrator/pkg/topology/manager.go:1403.2,1407.25 4 1
github.com/ljluestc/orchestrator/pkg/topology/manager.go:1411.57,1415.45 3 1
github.com/ljluestc/orchestrator/pkg/topology/manager.go:1415.45,1417.3 1 1
github.com/ljluestc/orchestrator/pkg/topology/manager.go:1418.2,1418.54 1 1
github.com/ljluestc/orchestrator/pkg/app/aggregator.go:46.34,54.2 1 1
github.com/ljluestc/orchestrator/pkg/app/aggregator.go:57.62,78.28 7 1
github.com/ljluestc/orchestrator/pkg/app/aggregator.go:78.28,86.3 7 1
github.com/ljluestc/orchestrator/pkg/app/aggregator.go:89.2,89.69 1 1
github.com/ljluestc/orchestrator/pkg/app/aggregator.go:89.69,90.58 1 1
github.com/ljluestc/orchestrator/pkg/app/aggregator.go:90.58,106.30 3 1
github.com/ljluestc/orchestrator/pkg/app/aggregator.go:106.30,111.5 4 1
github.com/ljluestc/orchestrator/pkg/app/aggregator.go:114.4,119.5 2 1
github.com/ljluestc/orchestrator/pkg/app/aggregator.go:124.2,124.74 1 1
github.com/ljluestc/orchestrator/pkg/app/aggregator.go:124.74,125.58 1 1
github.com/ljluestc/orchestrator/pkg/app/aggregator.go:125.58,130.28 3 1
github.com/ljluestc/orchestrator/pkg/app/aggregator.go:130.28,132.87 1 1
github.com/ljluestc/orchestrator/pkg/app/aggregator.go:132.87,134.6 1 1
github.com/ljluestc/orchestrator/pkg/app/aggregator.go:137.4,161.5 3 1
github.com/ljluestc/orchestrator/pkg/app/aggregator.go:166.2,166.72 1 1
github.com/ljluestc/orchestrator/pkg/app/aggregator.go:166.72,169.55 2 1
github.com/ljluestc/orchestrator/pkg/app/aggregator.go:169.55,182.57 5 1
github.com/ljluestc/orchestrator/pkg/app/aggregator.go:182.57,184.5 1 0
github.com/ljluestc/orchestrator/pkg/app/aggregator.go:184.10,200.5 1 1
github.com/ljluestc/orchestrator/pkg/app/aggregator.go:204.2,204.35 1 1
github.com/ljluestc/orchestrator/pkg/app/aggregator.go:208.50,217.37 6 1
github.com/ljluestc/orchestrator/pkg/app/aggregator.go:217.37,220.34 2 1
github.com/ljluestc/orchestrator/pkg/app/aggregator.go:220.34,222.4 1 1
github.com/ljluestc/orchestrator/pkg/app/aggregator.go:224.3,230.4 1 1
github.com/ljluestc/orchestrator/pkg/app/aggregator.go:233.2,234.37 2 1
github.com/ljluestc/orchestrator/pkg/app/aggregator.go:234.37,237.24 2 1
github.com/ljluestc/orchestrator/pkg/app/aggregator.go:237.24,239.35 2 1
github.com/ljluestc/orchestrator/pkg/app/aggregator.go:239.35,241.5 1 1
github.com/ljluestc/orchestrator/pkg/app/aggregator.go:244.3,251.4 1 1
github.com/ljluestc/orchestrator/pkg/app/aggregator.go:254.2,258.3 1 1
github.com/ljluestc/orchestrator/pkg/app/aggregator.go:262.70,270.40 6 1
github.com/ljluestc/orchestrator/pkg/app/aggregator.go:270.40,271.28 1 1
github.com/ljluestc/orchestrator/pkg/app/aggregator.go:271.28,273.4 1 1
github.com/ljluestc/orchestrator/pkg/app/aggregator.go:276.2,276.14 1 1
github.com/ljluestc/orchestrator/pkg/app/aggregator.go:280.63,288.2 5 1
github.com/ljluestc/orchestrator/pkg/app/aggregator.go:291.60,301.45 7 1
github.com/ljluestc/orchestrator/pkg/app/aggregator.go:301.45,302.66 1 1
github.com/ljluestc/orchestrator/pkg/app/aggregator.go:302.66,303.32 1 1
github.com/ljluestc/orchestrator/pkg/app/aggregator.go:303.32,305.5 1 1
github.com/ljluestc/orchestrator/pkg/app/aggregator.go:310.2,310.36 1 1
github.com/ljluestc/orchestrator/pkg/app/aggregator.go:310.36,315.46 3 1
github.com/ljluestc/orchestrator/pkg/app/aggregator.go:315.46,316.54 1 0
github.com/ljluestc/orchestrator/pkg/app/aggregator.go:316.54,318.5 1 0
github.com/ljluestc/orchestrator/pkg/app/aggregator.go:321.3,321.40 1 1
github.com/ljluestc/orchestrator/pkg/app/aggregator.go:321.40,323.4 1 0
github.com/ljluestc/orchestrator/pkg/app/aggregator.go:328.56,336.40 6 1
github.com/ljluestc/orchestrator/pkg/app/aggregator.go:336.40,338.3 1 1
github.com/ljluestc/orchestrator/pkg/app/aggregator.go:340.2,341.40 2 1
github.com/ljluestc/orchestrator/pkg/app/aggregator.go:341.40,343.3 1 1
github.com/ljluestc/orchestrator/pkg/app/aggregator.go:345.2,351.3 1 1
github.com/ljluestc/orchestrator/pkg/app/aggregator.go:355.57,357.40 1 1
github.com/ljluestc/orchestrator/pkg/app/aggregator.go:357.40,359.30 2 1
github.com/ljluestc/orchestrator/pkg/app/aggregator.go:359.30,360.42 1 1
github.com/ljluestc/orchestrator/pkg/app/aggregator.go:360.42,364.22 3 1
github.com/ljluestc/orchestrator/pkg/app/aggregator.go:364.22,366.6 1 1
github.com/ljluestc/orchestrator/pkg/app/aggregator.go:367.10,367.62 1 1
github.com/ljluestc/orchestrator/pkg/app/aggregator.go:367.62,370.5 1 1
github.com/ljluestc/orchestrator/pkg/app/aggregator.go:373.2,373.11 1 1
github.com/ljluestc/orchestrator/pkg/app/app.go:43.39,51.44 1 0
github.com/ljluestc/orchestrator/pkg/app/app.go:51.44,53.5 1 0
github.com/ljluestc/orchestrator/pkg/app/app.go:64.2,74.12 3 0
github.com/ljluestc/orchestrator/pkg/app/app.go:78.29,95.2 13 0
github.com/ljluestc/orchestrator/pkg/app/app.go:98.48,108.12 4 0
github.com/ljluestc/orchestrator/pkg/app/app.go:108.12,109.82 1 0
github.com/ljluestc/orchestrator/pkg/app/app.go:109.82,111.4 1 0
github.com/ljluestc/orchestrator/pkg/app/app.go:114.2,119.39 4 0
github.com/ljluestc/orchestrator/pkg/app/app.go:123.68,125.64 2 0
github.com/ljluestc/orchestrator/pkg/app/app.go:125.64,128.3 2 0
github.com/ljluestc/orchestrator/pkg/app/app.go:130.2,137.68 6 0
[...]
github.com/ljluestc/orchestrator/pkg/probe/process.go:92.3,93.17 2 1
github.com/ljluestc/orchestrator/pkg/probe/process.go:93.17,94.12 1 1
github.com/ljluestc/orchestrator/pkg/probe/process.go:98.3,98.52 1 1
github.com/ljluestc/orchestrator/pkg/probe/process.go:98.52,99.9 1 1
github.com/ljluestc/orchestrator/pkg/probe/process.go:102.3,103.17 2 1
github.com/ljluestc/orchestrator/pkg/probe/process.go:103.17,105.12 1 0
github.com/ljluestc/orchestrator/pkg/probe/process.go:109.3,109.45 1 1
github.com/ljluestc/orchestrator/pkg/probe/process.go:109.45,110.12 1 1
github.com/ljluestc/orchestrator/pkg/probe/process.go:113.3,114.10 2 1
github.com/ljluestc/orchestrator/pkg/probe/process.go:117.2,119.18 2 1
github.com/ljluestc/orchestrator/pkg/probe/process.go:123.88,147.2 4 0
github.com/ljluestc/orchestrator/pkg/probe/process.go:150.74,159.16 4 1
github.com/ljluestc/orchestrator/pkg/probe/process.go:159.16,161.3 1 1
github.com/ljluestc/orchestrator/pkg/probe/process.go:163.2,163.64 1 1
github.com/ljluestc/orchestrator/pkg/probe/process.go:163.64,165.3 1 0
github.com/ljluestc/orchestrator/pkg/probe/process.go:168.2,169.16 2 1
github.com/ljluestc/orchestrator/pkg/probe/process.go:169.16,171.3 1 0
github.com/ljluestc/orchestrator/pkg/probe/process.go:173.2,173.68 1 1
github.com/ljluestc/orchestrator/pkg/probe/process.go:173.68,175.3 1 0
github.com/ljluestc/orchestrator/pkg/probe/process.go:178.2,179.16 2 1
github.com/ljluestc/orchestrator/pkg/probe/process.go:179.16,182.3 1 0
github.com/ljluestc/orchestrator/pkg/probe/process.go:182.8,186.25 3 1
github.com/ljluestc/orchestrator/pkg/probe/process.go:186.25,188.4 1 1
github.com/ljluestc/orchestrator/pkg/probe/process.go:192.2,193.16 2 1
github.com/ljluestc/orchestrator/pkg/probe/process.go:193.16,195.3 1 1
github.com/ljluestc/orchestrator/pkg/probe/process.go:198.2,200.16 3 1
github.com/ljluestc/orchestrator/pkg/probe/process.go:200.16,202.3 1 1
github.com/ljluestc/orchestrator/pkg/probe/process.go:204.2,204.18 1 1
github.com/ljluestc/orchestrator/pkg/probe/process.go:208.80,214.36 3 1
github.com/ljluestc/orchestrator/pkg/probe/process.go:214.36,216.3 1 1
github.com/ljluestc/orchestrator/pkg/probe/process.go:218.2,221.22 3 1
github.com/ljluestc/orchestrator/pkg/probe/process.go:221.22,223.3 1 1
github.com/ljluestc/orchestrator/pkg/probe/process.go:225.2,236.23 7 1
github.com/ljluestc/orchestrator/pkg/probe/process.go:236.23,239.3 2 1
github.com/ljluestc/orchestrator/pkg/probe/process.go:241.2,241.12 1 1
github.com/ljluestc/orchestrator/pkg/probe/process.go:245.82,248.21 2 1
github.com/ljluestc/orchestrator/pkg/probe/process.go:248.21,251.21 3 1
github.com/ljluestc/orchestrator/pkg/probe/process.go:251.21,252.12 1 1
github.com/ljluestc/orchestrator/pkg/probe/process.go:255.3,257.14 2 1
github.com/ljluestc/orchestrator/pkg/probe/process.go:258.14,259.23 1 1
github.com/ljluestc/orchestrator/pkg/probe/process.go:259.23,262.5 2 1
github.com/ljluestc/orchestrator/pkg/probe/process.go:263.14,264.23 1 1
github.com/ljluestc/orchestrator/pkg/probe/process.go:264.23,267.5 2 1
github.com/ljluestc/orchestrator/pkg/probe/process.go:268.16,270.23 1 1
github.com/ljluestc/orchestrator/pkg/probe/process.go:270.23,273.5 2 1
github.com/ljluestc/orchestrator/pkg/probe/process.go:274.18,275.23 1 1
github.com/ljluestc/orchestrator/pkg/probe/process.go:275.23,278.5 2 1
github.com/ljluestc/orchestrator/pkg/probe/process.go:282.2,282.22 1 1
github.com/ljluestc/orchestrator/pkg/probe/process.go:286.73,289.29 2 1
github.com/ljluestc/orchestrator/pkg/probe/process.go:289.29,294.39 1 1
github.com/ljluestc/orchestrator/pkg/probe/process.go:294.39,296.31 2 1
github.com/ljluestc/orchestrator/pkg/probe/process.go:296.31,298.45 1 1
github.com/ljluestc/orchestrator/pkg/probe/process.go:298.45,300.6 1 1
github.com/ljluestc/orchestrator/pkg/probe/process.go:302.5,302.80 1 1
github.com/ljluestc/orchestrator/pkg/probe/process.go:302.80,305.42 3 1
github.com/ljluestc/orchestrator/pkg/probe/process.go:305.42,307.7 1 1
github.com/ljluestc/orchestrator/pkg/probe/process.go:313.2,313.11 1 1
github.com/ljluestc/orchestrator/pkg/probe/process.go:317.33,318.22 1 1
github.com/ljluestc/orchestrator/pkg/probe/process.go:318.22,319.84 1 1
github.com/ljluestc/orchestrator/pkg/probe/process.go:319.84,321.4 1 1
github.com/ljluestc/orchestrator/pkg/probe/process.go:323.2,323.13 1 1
github.com/ljluestc/orchestrator/pkg/probe/process.go:327.75,329.2 1 1
github.com/ljluestc/orchestrator/pkg/security/auth.go:49.36,54.2 1 1
github.com/ljluestc/orchestrator/pkg/security/auth.go:57.84,61.45 3 1
github.com/ljluestc/orchestrator/pkg/security/auth.go:61.45,63.3 1 1
github.com/ljluestc/orchestrator/pkg/security/auth.go:65.2,66.16 2 1
github.com/ljluestc/orchestrator/pkg/security/auth.go:66.16,68.3 1 0
github.com/ljluestc/orchestrator/pkg/security/auth.go:70.2,78.12 2 1
github.com/ljluestc/orchestrator/pkg/security/auth.go:82.80,87.13 4 1
github.com/ljluestc/orchestrator/pkg/security/auth.go:87.13,89.3 1 1
github.com/ljluestc/orchestrator/pkg/security/auth.go:91.2,92.16 2 1
github.com/ljluestc/orchestrator/pkg/security/auth.go:92.16,94.3 1 1
github.com/ljluestc/orchestrator/pkg/security/auth.go:97.2,104.19 6 1
github.com/ljluestc/orchestrator/pkg/security/auth.go:108.72,113.13 4 1
github.com/ljluestc/orchestrator/pkg/security/auth.go:113.13,115.3 1 1
github.com/ljluestc/orchestrator/pkg/security/auth.go:117.2,117.39 1 1
github.com/ljluestc/orchestrator/pkg/security/auth.go:117.39,119.3 1 0
github.com/ljluestc/orchestrator/pkg/security/auth.go:121.2,122.13 2 1
github.com/ljluestc/orchestrator/pkg/security/auth.go:122.13,124.3 1 0
github.com/ljluestc/orchestrator/pkg/security/auth.go:126.2,126.18 1 1
github.com/ljluestc/orchestrator/pkg/security/auth.go:130.92,132.16 2 0
github.com/ljluestc/orchestrator/pkg/security/auth.go:132.16,134.3 1 0
github.com/ljluestc/orchestrator/pkg/security/auth.go:136.2,136.38 1 0
github.com/ljluestc/orchestrator/pkg/security/auth.go:136.38,138.3 1 0
github.com/ljluestc/orchestrator/pkg/security/auth.go:140.2,140.12 1 0
github.com/ljluestc/orchestrator/pkg/security/auth.go:144.62,155.2 4 1
github.com/ljluestc/orchestrator/pkg/security/auth.go:158.50,161.29 2 1
github.com/ljluestc/orchestrator/pkg/security/auth.go:161.29,162.15 1 1
github.com/ljluestc/orchestrator/pkg/security/auth.go:163.16,168.28 5 1
github.com/ljluestc/orchestrator/pkg/security/auth.go:169.19,172.28 3 0
github.com/ljluestc/orchestrator/pkg/security/auth.go:173.17,174.26 1 0
github.com/ljluestc/orchestrator/pkg/security/auth.go:178.2,179.28 2 1
github.com/ljluestc/orchestrator/pkg/security/auth.go:179.28,181.3 1 1
github.com/ljluestc/orchestrator/pkg/security/auth.go:182.2,182.14 1 1
github.com/ljluestc/orchestrator/pkg/security/auth.go:186.56,187.40 1 0
github.com/ljluestc/orchestrator/pkg/security/auth.go:187.40,188.25 1 0
github.com/ljluestc/orchestrator/pkg/security/auth.go:188.25,190.4 1 0
github.com/ljluestc/orchestrator/pkg/security/auth.go:192.2,192.14 1 0
github.com/ljluestc/orchestrator/pkg/security/auth.go:196.55,200.2 3 1
github.com/ljluestc/orchestrator/pkg/security/auth.go:203.84,208.13 4 1
github.com/ljluestc/orchestrator/pkg/security/auth.go:208.13,210.3 1 1
github.com/ljluestc/orchestrator/pkg/security/auth.go:213.2,214.16 2 1
github.com/ljluestc/orchestrator/pkg/security/auth.go:214.16,216.3 1 0
github.com/ljluestc/orchestrator/pkg/security/auth.go:219.2,222.12 3 1
github.com/ljluestc/orchestrator/pkg/security/auth.go:226.58,231.13 4 1
github.com/ljluestc/orchestrator/pkg/security/auth.go:231.13,233.3 1 1
github.com/ljluestc/orchestrator/pkg/security/auth.go:235.2,238.43 2 1
github.com/ljluestc/orchestrator/pkg/security/auth.go:238.43,239.33 1 1
github.com/ljluestc/orchestrator/pkg/security/auth.go:239.33,241.4 1 1
github.com/ljluestc/orchestrator/pkg/security/auth.go:244.2,244.12 1 1
github.com/ljluestc/orchestrator/pkg/security/auth.go:248.58,252.43 3 1
github.com/ljluestc/orchestrator/pkg/security/auth.go:252.43,253.33 1 0
github.com/ljluestc/orchestrator/pkg/security/auth.go:253.33,255.4 1 0
github.com/ljluestc/orchestrator/pkg/security/auth.go:260.44,265.32 4 1
github.com/ljluestc/orchestrator/pkg/security/auth.go:265.32,267.3 1 1
github.com/ljluestc/orchestrator/pkg/security/auth.go:268.2,268.14 1 1
github.com/ljluestc/orchestrator/pkg/security/auth.go:272.64,277.13 4 1
github.com/ljluestc/orchestrator/pkg/security/auth.go:277.13,279.3 1 1
github.com/ljluestc/orchestrator/pkg/security/auth.go:280.2,280.18 1 1
github.com/ljluestc/orchestrator/pkg/security/auth.go:284.70,286.16 2 1
github.com/ljluestc/orchestrator/pkg/security/auth.go:286.16,288.3 1 0
github.com/ljluestc/orchestrator/pkg/security/auth.go:289.2,289.36 1 1
github.com/ljluestc/orchestrator/pkg/security/auth.go:293.68,295.2 1 1
github.com/ljluestc/orchestrator/pkg/security/auth.go:298.51,300.2 1 1
github.com/ljluestc/orchestrator/pkg/security/auth.go:303.68,304.12 1 1
github.com/ljluestc/orchestrator/pkg/security/auth.go:304.12,308.22 3 1
github.com/ljluestc/orchestrator/pkg/security/auth.go:308.22,310.4 1 1
github.com/ljluestc/orchestrator/pkg/security/auth.go:315.47,320.43 4 1
github.com/ljluestc/orchestrator/pkg/security/auth.go:320.43,321.33 1 0
github.com/ljluestc/orchestrator/pkg/security/auth.go:321.33,323.4 1 0
github.com/ljluestc/orchestrator/pkg/security/auth.go:328.87,332.6 3 0
github.com/ljluestc/orchestrator/pkg/security/auth.go:332.6,333.10 1 0
github.com/ljluestc/orchestrator/pkg/security/auth.go:334.21,335.10 1 0
github.com/ljluestc/orchestrator/pkg/security/auth.go:336.19,337.29 1 0
github.com/ljluestc/orchestrator/pkg/migration/sync_engine.go:61.114,73.2 1 0
github.com/ljluestc/orchestrator/pkg/migration/sync_engine.go:76.56,81.16 3 0
github.com/ljluestc/orchestrator/pkg/migration/sync_engine.go:81.16,83.3 1 0
github.com/ljluestc/orchestrator/pkg/migration/sync_engine.go:84.2,88.16 3 0
github.com/ljluestc/orchestrator/pkg/migration/sync_engine.go:88.16,90.3 1 0
github.com/ljluestc/orchestrator/pkg/migration/sync_engine.go:91.2,94.48 2 0
github.com/ljluestc/orchestrator/pkg/migration/sync_engine.go:94.48,96.3 1 0
github.com/ljluestc/orchestrator/pkg/migration/sync_engine.go:99.2,109.12 6 0
github.com/ljluestc/orchestrator/pkg/migration/sync_engine.go:113.68,115.2 1 0
github.com/ljluestc/orchestrator/pkg/migration/sync_engine.go:118.66,125.16 4 0
github.com/ljluestc/orchestrator/pkg/migration/sync_engine.go:125.16,127.3 1 0
github.com/ljluestc/orchestrator/pkg/migration/sync_engine.go:129.2,133.29 3 0
github.com/ljluestc/orchestrator/pkg/migration/sync_engine.go:133.29,134.48 1 0
github.com/ljluestc/orchestrator/pkg/migration/sync_engine.go:134.48,136.12 2 0
github.com/ljluestc/orchestrator/pkg/migration/sync_engine.go:138.3,140.27 2 0
github.com/ljluestc/orchestrator/pkg/migration/sync_engine.go:140.27,142.4 1 0
github.com/ljluestc/orchestrator/pkg/migration/sync_engine.go:145.2,153.12 7 0
github.com/ljluestc/orchestrator/pkg/migration/sync_engine.go:157.99,162.16 3 0
github.com/ljluestc/orchestrator/pkg/migration/sync_engine.go:162.16,164.3 1 0
github.com/ljluestc/orchestrator/pkg/migration/sync_engine.go:167.2,168.16 2 0
github.com/ljluestc/orchestrator/pkg/migration/sync_engine.go:168.16,171.3 2 0
github.com/ljluestc/orchestrator/pkg/migration/sync_engine.go:174.2,175.16 2 0
github.com/ljluestc/orchestrator/pkg/migration/sync_engine.go:175.16,177.3 1 0
github.com/ljluestc/orchestrator/pkg/migration/sync_engine.go:180.2,192.33 3 0
github.com/ljluestc/orchestrator/pkg/migration/sync_engine.go:192.33,194.18 2 0
github.com/ljluestc/orchestrator/pkg/migration/sync_engine.go:194.18,196.4 1 0
github.com/ljluestc/orchestrator/pkg/migration/sync_engine.go:197.3,200.17 3 0
github.com/ljluestc/orchestrator/pkg/migration/sync_engine.go:200.17,202.12 2 0
github.com/ljluestc/orchestrator/pkg/migration/sync_engine.go:204.3,204.39 1 0
github.com/ljluestc/orchestrator/pkg/migration/sync_engine.go:207.2,207.19 1 0
github.com/ljluestc/orchestrator/pkg/migration/sync_engine.go:211.72,214.16 2 0
github.com/ljluestc/orchestrator/pkg/migration/sync_engine.go:214.16,216.3 1 0
github.com/ljluestc/orchestrator/pkg/migration/sync_engine.go:218.2,218.13 1 0
github.com/ljluestc/orchestrator/pkg/migration/sync_engine.go:218.13,221.44 2 0
github.com/ljluestc/orchestrator/pkg/migration/sync_engine.go:221.44,223.4 1 0
github.com/ljluestc/orchestrator/pkg/migration/sync_engine.go:224.8,227.17 2 0
github.com/ljluestc/orchestrator/pkg/migration/sync_engine.go:227.17,229.4 1 0
github.com/ljluestc/orchestrator/pkg/migration/sync_engine.go:232.3,233.17 2 0
github.com/ljluestc/orchestrator/pkg/migration/sync_engine.go:233.17,235.4 1 0
github.com/ljluestc/orchestrator/pkg/migration/sync_engine.go:238.2,238.12 1 0
github.com/ljluestc/orchestrator/pkg/migration/sync_engine.go:242.59,246.6 3 0
github.com/ljluestc/orchestrator/pkg/migration/sync_engine.go:246.6,247.10 1 0
github.com/ljluestc/orchestrator/pkg/migration/sync_engine.go:248.21,249.10 1 0
github.com/ljluestc/orchestrator/pkg/migration/sync_engine.go:250.19,251.46 1 0
github.com/ljluestc/orchestrator/pkg/migration/sync_engine.go:251.46,256.5 4 0
github.com/ljluestc/orchestrator/pkg/migration/sync_engine.go:262.62,270.16 3 0
github.com/ljluestc/orchestrator/pkg/migration/sync_engine.go:270.16,272.3 1 0
github.com/ljluestc/orchestrator/pkg/migration/sync_engine.go:274.2,275.29 2 0
github.com/ljluestc/orchestrator/pkg/migration/sync_engine.go:275.29,276.48 1 0
github.com/ljluestc/orchestrator/pkg/migration/sync_engine.go:276.48,277.12 1 0
github.com/ljluestc/orchestrator/pkg/migration/sync_engine.go:279.3,279.16 1 0
github.com/ljluestc/orchestrator/pkg/migration/sync_engine.go:282.2,291.12 8 0
github.com/ljluestc/orchestrator/pkg/migration/sync_engine.go:295.59,299.6 3 0
github.com/ljluestc/orchestrator/pkg/migration/sync_engine.go:299.6,300.10 1 0
github.com/ljluestc/orchestrator/pkg/migration/sync_engine.go:301.21,302.10 1 0
github.com/ljluestc/orchestrator/pkg/migration/sync_engine.go:303.19,317.48 5 0
github.com/ljluestc/orchestrator/pkg/migration/sync_engine.go:317.48,320.5 1 0
github.com/ljluestc/orchestrator/pkg/migration/sync_engine.go:326.48,330.2 3 0
github.com/ljluestc/orchestrator/pkg/migration/sync_engine.go:333.36,336.26 2 0
github.com/ljluestc/orchestrator/pkg/migration/sync_engine.go:336.26,338.3 1 0
github.com/ljluestc/orchestrator/pkg/migration/sync_engine.go:339.2,339.26 1 0
github.com/ljluestc/orchestrator/pkg/migration/sync_engine.go:339.26,341.3 1 0
github.com/ljluestc/orchestrator/pkg/migration/sync_engine.go:343.2,343.12 1 0
github.com/ljluestc/orchestrator/pkg/migration/zookeeper.go:110.103,127.2 1 1
github.com/ljluestc/orchestrator/pkg/migration/zookeeper.go:130.48,193.2 1 1
github.com/ljluestc/orchestrator/pkg/migration/zookeeper.go:196.42,210.2 5 1
github.com/ljluestc/orchestrator/pkg/migration/zookeeper.go:213.41,217.2 3 0
github.com/ljluestc/orchestrator/pkg/migration/zookeeper.go:220.54,247.2 15 1
github.com/ljluestc/orchestrator/pkg/migration/zookeeper.go:250.50,254.6 3 1
github.com/ljluestc/orchestrator/pkg/migration/zookeeper.go:254.6,255.10 1 1
github.com/ljluestc/orchestrator/pkg/migration/zookeeper.go:256.19,257.24 1 0
github.com/ljluestc/orchestrator/pkg/migration/zookeeper.go:263.47,267.38 3 1
github.com/ljluestc/orchestrator/pkg/migration/zookeeper.go:267.38,272.35 3 1
github.com/ljluestc/orchestrator/pkg/migration/zookeeper.go:272.35,274.4 1 1
github.com/ljluestc/orchestrator/pkg/migration/zookeeper.go:276.3,276.57 1 1
github.com/ljluestc/orchestrator/pkg/migration/zookeeper.go:276.57,278.4 1 1
github.com/ljluestc/orchestrator/pkg/migration/zookeeper.go:280.3,280.58 1 1
github.com/ljluestc/orchestrator/pkg/migration/zookeeper.go:280.58,282.4 1 0
github.com/ljluestc/orchestrator/pkg/migration/zookeeper.go:287.51,291.31 3 1
github.com/ljluestc/orchestrator/pkg/migration/zookeeper.go:291.31,293.3 1 1
github.com/ljluestc/orchestrator/pkg/migration/zookeeper.go:295.2,298.12 3 1
github.com/ljluestc/orchestrator/pkg/migration/zookeeper.go:302.62,306.52 3 1
github.com/ljluestc/orchestrator/pkg/migration/zookeeper.go:306.52,308.3 1 1
github.com/ljluestc/orchestrator/pkg/migration/zookeeper.go:310.2,311.31 2 1
github.com/ljluestc/orchestrator/pkg/migration/zookeeper.go:311.31,313.3 1 1
github.com/ljluestc/orchestrator/pkg/migration/zookeeper.go:315.2,324.12 6 1
github.com/ljluestc/orchestrator/pkg/migration/zookeeper.go:328.58,349.2 9 1
github.com/ljluestc/orchestrator/pkg/migration/zookeeper.go:352.86,356.52 3 1
github.com/ljluestc/orchestrator/pkg/migration/zookeeper.go:356.52,358.3 1 1
github.com/ljluestc/orchestrator/pkg/migration/zookeeper.go:360.2,390.24 6 1
github.com/ljluestc/orchestrator/pkg/migration/zookeeper.go:394.65,398.52 3 1
github.com/ljluestc/orchestrator/pkg/migration/zookeeper.go:398.52,400.3 1 1
github.com/ljluestc/orchestrator/pkg/migration/zookeeper.go:402.2,408.43 4 1
github.com/ljluestc/orchestrator/pkg/migration/zookeeper.go:408.43,411.3 2 1
github.com/ljluestc/orchestrator/pkg/migration/zookeeper.go:413.2,415.12 2 1
github.com/ljluestc/orchestrator/pkg/migration/zookeeper.go:419.46,423.38 3 1
github.com/ljluestc/orchestrator/pkg/migration/zookeeper.go:423.38,425.3 1 1
github.com/ljluestc/orchestrator/pkg/migration/zookeeper.go:427.2,433.12 4 1
github.com/ljluestc/orchestrator/pkg/migration/zookeeper.go:437.45,441.38 3 1
github.com/ljluestc/orchestrator/pkg/migration/zookeeper.go:441.38,443.3 1 1
github.com/ljluestc/orchestrator/pkg/migration/zookeeper.go:445.2,450.12 3 1
github.com/ljluestc/orchestrator/pkg/migration/zookeeper.go:454.90,469.2 5 1
github.com/ljluestc/orchestrator/pkg/migration/zookeeper.go:471.85,477.2 4 1
github.com/ljluestc/orchestrator/pkg/migration/zookeeper.go:479.85,484.67 4 1
github.com/ljluestc/orchestrator/pkg/migration/zookeeper.go:484.67,487.3 2 1
github.com/ljluestc/orchestrator/pkg/migration/zookeeper.go:489.2,489.50 1 1
github.com/ljluestc/orchestrator/pkg/migration/zookeeper.go:489.50,492.3 2 0
github.com/ljluestc/orchestrator/pkg/migration/zookeeper.go:494.2,499.4 3 1
github.com/ljluestc/orchestrator/pkg/migration/zookeeper.go:502.88,507.67 4 1
github.com/ljluestc/orchestrator/pkg/migration/zookeeper.go:507.67,510.3 2 0
github.com/ljluestc/orchestrator/pkg/migration/zookeeper.go:512.2,513.16 2 1
github.com/ljluestc/orchestrator/pkg/migration/zookeeper.go:513.16,516.3 2 0
github.com/ljluestc/orchestrator/pkg/migration/zookeeper.go:518.2,519.39 2 1
github.com/ljluestc/orchestrator/pkg/migration/zookeeper.go:522.88,527.67 4 1
github.com/ljluestc/orchestrator/pkg/migration/zookeeper.go:527.67,530.3 2 1
github.com/ljluestc/orchestrator/pkg/migration/zookeeper.go:532.2,532.53 1 1
github.com/ljluestc/orchestrator/pkg/migration/zookeeper.go:532.53,535.3 2 0
github.com/ljluestc/orchestrator/pkg/migration/zookeeper.go:537.2,542.4 3 1
github.com/ljluestc/orchestrator/pkg/migration/zookeeper.go:545.85,551.2 4 1
github.com/ljluestc/orchestrator/pkg/migration/zookeeper.go:553.84,554.38 1 1
github.com/ljluestc/orchestrator/pkg/migration/zookeeper.go:554.38,557.3 2 0
github.com/ljluestc/orchestrator/pkg/migration/zookeeper.go:559.2,564.4 3 1
github.com/ljluestc/orchestrator/pkg/migration/zookeeper.go:567.83,568.37 1 1
github.com/ljluestc/orchestrator/pkg/migration/zookeeper.go:568.37,571.3 2 0
github.com/ljluestc/orchestrator/pkg/migration/zookeeper.go:573.2,578.4 3 1
github.com/ljluestc/orchestrator/pkg/migration/zookeeper.go:581.88,587.2 4 1
github.com/ljluestc/orchestrator/pkg/migration/zookeeper.go:589.87,597.2 5 1
github.com/ljluestc/orchestrator/pkg/migration/zookeeper.go:599.88,607.37 6 1
github.com/ljluestc/orchestrator/pkg/migration/zookeeper.go:607.37,609.3 1 1
github.com/ljluestc/orchestrator/pkg/migration/zookeeper.go:609.8,609.44 1 1
github.com/ljluestc/orchestrator/pkg/migration/zookeeper.go:609.44,611.3 1 0
github.com/ljluestc/orchestrator/pkg/migration/zookeeper.go:611.8,614.3 2 1
github.com/ljluestc/orchestrator/pkg/migration/zookeeper.go:616.2,617.36 2 1
github.com/ljluestc/orchestrator/pkg/migration/zookeeper.go:620.81,623.2 2 1
