mode: set
github.com/ljluestc/orchestrator/pkg/topology/collector.go:26.81,37.2 2 1
github.com/ljluestc/orchestrator/pkg/topology/collector.go:40.35,50.2 4 1
github.com/ljluestc/orchestrator/pkg/topology/collector.go:53.34,60.2 4 1
github.com/ljluestc/orchestrator/pkg/topology/collector.go:63.41,64.6 1 1
github.com/ljluestc/orchestrator/pkg/topology/collector.go:64.6,65.10 1 1
github.com/ljluestc/orchestrator/pkg/topology/collector.go:66.23,67.10 1 1
github.com/ljluestc/orchestrator/pkg/topology/collector.go:68.27,69.24 1 0
github.com/ljluestc/orchestrator/pkg/topology/collector.go:75.40,77.55 1 0
github.com/ljluestc/orchestrator/pkg/topology/collector.go:77.55,81.3 2 0
github.com/ljluestc/orchestrator/pkg/topology/collector.go:85.56,94.16 4 0
github.com/ljluestc/orchestrator/pkg/topology/collector.go:94.16,96.3 1 0
github.com/ljluestc/orchestrator/pkg/topology/collector.go:97.2,99.38 2 0
github.com/ljluestc/orchestrator/pkg/topology/collector.go:99.38,101.3 1 0
github.com/ljluestc/orchestrator/pkg/topology/collector.go:103.2,110.77 2 0
github.com/ljluestc/orchestrator/pkg/topology/collector.go:110.77,112.3 1 0
github.com/ljluestc/orchestrator/pkg/topology/collector.go:115.2,115.64 1 0
github.com/ljluestc/orchestrator/pkg/topology/collector.go:115.64,116.65 1 0
github.com/ljluestc/orchestrator/pkg/topology/collector.go:116.65,118.4 1 0
github.com/ljluestc/orchestrator/pkg/topology/collector.go:118.9,120.4 1 0
github.com/ljluestc/orchestrator/pkg/topology/collector.go:124.2,124.64 1 0
github.com/ljluestc/orchestrator/pkg/topology/collector.go:124.64,125.65 1 0
github.com/ljluestc/orchestrator/pkg/topology/collector.go:125.65,127.4 1 0
github.com/ljluestc/orchestrator/pkg/topology/collector.go:127.9,129.4 1 0
github.com/ljluestc/orchestrator/pkg/topology/collector.go:132.2,135.12 2 0
github.com/ljluestc/orchestrator/pkg/topology/collector.go:139.87,141.9 2 1
github.com/ljluestc/orchestrator/pkg/topology/collector.go:141.9,143.3 1 0
github.com/ljluestc/orchestrator/pkg/topology/collector.go:145.2,155.45 2 1
github.com/ljluestc/orchestrator/pkg/topology/collector.go:155.45,156.63 1 1
github.com/ljluestc/orchestrator/pkg/topology/collector.go:156.63,157.34 1 1
github.com/ljluestc/orchestrator/pkg/topology/collector.go:157.34,159.5 1 1
github.com/ljluestc/orchestrator/pkg/topology/collector.go:164.2,164.46 1 1
github.com/ljluestc/orchestrator/pkg/topology/collector.go:164.46,165.45 1 0
github.com/ljluestc/orchestrator/pkg/topology/collector.go:165.45,167.4 1 0
github.com/ljluestc/orchestrator/pkg/topology/collector.go:170.2,170.18 1 1
github.com/ljluestc/orchestrator/pkg/topology/collector.go:174.87,176.9 2 1
github.com/ljluestc/orchestrator/pkg/topology/collector.go:176.9,178.3 1 0
github.com/ljluestc/orchestrator/pkg/topology/collector.go:180.2,191.45 2 1
github.com/ljluestc/orchestrator/pkg/topology/collector.go:191.45,192.63 1 1
github.com/ljluestc/orchestrator/pkg/topology/collector.go:192.63,193.34 1 1
github.com/ljluestc/orchestrator/pkg/topology/collector.go:193.34,195.5 1 1
github.com/ljluestc/orchestrator/pkg/topology/collector.go:200.2,200.45 1 1
github.com/ljluestc/orchestrator/pkg/topology/collector.go:200.45,201.47 1 0
github.com/ljluestc/orchestrator/pkg/topology/collector.go:201.47,203.4 1 0
github.com/ljluestc/orchestrator/pkg/topology/collector.go:207.2,207.51 1 1
github.com/ljluestc/orchestrator/pkg/topology/collector.go:207.51,208.49 1 0
github.com/ljluestc/orchestrator/pkg/topology/collector.go:208.49,210.4 1 0
github.com/ljluestc/orchestrator/pkg/topology/collector.go:213.2,213.18 1 1
github.com/ljluestc/orchestrator/pkg/topology/collector.go:217.61,218.27 1 1
github.com/ljluestc/orchestrator/pkg/topology/collector.go:218.27,219.34 1 1
github.com/ljluestc/orchestrator/pkg/topology/collector.go:219.34,221.4 1 1
github.com/ljluestc/orchestrator/pkg/topology/collector.go:223.2,223.11 1 1
github.com/ljluestc/orchestrator/pkg/topology/collector.go:227.54,231.2 1 0
github.com/ljluestc/orchestrator/pkg/topology/collector.go:234.55,238.2 1 0
github.com/ljluestc/orchestrator/pkg/topology/collector.go:241.62,245.2 1 1
github.com/ljluestc/orchestrator/pkg/topology/collector.go:248.86,252.2 1 1
github.com/ljluestc/orchestrator/pkg/topology/collector.go:255.82,259.2 1 1
github.com/ljluestc/orchestrator/pkg/topology/collector.go:262.85,266.2 1 1
github.com/ljluestc/orchestrator/pkg/topology/collector.go:269.45,272.2 0 1
github.com/ljluestc/orchestrator/pkg/topology/collector.go:275.40,277.25 1 1
github.com/ljluestc/orchestrator/pkg/topology/collector.go:277.25,312.3 2 1
github.com/ljluestc/orchestrator/pkg/topology/collector.go:315.2,315.26 1 1
github.com/ljluestc/orchestrator/pkg/topology/collector.go:315.26,365.3 4 1
github.com/ljluestc/orchestrator/pkg/topology/collector.go:368.2,368.26 1 1
github.com/ljluestc/orchestrator/pkg/topology/collector.go:368.26,410.3 4 1
github.com/ljluestc/orchestrator/pkg/topology/manager.go:180.37,189.44 1 1
github.com/ljluestc/orchestrator/pkg/topology/manager.go:189.44,191.5 1 1
github.com/ljluestc/orchestrator/pkg/topology/manager.go:196.2,198.16 2 1
github.com/ljluestc/orchestrator/pkg/topology/manager.go:202.33,222.2 7 1
github.com/ljluestc/orchestrator/pkg/topology/manager.go:225.32,226.27 1 1
github.com/ljluestc/orchestrator/pkg/topology/manager.go:226.27,228.3 1 0
github.com/ljluestc/orchestrator/pkg/topology/manager.go:230.2,230.21 1 1
github.com/ljluestc/orchestrator/pkg/topology/manager.go:230.21,234.3 3 0
github.com/ljluestc/orchestrator/pkg/topology/manager.go:235.2,235.12 1 1
github.com/ljluestc/orchestrator/pkg/topology/manager.go:239.45,294.2 37 1
github.com/ljluestc/orchestrator/pkg/topology/manager.go:297.44,372.2 7 1
github.com/ljluestc/orchestrator/pkg/topology/manager.go:375.44,379.6 3 1
github.com/ljluestc/orchestrator/pkg/topology/manager.go:379.6,380.10 1 1
github.com/ljluestc/orchestrator/pkg/topology/manager.go:381.27,386.6 2 0
github.com/ljluestc/orchestrator/pkg/topology/manager.go:392.43,396.6 3 1
github.com/ljluestc/orchestrator/pkg/topology/manager.go:396.6,397.10 1 1
github.com/ljluestc/orchestrator/pkg/topology/manager.go:398.19,399.35 1 0
github.com/ljluestc/orchestrator/pkg/topology/manager.go:405.35,415.31 4 1
github.com/ljluestc/orchestrator/pkg/topology/manager.go:415.31,416.22 1 1
github.com/ljluestc/orchestrator/pkg/topology/manager.go:417.18,418.26 1 1
github.com/ljluestc/orchestrator/pkg/topology/manager.go:419.18,420.26 1 1
github.com/ljluestc/orchestrator/pkg/topology/manager.go:421.19,422.27 1 1
github.com/ljluestc/orchestrator/pkg/topology/manager.go:423.11,424.26 1 1
github.com/ljluestc/orchestrator/pkg/topology/manager.go:428.2,428.32 1 1
github.com/ljluestc/orchestrator/pkg/topology/manager.go:432.41,436.53 3 1
github.com/ljluestc/orchestrator/pkg/topology/manager.go:436.53,438.3 1 1
github.com/ljluestc/orchestrator/pkg/topology/manager.go:439.2,439.19 1 1
github.com/ljluestc/orchestrator/pkg/topology/manager.go:443.39,444.17 1 1
github.com/ljluestc/orchestrator/pkg/topology/manager.go:444.17,446.3 1 1
github.com/ljluestc/orchestrator/pkg/topology/manager.go:448.2,448.19 1 1
github.com/ljluestc/orchestrator/pkg/topology/manager.go:448.19,450.3 1 1
github.com/ljluestc/orchestrator/pkg/topology/manager.go:452.2,466.4 8 1
github.com/ljluestc/orchestrator/pkg/topology/manager.go:470.42,474.50 3 1
github.com/ljluestc/orchestrator/pkg/topology/manager.go:474.50,486.3 5 1
github.com/ljluestc/orchestrator/pkg/topology/manager.go:490.45,494.44 4 1
github.com/ljluestc/orchestrator/pkg/topology/manager.go:494.44,498.37 2 1
github.com/ljluestc/orchestrator/pkg/topology/manager.go:498.37,499.54 1 1
github.com/ljluestc/orchestrator/pkg/topology/manager.go:499.54,501.5 1 1
github.com/ljluestc/orchestrator/pkg/topology/manager.go:504.2,509.12 3 1
github.com/ljluestc/orchestrator/pkg/topology/manager.go:509.12,515.3 1 1
github.com/ljluestc/orchestrator/pkg/topology/manager.go:519.39,520.17 1 1
github.com/ljluestc/orchestrator/pkg/topology/manager.go:520.17,522.3 1 1
github.com/ljluestc/orchestrator/pkg/topology/manager.go:524.2,524.19 1 1
github.com/ljluestc/orchestrator/pkg/topology/manager.go:524.19,526.3 1 1
github.com/ljluestc/orchestrator/pkg/topology/manager.go:528.2,530.60 2 1
github.com/ljluestc/orchestrator/pkg/topology/manager.go:530.60,533.3 2 1
github.com/ljluestc/orchestrator/pkg/topology/manager.go:534.2,534.60 1 1
github.com/ljluestc/orchestrator/pkg/topology/manager.go:534.60,537.3 2 1
github.com/ljluestc/orchestrator/pkg/topology/manager.go:538.2,553.4 8 1
github.com/ljluestc/orchestrator/pkg/topology/manager.go:557.42,561.50 3 1
github.com/ljluestc/orchestrator/pkg/topology/manager.go:561.50,572.3 4 1
github.com/ljluestc/orchestrator/pkg/topology/manager.go:576.45,580.44 4 1
github.com/ljluestc/orchestrator/pkg/topology/manager.go:580.44,582.3 1 1
github.com/ljluestc/orchestrator/pkg/topology/manager.go:583.2,588.12 3 1
github.com/ljluestc/orchestrator/pkg/topology/manager.go:588.12,594.3 1 1
github.com/ljluestc/orchestrator/pkg/topology/manager.go:598.59,603.16 4 1
github.com/ljluestc/orchestrator/pkg/topology/manager.go:603.16,606.3 2 0
github.com/ljluestc/orchestrator/pkg/topology/manager.go:608.2,608.43 1 1
github.com/ljluestc/orchestrator/pkg/topology/manager.go:608.43,609.10 1 0
github.com/ljluestc/orchestrator/pkg/topology/manager.go:610.32,610.32 0 0
github.com/ljluestc/orchestrator/pkg/topology/manager.go:611.11,611.11 0 0
github.com/ljluestc/orchestrator/pkg/topology/manager.go:618.49,623.44 4 1
github.com/ljluestc/orchestrator/pkg/topology/manager.go:623.44,624.51 1 0
github.com/ljluestc/orchestrator/pkg/topology/manager.go:624.51,628.4 3 0
github.com/ljluestc/orchestrator/pkg/topology/manager.go:633.77,639.31 4 1
github.com/ljluestc/orchestrator/pkg/topology/manager.go:639.31,641.3 1 1
github.com/ljluestc/orchestrator/pkg/topology/manager.go:643.2,644.31 2 1
github.com/ljluestc/orchestrator/pkg/topology/manager.go:644.31,646.3 1 1
github.com/ljluestc/orchestrator/pkg/topology/manager.go:648.2,649.31 2 1
github.com/ljluestc/orchestrator/pkg/topology/manager.go:649.31,651.3 1 1
github.com/ljluestc/orchestrator/pkg/topology/manager.go:653.2,661.37 3 1
github.com/ljluestc/orchestrator/pkg/topology/manager.go:664.74,669.31 4 1
github.com/ljluestc/orchestrator/pkg/topology/manager.go:669.31,671.3 1 1
github.com/ljluestc/orchestrator/pkg/topology/manager.go:673.2,674.34 2 1
github.com/ljluestc/orchestrator/pkg/topology/manager.go:677.73,685.13 6 1
github.com/ljluestc/orchestrator/pkg/topology/manager.go:685.13,688.3 2 1
github.com/ljluestc/orchestrator/pkg/topology/manager.go:690.2,691.33 2 1
github.com/ljluestc/orchestrator/pkg/topology/manager.go:694.74,699.31 4 1
github.com/ljluestc/orchestrator/pkg/topology/manager.go:699.31,701.3 1 1
github.com/ljluestc/orchestrator/pkg/topology/manager.go:703.2,704.34 2 1
github.com/ljluestc/orchestrator/pkg/topology/manager.go:707.73,715.13 6 1
github.com/ljluestc/orchestrator/pkg/topology/manager.go:715.13,718.3 2 1
github.com/ljluestc/orchestrator/pkg/topology/manager.go:720.2,721.33 2 1
github.com/ljluestc/orchestrator/pkg/topology/manager.go:724.72,726.17 2 1
github.com/ljluestc/orchestrator/pkg/topology/manager.go:726.17,729.3 2 1
github.com/ljluestc/orchestrator/pkg/topology/manager.go:731.2,735.31 4 1
github.com/ljluestc/orchestrator/pkg/topology/manager.go:735.31,736.35 1 1
github.com/ljluestc/orchestrator/pkg/topology/manager.go:736.35,738.4 1 1
github.com/ljluestc/orchestrator/pkg/topology/manager.go:741.2,742.36 2 1
github.com/ljluestc/orchestrator/pkg/topology/manager.go:745.72,747.64 2 1
github.com/ljluestc/orchestrator/pkg/topology/manager.go:747.64,750.3 2 1
github.com/ljluestc/orchestrator/pkg/topology/manager.go:752.2,756.31 4 1
github.com/ljluestc/orchestrator/pkg/topology/manager.go:756.31,757.37 1 1
github.com/ljluestc/orchestrator/pkg/topology/manager.go:757.37,759.4 1 1
github.com/ljluestc/orchestrator/pkg/topology/manager.go:762.2,763.36 2 1
github.com/ljluestc/orchestrator/pkg/topology/manager.go:766.74,771.31 4 1
github.com/ljluestc/orchestrator/pkg/topology/manager.go:771.31,773.3 1 1
github.com/ljluestc/orchestrator/pkg/topology/manager.go:775.2,776.34 2 1
github.com/ljluestc/orchestrator/pkg/topology/manager.go:779.73,787.13 6 1
github.com/ljluestc/orchestrator/pkg/topology/manager.go:787.13,790.3 2 1
github.com/ljluestc/orchestrator/pkg/topology/manager.go:792.2,793.33 2 1
github.com/ljluestc/orchestrator/pkg/topology/manager.go:796.76,798.62 2 1
github.com/ljluestc/orchestrator/pkg/topology/manager.go:798.62,801.3 2 1
github.com/ljluestc/orchestrator/pkg/topology/manager.go:803.2,811.33 7 1
github.com/ljluestc/orchestrator/pkg/topology/manager.go:814.76,819.62 4 1
github.com/ljluestc/orchestrator/pkg/topology/manager.go:819.62,822.3 2 1
github.com/ljluestc/orchestrator/pkg/topology/manager.go:824.2,827.49 3 1
github.com/ljluestc/orchestrator/pkg/topology/manager.go:827.49,833.3 4 1
github.com/ljluestc/orchestrator/pkg/topology/manager.go:833.8,835.3 1 1
github.com/ljluestc/orchestrator/pkg/topology/manager.go:838.76,845.42 5 1
github.com/ljluestc/orchestrator/pkg/topology/manager.go:845.42,848.3 2 1
github.com/ljluestc/orchestrator/pkg/topology/manager.go:848.8,850.3 1 1
github.com/ljluestc/orchestrator/pkg/topology/manager.go:853.76,856.2 2 1
github.com/ljluestc/orchestrator/pkg/topology/manager.go:858.80,866.13 6 1
github.com/ljluestc/orchestrator/pkg/topology/manager.go:866.13,869.3 2 1
github.com/ljluestc/orchestrator/pkg/topology/manager.go:871.2,872.41 2 1
github.com/ljluestc/orchestrator/pkg/topology/manager.go:875.80,883.13 6 1
github.com/ljluestc/orchestrator/pkg/topology/manager.go:883.13,886.3 2 1
github.com/ljluestc/orchestrator/pkg/topology/manager.go:888.2,889.41 2 1
github.com/ljluestc/orchestrator/pkg/topology/manager.go:893.80,901.2 4 1
github.com/ljluestc/orchestrator/pkg/topology/manager.go:903.79,911.2 4 1
github.com/ljluestc/orchestrator/pkg/topology/manager.go:913.82,921.2 4 1
github.com/ljluestc/orchestrator/pkg/topology/manager.go:923.80,931.2 4 1
github.com/ljluestc/orchestrator/pkg/topology/manager.go:933.82,941.2 4 1
github.com/ljluestc/orchestrator/pkg/topology/manager.go:943.82,952.2 5 1
github.com/ljluestc/orchestrator/pkg/topology/manager.go:954.79,962.2 4 1
github.com/ljluestc/orchestrator/pkg/topology/manager.go:964.75,966.16 2 1
github.com/ljluestc/orchestrator/pkg/topology/manager.go:966.16,969.3 2 1
github.com/ljluestc/orchestrator/pkg/topology/manager.go:970.2,986.53 7 0
github.com/ljluestc/orchestrator/pkg/topology/manager.go:986.53,988.3 1 0
github.com/ljluestc/orchestrator/pkg/topology/manager.go:991.2,994.6 2 0
github.com/ljluestc/orchestrator/pkg/topology/manager.go:994.6,995.10 1 0
github.com/ljluestc/orchestrator/pkg/topology/manager.go:996.34,997.73 1 0
github.com/ljluestc/orchestrator/pkg/topology/manager.go:997.73,1000.5 2 0
github.com/ljluestc/orchestrator/pkg/topology/manager.go:1001.26,1002.10 1 0
github.com/ljluestc/orchestrator/pkg/topology/manager.go:1007.67,1008.15 1 0
github.com/ljluestc/orchestrator/pkg/topology/manager.go:1008.15,1013.3 4 0
github.com/ljluestc/orchestrator/pkg/topology/manager.go:1015.2,1016.52 2 0
github.com/ljluestc/orchestrator/pkg/topology/manager.go:1016.52,1020.3 3 0
github.com/ljluestc/orchestrator/pkg/topology/manager.go:1022.2,1022.6 1 0
github.com/ljluestc/orchestrator/pkg/topology/manager.go:1022.6,1024.17 2 0
github.com/ljluestc/orchestrator/pkg/topology/manager.go:1024.17,1025.103 1 0
github.com/ljluestc/orchestrator/pkg/topology/manager.go:1025.103,1027.5 1 0
github.com/ljluestc/orchestrator/pkg/topology/manager.go:1028.4,1028.9 1 0
github.com/ljluestc/orchestrator/pkg/topology/manager.go:1033.91,1045.2 4 1
github.com/ljluestc/orchestrator/pkg/topology/manager.go:1047.64,1051.57 2 1
github.com/ljluestc/orchestrator/pkg/topology/manager.go:1051.57,1053.3 1 1
github.com/ljluestc/orchestrator/pkg/topology/manager.go:1056.2,1056.38 1 1
github.com/ljluestc/orchestrator/pkg/topology/manager.go:1056.38,1057.36 1 1
github.com/ljluestc/orchestrator/pkg/topology/manager.go:1057.36,1058.53 1 1
github.com/ljluestc/orchestrator/pkg/topology/manager.go:1058.53,1060.5 1 1
github.com/ljluestc/orchestrator/pkg/topology/manager.go:1064.2,1064.14 1 1
github.com/ljluestc/orchestrator/pkg/topology/manager.go:1067.66,1069.31 1 1
github.com/ljluestc/orchestrator/pkg/topology/manager.go:1069.31,1071.45 2 1
github.com/ljluestc/orchestrator/pkg/topology/manager.go:1071.45,1072.29 1 1
github.com/ljluestc/orchestrator/pkg/topology/manager.go:1072.29,1074.10 2 1
github.com/ljluestc/orchestrator/pkg/topology/manager.go:1077.3,1077.13 1 1
github.com/ljluestc/orchestrator/pkg/topology/manager.go:1077.13,1079.4 1 1
github.com/ljluestc/orchestrator/pkg/topology/manager.go:1083.2,1083.28 1 1
github.com/ljluestc/orchestrator/pkg/topology/manager.go:1083.28,1085.40 2 1
github.com/ljluestc/orchestrator/pkg/topology/manager.go:1085.40,1086.29 1 1
github.com/ljluestc/orchestrator/pkg/topology/manager.go:1086.29,1088.10 2 1
github.com/ljluestc/orchestrator/pkg/topology/manager.go:1091.3,1091.13 1 1
github.com/ljluestc/orchestrator/pkg/topology/manager.go:1091.13,1093.4 1 1
github.com/ljluestc/orchestrator/pkg/topology/manager.go:1097.2,1097.28 1 1
github.com/ljluestc/orchestrator/pkg/topology/manager.go:1097.28,1098.41 1 0
github.com/ljluestc/orchestrator/pkg/topology/manager.go:1098.41,1099.35 1 0
github.com/ljluestc/orchestrator/pkg/topology/manager.go:1099.35,1101.5 1 0
github.com/ljluestc/orchestrator/pkg/topology/manager.go:1106.2,1106.27 1 1
github.com/ljluestc/orchestrator/pkg/topology/manager.go:1106.27,1107.52 1 0
github.com/ljluestc/orchestrator/pkg/topology/manager.go:1107.52,1109.4 1 0
github.com/ljluestc/orchestrator/pkg/topology/manager.go:1112.2,1112.13 1 1
github.com/ljluestc/orchestrator/pkg/topology/manager.go:1115.87,1116.25 1 1
github.com/ljluestc/orchestrator/pkg/topology/manager.go:1116.25,1118.3 1 0
github.com/ljluestc/orchestrator/pkg/topology/manager.go:1121.2,1121.35 1 1
github.com/ljluestc/orchestrator/pkg/topology/manager.go:1121.35,1122.35 1 1
github.com/ljluestc/orchestrator/pkg/topology/manager.go:1122.35,1124.76 2 1
github.com/ljluestc/orchestrator/pkg/topology/manager.go:1124.76,1126.5 1 1
github.com/ljluestc/orchestrator/pkg/topology/manager.go:1131.2,1131.38 1 1
github.com/ljluestc/orchestrator/pkg/topology/manager.go:1131.38,1132.38 1 1
github.com/ljluestc/orchestrator/pkg/topology/manager.go:1132.38,1134.88 2 1
github.com/ljluestc/orchestrator/pkg/topology/manager.go:1134.88,1136.5 1 0
github.com/ljluestc/orchestrator/pkg/topology/manager.go:1141.2,1141.38 1 1
github.com/ljluestc/orchestrator/pkg/topology/manager.go:1141.38,1142.38 1 0
github.com/ljluestc/orchestrator/pkg/topology/manager.go:1142.38,1144.98 2 0
github.com/ljluestc/orchestrator/pkg/topology/manager.go:1144.98,1146.5 1 0
github.com/ljluestc/orchestrator/pkg/topology/manager.go:1150.2,1150.13 1 1
github.com/ljluestc/orchestrator/pkg/topology/manager.go:1154.73,1156.62 2 1
github.com/ljluestc/orchestrator/pkg/topology/manager.go:1156.62,1159.3 2 1
github.com/ljluestc/orchestrator/pkg/topology/manager.go:1162.2,1162.19 1 1
github.com/ljluestc/orchestrator/pkg/topology/manager.go:1162.19,1165.3 2 0
github.com/ljluestc/orchestrator/pkg/topology/manager.go:1167.2,1167.21 1 1
github.com/ljluestc/orchestrator/pkg/topology/manager.go:1167.21,1170.3 2 0
github.com/ljluestc/orchestrator/pkg/topology/manager.go:1173.2,1180.4 4 1
github.com/ljluestc/orchestrator/pkg/topology/manager.go:1184.73,1186.62 2 1
github.com/ljluestc/orchestrator/pkg/topology/manager.go:1186.62,1189.3 2 1
github.com/ljluestc/orchestrator/pkg/topology/manager.go:1192.2,1192.19 1 1
github.com/ljluestc/orchestrator/pkg/topology/manager.go:1192.19,1195.3 2 0
github.com/ljluestc/orchestrator/pkg/topology/manager.go:1197.2,1197.23 1 1
github.com/ljluestc/orchestrator/pkg/topology/manager.go:1197.23,1200.3 2 0
github.com/ljluestc/orchestrator/pkg/topology/manager.go:1202.2,1202.23 1 1
github.com/ljluestc/orchestrator/pkg/topology/manager.go:1202.23,1205.3 2 0
github.com/ljluestc/orchestrator/pkg/topology/manager.go:1208.2,1209.60 2 1
github.com/ljluestc/orchestrator/pkg/topology/manager.go:1209.60,1213.3 3 1
github.com/ljluestc/orchestrator/pkg/topology/manager.go:1214.2,1214.60 1 1
github.com/ljluestc/orchestrator/pkg/topology/manager.go:1214.60,1218.3 3 0
github.com/ljluestc/orchestrator/pkg/topology/manager.go:1219.2,1229.4 5 1
github.com/ljluestc/orchestrator/pkg/topology/manager.go:1232.72,1235.2 2 1
github.com/ljluestc/orchestrator/pkg/topology/manager.go:1238.57,1242.45 3 1
github.com/ljluestc/orchestrator/pkg/topology/manager.go:1242.45,1244.3 1 1
github.com/ljluestc/orchestrator/pkg/topology/manager.go:1245.2,1245.54 1 1
github.com/ljluestc/orchestrator/pkg/topology/manager.go:1249.57,1253.45 3 1
github.com/ljluestc/orchestrator/pkg/topology/manager.go:1253.45,1255.3 1 1
github.com/ljluestc/orchestrator/pkg/topology/manager.go:1256.2,1256.54 1 1
github.com/ljluestc/orchestrator/pkg/topology/manager.go:1260.39,1265.31 4 1
github.com/ljluestc/orchestrator/pkg/topology/manager.go:1265.31,1267.3 1 1
github.com/ljluestc/orchestrator/pkg/topology/manager.go:1268.2,1268.14 1 1
github.com/ljluestc/orchestrator/pkg/topology/manager.go:1272.60,1277.31 4 1
github.com/ljluestc/orchestrator/pkg/topology/manager.go:1277.31,1278.28 1 1
github.com/ljluestc/orchestrator/pkg/topology/manager.go:1278.28,1280.4 1 1
github.com/ljluestc/orchestrator/pkg/topology/manager.go:1282.2,1282.14 1 1
github.com/ljluestc/orchestrator/pkg/topology/manager.go:1286.60,1291.31 4 1
github.com/ljluestc/orchestrator/pkg/topology/manager.go:1291.31,1292.28 1 1
github.com/ljluestc/orchestrator/pkg/topology/manager.go:1292.28,1294.4 1 1
github.com/ljluestc/orchestrator/pkg/topology/manager.go:1296.2,1296.14 1 1
github.com/ljluestc/orchestrator/pkg/topology/manager.go:1300.39,1305.31 4 1
github.com/ljluestc/orchestrator/pkg/topology/manager.go:1305.31,1307.3 1 1
github.com/ljluestc/orchestrator/pkg/topology/manager.go:1308.2,1308.14 1 1
github.com/ljluestc/orchestrator/pkg/topology/manager.go:1312.60,1317.31 4 1
github.com/ljluestc/orchestrator/pkg/topology/manager.go:1317.31,1318.28 1 1
github.com/ljluestc/orchestrator/pkg/topology/manager.go:1318.28,1320.4 1 1
github.com/ljluestc/orchestrator/pkg/topology/manager.go:1322.2,1322.14 1 1
github.com/ljluestc/orchestrator/pkg/topology/manager.go:1326.62,1331.31 4 1
github.com/ljluestc/orchestrator/pkg/topology/manager.go:1331.31,1332.30 1 1
github.com/ljluestc/orchestrator/pkg/topology/manager.go:1332.30,1334.4 1 1
github.com/ljluestc/orchestrator/pkg/topology/manager.go:1336.2,1336.14 1 1
github.com/ljluestc/orchestrator/pkg/topology/manager.go:1340.62,1345.31 4 1
github.com/ljluestc/orchestrator/pkg/topology/manager.go:1345.31,1346.30 1 1
github.com/ljluestc/orchestrator/pkg/topology/manager.go:1346.30,1348.4 1 1
github.com/ljluestc/orchestrator/pkg/topology/manager.go:1350.2,1350.14 1 1
github.com/ljluestc/orchestrator/pkg/topology/manager.go:1354.53,1361.31 5 1
github.com/ljluestc/orchestrator/pkg/topology/manager.go:1361.31,1363.63 1 1
github.com/ljluestc/orchestrator/pkg/topology/manager.go:1363.63,1365.12 2 1
github.com/ljluestc/orchestrator/pkg/topology/manager.go:1369.3,1369.63 1 1
github.com/ljluestc/orchestrator/pkg/topology/manager.go:1369.63,1371.12 2 1
github.com/ljluestc/orchestrator/pkg/topology/manager.go:1375.3,1375.65 1 1
github.com/ljluestc/orchestrator/pkg/topology/manager.go:1375.65,1377.12 2 1
github.com/ljluestc/orchestrator/pkg/topology/manager.go:1381.3,1381.39 1 1
github.com/ljluestc/orchestrator/pkg/topology/manager.go:1381.39,1382.37 1 0
github.com/ljluestc/orchestrator/pkg/topology/manager.go:1382.37,1383.59 1 0
github.com/ljluestc/orchestrator/pkg/topology/manager.go:1383.59,1385.11 2 0
github.com/ljluestc/orchestrator/pkg/topology/manager.go:1390.2,1390.14 1 1
github.com/ljluestc/orchestrator/pkg/topology/manager.go:1394.42,1395.17 1 1
github.com/ljluestc/orchestrator/pkg/topology/manager.go:1395.17,1397.3 1 0
github.com/ljluestc/orchestrator/pkg/topology/manager.go:1399.2,1399.19 1 1
github.com/ljluestc/orchestrator/pkg/topology/manager.go:1399.19,1401.3 1 0
github.com/ljluestc/orchestrator/pkg/topology/manager.go:1403.2,1407.25 4 1
github.com/ljluestc/orchestrator/pkg/topology/manager.go:1411.57,1415.45 3 1
github.com/ljluestc/orchestrator/pkg/topology/manager.go:1415.45,1417.3 1 1
github.com/ljluestc/orchestrator/pkg/topology/manager.go:1418.2,1418.54 1 1
